mode: set
github.com/raf-si-2025/banka-1-go/saga-orchestrator-service/internal/rabbit/conn.go:18.38,20.16 2 0
github.com/raf-si-2025/banka-1-go/saga-orchestrator-service/internal/rabbit/conn.go:20.16,22.3 1 0
github.com/raf-si-2025/banka-1-go/saga-orchestrator-service/internal/rabbit/conn.go:23.2,23.31 1 0
github.com/raf-si-2025/banka-1-go/saga-orchestrator-service/internal/rabbit/conn.go:27.49,29.16 2 0
github.com/raf-si-2025/banka-1-go/saga-orchestrator-service/internal/rabbit/conn.go:29.16,31.3 1 0
github.com/raf-si-2025/banka-1-go/saga-orchestrator-service/internal/rabbit/conn.go:32.2,32.16 1 0
github.com/raf-si-2025/banka-1-go/saga-orchestrator-service/internal/rabbit/conn.go:36.30,38.2 1 0
github.com/raf-si-2025/banka-1-go/saga-orchestrator-service/internal/rabbit/listener.go:32.112,40.2 1 0
github.com/raf-si-2025/banka-1-go/saga-orchestrator-service/internal/rabbit/listener.go:45.51,55.16 2 0
github.com/raf-si-2025/banka-1-go/saga-orchestrator-service/internal/rabbit/listener.go:55.16,57.3 1 0
github.com/raf-si-2025/banka-1-go/saga-orchestrator-service/internal/rabbit/listener.go:59.2,61.6 2 0
github.com/raf-si-2025/banka-1-go/saga-orchestrator-service/internal/rabbit/listener.go:61.6,62.10 1 0
github.com/raf-si-2025/banka-1-go/saga-orchestrator-service/internal/rabbit/listener.go:63.21,65.14 2 0
github.com/raf-si-2025/banka-1-go/saga-orchestrator-service/internal/rabbit/listener.go:66.26,67.11 1 0
github.com/raf-si-2025/banka-1-go/saga-orchestrator-service/internal/rabbit/listener.go:67.11,70.5 2 0
github.com/raf-si-2025/banka-1-go/saga-orchestrator-service/internal/rabbit/listener.go:71.4,71.24 1 0
github.com/raf-si-2025/banka-1-go/saga-orchestrator-service/internal/rabbit/listener.go:77.69,79.16 2 0
github.com/raf-si-2025/banka-1-go/saga-orchestrator-service/internal/rabbit/listener.go:79.16,87.3 3 0
github.com/raf-si-2025/banka-1-go/saga-orchestrator-service/internal/rabbit/listener.go:89.2,89.48 1 0
github.com/raf-si-2025/banka-1-go/saga-orchestrator-service/internal/rabbit/listener.go:89.48,97.3 3 0
github.com/raf-si-2025/banka-1-go/saga-orchestrator-service/internal/rabbit/listener.go:99.2,99.39 1 0
github.com/raf-si-2025/banka-1-go/saga-orchestrator-service/internal/rabbit/listener.go:99.39,104.3 1 0
github.com/raf-si-2025/banka-1-go/saga-orchestrator-service/internal/rabbit/publisher.go:18.48,20.2 1 0
github.com/raf-si-2025/banka-1-go/saga-orchestrator-service/internal/rabbit/publisher.go:26.86,38.16 2 0
github.com/raf-si-2025/banka-1-go/saga-orchestrator-service/internal/rabbit/publisher.go:38.16,40.3 1 0
github.com/raf-si-2025/banka-1-go/saga-orchestrator-service/internal/rabbit/publisher.go:41.2,41.12 1 0
github.com/raf-si-2025/banka-1-go/saga-orchestrator-service/internal/rabbit/topology.go:95.48,100.16 1 1
github.com/raf-si-2025/banka-1-go/saga-orchestrator-service/internal/rabbit/topology.go:100.16,102.3 1 0
github.com/raf-si-2025/banka-1-go/saga-orchestrator-service/internal/rabbit/topology.go:105.2,108.16 1 1
github.com/raf-si-2025/banka-1-go/saga-orchestrator-service/internal/rabbit/topology.go:108.16,110.3 1 0
github.com/raf-si-2025/banka-1-go/saga-orchestrator-service/internal/rabbit/topology.go:114.2,118.36 2 1
github.com/raf-si-2025/banka-1-go/saga-orchestrator-service/internal/rabbit/topology.go:118.36,122.17 1 1
github.com/raf-si-2025/banka-1-go/saga-orchestrator-service/internal/rabbit/topology.go:122.17,124.4 1 0
github.com/raf-si-2025/banka-1-go/saga-orchestrator-service/internal/rabbit/topology.go:125.3,128.17 1 1
github.com/raf-si-2025/banka-1-go/saga-orchestrator-service/internal/rabbit/topology.go:128.17,130.4 1 0
github.com/raf-si-2025/banka-1-go/saga-orchestrator-service/internal/rabbit/topology.go:133.2,133.12 1 1
github.com/raf-si-2025/banka-1-go/saga-orchestrator-service/internal/scheduler/cleanup.go:77.14,84.2 1 0
github.com/raf-si-2025/banka-1-go/saga-orchestrator-service/internal/scheduler/cleanup.go:94.14,102.2 1 1
github.com/raf-si-2025/banka-1-go/saga-orchestrator-service/internal/scheduler/cleanup.go:108.52,118.6 4 1
github.com/raf-si-2025/banka-1-go/saga-orchestrator-service/internal/scheduler/cleanup.go:118.6,119.10 1 1
github.com/raf-si-2025/banka-1-go/saga-orchestrator-service/internal/scheduler/cleanup.go:120.21,122.14 2 1
github.com/raf-si-2025/banka-1-go/saga-orchestrator-service/internal/scheduler/cleanup.go:123.19,124.15 1 1
github.com/raf-si-2025/banka-1-go/saga-orchestrator-service/internal/scheduler/cleanup.go:130.47,133.2 2 1
github.com/raf-si-2025/banka-1-go/saga-orchestrator-service/internal/scheduler/cleanup.go:137.53,142.16 4 1
github.com/raf-si-2025/banka-1-go/saga-orchestrator-service/internal/scheduler/cleanup.go:142.16,145.3 2 0
github.com/raf-si-2025/banka-1-go/saga-orchestrator-service/internal/scheduler/cleanup.go:147.2,147.29 1 1
github.com/raf-si-2025/banka-1-go/saga-orchestrator-service/internal/scheduler/cleanup.go:147.29,159.3 2 1
github.com/raf-si-2025/banka-1-go/saga-orchestrator-service/internal/scheduler/cleanup.go:161.2,161.20 1 1
github.com/raf-si-2025/banka-1-go/saga-orchestrator-service/internal/scheduler/cleanup.go:161.20,163.3 1 1
github.com/raf-si-2025/banka-1-go/saga-orchestrator-service/internal/scheduler/cleanup.go:170.64,171.43 1 1
github.com/raf-si-2025/banka-1-go/saga-orchestrator-service/internal/scheduler/cleanup.go:171.43,174.3 1 1
github.com/raf-si-2025/banka-1-go/saga-orchestrator-service/internal/scheduler/cleanup.go:176.2,182.16 3 0
github.com/raf-si-2025/banka-1-go/saga-orchestrator-service/internal/scheduler/cleanup.go:182.16,183.31 1 0
github.com/raf-si-2025/banka-1-go/saga-orchestrator-service/internal/scheduler/cleanup.go:183.31,189.4 3 0
github.com/raf-si-2025/banka-1-go/saga-orchestrator-service/internal/scheduler/cleanup.go:190.3,191.9 2 0
github.com/raf-si-2025/banka-1-go/saga-orchestrator-service/internal/scheduler/cleanup.go:194.2,195.17 2 0
github.com/raf-si-2025/banka-1-go/saga-orchestrator-service/internal/scheduler/cleanup.go:195.17,197.3 1 0
github.com/raf-si-2025/banka-1-go/saga-orchestrator-service/internal/scheduler/cleanup.go:202.42,205.17 2 0
github.com/raf-si-2025/banka-1-go/saga-orchestrator-service/internal/scheduler/cleanup.go:205.17,206.41 1 0
github.com/raf-si-2025/banka-1-go/saga-orchestrator-service/internal/scheduler/cleanup.go:206.41,208.9 2 0
github.com/raf-si-2025/banka-1-go/saga-orchestrator-service/internal/scheduler/cleanup.go:211.3,212.35 2 0
github.com/raf-si-2025/banka-1-go/saga-orchestrator-service/internal/scheduler/cleanup.go:212.35,214.4 1 0
github.com/raf-si-2025/banka-1-go/saga-orchestrator-service/internal/scheduler/cleanup.go:214.9,215.9 1 0
github.com/raf-si-2025/banka-1-go/saga-orchestrator-service/internal/scheduler/cleanup.go:218.2,218.64 1 0
github.com/raf-si-2025/banka-1-go/saga-orchestrator-service/internal/scheduler/cleanup.go:223.25,223.46 1 1
github.com/raf-si-2025/banka-1-go/saga-orchestrator-service/internal/scheduler/cleanup.go:226.24,226.42 1 1
github.com/raf-si-2025/banka-1-go/saga-orchestrator-service/internal/saga/fund_liquidation.go:32.130,37.16 4 1
github.com/raf-si-2025/banka-1-go/saga-orchestrator-service/internal/saga/fund_liquidation.go:37.16,39.3 1 0
github.com/raf-si-2025/banka-1-go/saga-orchestrator-service/internal/saga/fund_liquidation.go:40.2,40.12 1 1
github.com/raf-si-2025/banka-1-go/saga-orchestrator-service/internal/saga/fund_liquidation.go:40.12,41.24 1 1
github.com/raf-si-2025/banka-1-go/saga-orchestrator-service/internal/saga/fund_liquidation.go:41.24,45.4 2 1
github.com/raf-si-2025/banka-1-go/saga-orchestrator-service/internal/saga/fund_liquidation.go:48.3,49.56 1 0
github.com/raf-si-2025/banka-1-go/saga-orchestrator-service/internal/saga/fund_liquidation.go:52.2,52.50 1 1
github.com/raf-si-2025/banka-1-go/saga-orchestrator-service/internal/saga/fund_liquidation.go:52.50,54.3 1 0
github.com/raf-si-2025/banka-1-go/saga-orchestrator-service/internal/saga/fund_liquidation.go:56.2,63.19 4 1
github.com/raf-si-2025/banka-1-go/saga-orchestrator-service/internal/saga/fund_liquidation.go:63.19,75.3 6 1
github.com/raf-si-2025/banka-1-go/saga-orchestrator-service/internal/saga/fund_liquidation.go:76.2,77.54 2 1
github.com/raf-si-2025/banka-1-go/saga-orchestrator-service/internal/saga/fund_liquidation.go:77.54,82.3 2 0
github.com/raf-si-2025/banka-1-go/saga-orchestrator-service/internal/saga/fund_liquidation.go:83.2,94.16 4 1
github.com/raf-si-2025/banka-1-go/saga-orchestrator-service/internal/saga/fund_liquidation.go:94.16,112.3 7 1
github.com/raf-si-2025/banka-1-go/saga-orchestrator-service/internal/saga/fund_liquidation.go:113.2,114.81 2 1
github.com/raf-si-2025/banka-1-go/saga-orchestrator-service/internal/saga/fund_liquidation.go:114.81,116.3 1 0
github.com/raf-si-2025/banka-1-go/saga-orchestrator-service/internal/saga/fund_liquidation.go:118.2,131.12 3 1
github.com/raf-si-2025/banka-1-go/saga-orchestrator-service/internal/saga/fund_redeem.go:25.100,30.16 4 1
github.com/raf-si-2025/banka-1-go/saga-orchestrator-service/internal/saga/fund_redeem.go:30.16,32.3 1 0
github.com/raf-si-2025/banka-1-go/saga-orchestrator-service/internal/saga/fund_redeem.go:33.2,33.12 1 1
github.com/raf-si-2025/banka-1-go/saga-orchestrator-service/internal/saga/fund_redeem.go:33.12,34.24 1 0
github.com/raf-si-2025/banka-1-go/saga-orchestrator-service/internal/saga/fund_redeem.go:34.24,38.4 2 0
github.com/raf-si-2025/banka-1-go/saga-orchestrator-service/internal/saga/fund_redeem.go:41.3,42.56 1 0
github.com/raf-si-2025/banka-1-go/saga-orchestrator-service/internal/saga/fund_redeem.go:45.2,45.50 1 1
github.com/raf-si-2025/banka-1-go/saga-orchestrator-service/internal/saga/fund_redeem.go:45.50,47.3 1 0
github.com/raf-si-2025/banka-1-go/saga-orchestrator-service/internal/saga/fund_redeem.go:48.2,55.16 3 1
github.com/raf-si-2025/banka-1-go/saga-orchestrator-service/internal/saga/fund_redeem.go:55.16,65.3 5 1
github.com/raf-si-2025/banka-1-go/saga-orchestrator-service/internal/saga/fund_redeem.go:67.2,68.81 2 1
github.com/raf-si-2025/banka-1-go/saga-orchestrator-service/internal/saga/fund_redeem.go:68.81,70.3 1 0
github.com/raf-si-2025/banka-1-go/saga-orchestrator-service/internal/saga/fund_redeem.go:72.2,80.12 3 1
github.com/raf-si-2025/banka-1-go/saga-orchestrator-service/internal/saga/fund_subscribe.go:24.106,29.16 4 1
github.com/raf-si-2025/banka-1-go/saga-orchestrator-service/internal/saga/fund_subscribe.go:29.16,31.3 1 0
github.com/raf-si-2025/banka-1-go/saga-orchestrator-service/internal/saga/fund_subscribe.go:32.2,32.12 1 1
github.com/raf-si-2025/banka-1-go/saga-orchestrator-service/internal/saga/fund_subscribe.go:32.12,33.24 1 1
github.com/raf-si-2025/banka-1-go/saga-orchestrator-service/internal/saga/fund_subscribe.go:33.24,37.4 2 1
github.com/raf-si-2025/banka-1-go/saga-orchestrator-service/internal/saga/fund_subscribe.go:40.3,41.56 1 0
github.com/raf-si-2025/banka-1-go/saga-orchestrator-service/internal/saga/fund_subscribe.go:44.2,44.50 1 1
github.com/raf-si-2025/banka-1-go/saga-orchestrator-service/internal/saga/fund_subscribe.go:44.50,46.3 1 0
github.com/raf-si-2025/banka-1-go/saga-orchestrator-service/internal/saga/fund_subscribe.go:47.2,54.16 3 1
github.com/raf-si-2025/banka-1-go/saga-orchestrator-service/internal/saga/fund_subscribe.go:54.16,64.3 5 1
github.com/raf-si-2025/banka-1-go/saga-orchestrator-service/internal/saga/fund_subscribe.go:66.2,67.81 2 1
github.com/raf-si-2025/banka-1-go/saga-orchestrator-service/internal/saga/fund_subscribe.go:67.81,70.3 1 0
github.com/raf-si-2025/banka-1-go/saga-orchestrator-service/internal/saga/fund_subscribe.go:72.2,81.12 3 1
github.com/raf-si-2025/banka-1-go/saga-orchestrator-service/internal/saga/orchestrator.go:100.17,109.2 1 1
github.com/raf-si-2025/banka-1-go/saga-orchestrator-service/internal/saga/orchestrator.go:121.17,123.2 1 1
github.com/raf-si-2025/banka-1-go/saga-orchestrator-service/internal/saga/orchestrator.go:145.28,150.2 1 1
github.com/raf-si-2025/banka-1-go/saga-orchestrator-service/internal/saga/orchestrator.go:152.60,154.2 1 1
github.com/raf-si-2025/banka-1-go/saga-orchestrator-service/internal/saga/orchestrator.go:156.41,159.2 2 1
github.com/raf-si-2025/banka-1-go/saga-orchestrator-service/internal/saga/orchestrator.go:161.42,162.17 1 1
github.com/raf-si-2025/banka-1-go/saga-orchestrator-service/internal/saga/orchestrator.go:162.17,164.3 1 1
github.com/raf-si-2025/banka-1-go/saga-orchestrator-service/internal/saga/orchestrator.go:165.2,166.46 2 0
github.com/raf-si-2025/banka-1-go/saga-orchestrator-service/internal/saga/orchestrator.go:166.46,168.3 1 0
github.com/raf-si-2025/banka-1-go/saga-orchestrator-service/internal/saga/orchestrator.go:169.2,169.19 1 0
github.com/raf-si-2025/banka-1-go/saga-orchestrator-service/internal/saga/orchestrator.go:169.19,171.3 1 0
github.com/raf-si-2025/banka-1-go/saga-orchestrator-service/internal/saga/orchestrator.go:172.2,172.25 1 0
github.com/raf-si-2025/banka-1-go/saga-orchestrator-service/internal/saga/orchestrator.go:172.25,174.3 1 0
github.com/raf-si-2025/banka-1-go/saga-orchestrator-service/internal/saga/orchestrator.go:175.2,175.11 1 0
github.com/raf-si-2025/banka-1-go/saga-orchestrator-service/internal/saga/orchestrator.go:179.102,182.2 2 1
github.com/raf-si-2025/banka-1-go/saga-orchestrator-service/internal/saga/orchestrator.go:201.38,203.16 2 1
github.com/raf-si-2025/banka-1-go/saga-orchestrator-service/internal/saga/orchestrator.go:203.16,205.3 1 0
github.com/raf-si-2025/banka-1-go/saga-orchestrator-service/internal/saga/orchestrator.go:206.2,206.21 1 1
github.com/raf-si-2025/banka-1-go/saga-orchestrator-service/internal/saga/orchestrator.go:206.21,208.3 1 1
github.com/raf-si-2025/banka-1-go/saga-orchestrator-service/internal/saga/orchestrator.go:209.2,217.50 2 1
github.com/raf-si-2025/banka-1-go/saga-orchestrator-service/internal/saga/orchestrator.go:217.50,218.45 1 0
github.com/raf-si-2025/banka-1-go/saga-orchestrator-service/internal/saga/orchestrator.go:218.45,222.4 2 0
github.com/raf-si-2025/banka-1-go/saga-orchestrator-service/internal/saga/orchestrator.go:223.3,223.25 1 0
github.com/raf-si-2025/banka-1-go/saga-orchestrator-service/internal/saga/orchestrator.go:225.2,225.24 1 1
github.com/raf-si-2025/banka-1-go/saga-orchestrator-service/internal/saga/orchestrator.go:229.90,232.2 2 1
github.com/raf-si-2025/banka-1-go/saga-orchestrator-service/internal/saga/orchestrator.go:235.45,236.17 1 1
github.com/raf-si-2025/banka-1-go/saga-orchestrator-service/internal/saga/orchestrator.go:236.17,238.3 1 0
github.com/raf-si-2025/banka-1-go/saga-orchestrator-service/internal/saga/orchestrator.go:239.2,240.10 2 1
github.com/raf-si-2025/banka-1-go/saga-orchestrator-service/internal/saga/orchestrator.go:244.47,245.17 1 0
github.com/raf-si-2025/banka-1-go/saga-orchestrator-service/internal/saga/orchestrator.go:245.17,247.3 1 0
github.com/raf-si-2025/banka-1-go/saga-orchestrator-service/internal/saga/orchestrator.go:248.2,249.46 2 0
github.com/raf-si-2025/banka-1-go/saga-orchestrator-service/internal/saga/orchestrator.go:249.46,251.3 1 0
github.com/raf-si-2025/banka-1-go/saga-orchestrator-service/internal/saga/orchestrator.go:252.2,252.10 1 0
github.com/raf-si-2025/banka-1-go/saga-orchestrator-service/internal/saga/orchestrator.go:260.86,261.25 1 1
github.com/raf-si-2025/banka-1-go/saga-orchestrator-service/internal/saga/orchestrator.go:261.25,263.3 1 1
github.com/raf-si-2025/banka-1-go/saga-orchestrator-service/internal/saga/orchestrator.go:264.2,264.23 1 1
github.com/raf-si-2025/banka-1-go/saga-orchestrator-service/internal/saga/orchestrator.go:265.22,267.60 2 1
github.com/raf-si-2025/banka-1-go/saga-orchestrator-service/internal/saga/orchestrator.go:267.60,269.4 1 1
github.com/raf-si-2025/banka-1-go/saga-orchestrator-service/internal/saga/orchestrator.go:270.3,270.39 1 1
github.com/raf-si-2025/banka-1-go/saga-orchestrator-service/internal/saga/orchestrator.go:271.30,273.60 2 1
github.com/raf-si-2025/banka-1-go/saga-orchestrator-service/internal/saga/orchestrator.go:273.60,275.4 1 1
github.com/raf-si-2025/banka-1-go/saga-orchestrator-service/internal/saga/orchestrator.go:276.3,276.46 1 1
github.com/raf-si-2025/banka-1-go/saga-orchestrator-service/internal/saga/orchestrator.go:277.24,279.60 2 1
github.com/raf-si-2025/banka-1-go/saga-orchestrator-service/internal/saga/orchestrator.go:279.60,281.4 1 1
github.com/raf-si-2025/banka-1-go/saga-orchestrator-service/internal/saga/orchestrator.go:282.3,282.41 1 1
github.com/raf-si-2025/banka-1-go/saga-orchestrator-service/internal/saga/orchestrator.go:283.21,285.60 2 1
github.com/raf-si-2025/banka-1-go/saga-orchestrator-service/internal/saga/orchestrator.go:285.60,287.4 1 1
github.com/raf-si-2025/banka-1-go/saga-orchestrator-service/internal/saga/orchestrator.go:288.3,288.38 1 1
github.com/raf-si-2025/banka-1-go/saga-orchestrator-service/internal/saga/orchestrator.go:289.41,291.60 2 1
github.com/raf-si-2025/banka-1-go/saga-orchestrator-service/internal/saga/orchestrator.go:291.60,293.4 1 1
github.com/raf-si-2025/banka-1-go/saga-orchestrator-service/internal/saga/orchestrator.go:294.3,294.53 1 1
github.com/raf-si-2025/banka-1-go/saga-orchestrator-service/internal/saga/orchestrator.go:295.10,296.69 1 1
github.com/raf-si-2025/banka-1-go/saga-orchestrator-service/internal/saga/orchestrator.go:303.83,305.16 2 1
github.com/raf-si-2025/banka-1-go/saga-orchestrator-service/internal/saga/orchestrator.go:305.16,308.3 2 0
github.com/raf-si-2025/banka-1-go/saga-orchestrator-service/internal/saga/orchestrator.go:309.2,309.64 1 1
github.com/raf-si-2025/banka-1-go/saga-orchestrator-service/internal/saga/orchestrator.go:309.64,311.3 1 0
github.com/raf-si-2025/banka-1-go/saga-orchestrator-service/internal/saga/orchestrator.go:315.108,318.2 2 1
github.com/raf-si-2025/banka-1-go/saga-orchestrator-service/internal/saga/orchestrator.go:321.127,325.2 3 1
github.com/raf-si-2025/banka-1-go/saga-orchestrator-service/internal/saga/otc_exercise.go:32.102,38.16 5 1
github.com/raf-si-2025/banka-1-go/saga-orchestrator-service/internal/saga/otc_exercise.go:38.16,40.3 1 0
github.com/raf-si-2025/banka-1-go/saga-orchestrator-service/internal/saga/otc_exercise.go:42.2,42.12 1 1
github.com/raf-si-2025/banka-1-go/saga-orchestrator-service/internal/saga/otc_exercise.go:42.12,43.24 1 1
github.com/raf-si-2025/banka-1-go/saga-orchestrator-service/internal/saga/otc_exercise.go:43.24,47.4 2 1
github.com/raf-si-2025/banka-1-go/saga-orchestrator-service/internal/saga/otc_exercise.go:48.3,48.46 1 1
github.com/raf-si-2025/banka-1-go/saga-orchestrator-service/internal/saga/otc_exercise.go:48.46,57.4 2 1
github.com/raf-si-2025/banka-1-go/saga-orchestrator-service/internal/saga/otc_exercise.go:57.9,61.4 2 0
github.com/raf-si-2025/banka-1-go/saga-orchestrator-service/internal/saga/otc_exercise.go:64.2,65.25 2 1
github.com/raf-si-2025/banka-1-go/saga-orchestrator-service/internal/saga/otc_exercise.go:65.25,67.3 1 0
github.com/raf-si-2025/banka-1-go/saga-orchestrator-service/internal/saga/otc_exercise.go:68.2,70.50 2 1
github.com/raf-si-2025/banka-1-go/saga-orchestrator-service/internal/saga/otc_exercise.go:70.50,72.3 1 1
github.com/raf-si-2025/banka-1-go/saga-orchestrator-service/internal/saga/otc_exercise.go:74.2,76.16 3 1
github.com/raf-si-2025/banka-1-go/saga-orchestrator-service/internal/saga/otc_exercise.go:76.16,80.3 2 1
github.com/raf-si-2025/banka-1-go/saga-orchestrator-service/internal/saga/otc_exercise.go:82.2,88.53 3 1
github.com/raf-si-2025/banka-1-go/saga-orchestrator-service/internal/saga/otc_exercise.go:88.53,90.3 1 0
github.com/raf-si-2025/banka-1-go/saga-orchestrator-service/internal/saga/otc_exercise.go:91.2,91.62 1 1
github.com/raf-si-2025/banka-1-go/saga-orchestrator-service/internal/saga/otc_exercise.go:91.62,94.3 2 0
github.com/raf-si-2025/banka-1-go/saga-orchestrator-service/internal/saga/otc_exercise.go:95.2,96.85 2 1
github.com/raf-si-2025/banka-1-go/saga-orchestrator-service/internal/saga/otc_exercise.go:96.85,101.3 3 0
github.com/raf-si-2025/banka-1-go/saga-orchestrator-service/internal/saga/otc_exercise.go:102.2,102.16 1 1
github.com/raf-si-2025/banka-1-go/saga-orchestrator-service/internal/saga/otc_exercise.go:102.16,105.3 2 1
github.com/raf-si-2025/banka-1-go/saga-orchestrator-service/internal/saga/otc_exercise.go:106.2,108.53 3 1
github.com/raf-si-2025/banka-1-go/saga-orchestrator-service/internal/saga/otc_exercise.go:108.53,111.3 2 1
github.com/raf-si-2025/banka-1-go/saga-orchestrator-service/internal/saga/otc_exercise.go:112.2,118.53 3 1
github.com/raf-si-2025/banka-1-go/saga-orchestrator-service/internal/saga/otc_exercise.go:118.53,120.3 1 0
github.com/raf-si-2025/banka-1-go/saga-orchestrator-service/internal/saga/otc_exercise.go:121.2,121.62 1 1
github.com/raf-si-2025/banka-1-go/saga-orchestrator-service/internal/saga/otc_exercise.go:121.62,124.3 2 0
github.com/raf-si-2025/banka-1-go/saga-orchestrator-service/internal/saga/otc_exercise.go:125.2,126.85 2 1
github.com/raf-si-2025/banka-1-go/saga-orchestrator-service/internal/saga/otc_exercise.go:126.85,130.3 3 0
github.com/raf-si-2025/banka-1-go/saga-orchestrator-service/internal/saga/otc_exercise.go:131.2,131.16 1 1
github.com/raf-si-2025/banka-1-go/saga-orchestrator-service/internal/saga/otc_exercise.go:131.16,134.3 2 1
github.com/raf-si-2025/banka-1-go/saga-orchestrator-service/internal/saga/otc_exercise.go:135.2,137.53 3 1
github.com/raf-si-2025/banka-1-go/saga-orchestrator-service/internal/saga/otc_exercise.go:137.53,141.3 3 1
github.com/raf-si-2025/banka-1-go/saga-orchestrator-service/internal/saga/otc_exercise.go:142.2,148.53 3 1
github.com/raf-si-2025/banka-1-go/saga-orchestrator-service/internal/saga/otc_exercise.go:148.53,150.3 1 0
github.com/raf-si-2025/banka-1-go/saga-orchestrator-service/internal/saga/otc_exercise.go:151.2,151.62 1 1
github.com/raf-si-2025/banka-1-go/saga-orchestrator-service/internal/saga/otc_exercise.go:151.62,154.3 2 1
github.com/raf-si-2025/banka-1-go/saga-orchestrator-service/internal/saga/otc_exercise.go:155.2,155.78 1 1
github.com/raf-si-2025/banka-1-go/saga-orchestrator-service/internal/saga/otc_exercise.go:155.78,159.3 2 0
github.com/raf-si-2025/banka-1-go/saga-orchestrator-service/internal/saga/otc_exercise.go:160.2,161.16 2 1
github.com/raf-si-2025/banka-1-go/saga-orchestrator-service/internal/saga/otc_exercise.go:161.16,165.3 2 0
github.com/raf-si-2025/banka-1-go/saga-orchestrator-service/internal/saga/otc_exercise.go:166.2,167.16 2 1
github.com/raf-si-2025/banka-1-go/saga-orchestrator-service/internal/saga/otc_exercise.go:167.16,171.3 2 0
github.com/raf-si-2025/banka-1-go/saga-orchestrator-service/internal/saga/otc_exercise.go:172.2,173.85 2 1
github.com/raf-si-2025/banka-1-go/saga-orchestrator-service/internal/saga/otc_exercise.go:173.85,177.3 3 0
github.com/raf-si-2025/banka-1-go/saga-orchestrator-service/internal/saga/otc_exercise.go:178.2,178.16 1 1
github.com/raf-si-2025/banka-1-go/saga-orchestrator-service/internal/saga/otc_exercise.go:178.16,182.3 2 0
github.com/raf-si-2025/banka-1-go/saga-orchestrator-service/internal/saga/otc_exercise.go:183.2,185.53 3 1
github.com/raf-si-2025/banka-1-go/saga-orchestrator-service/internal/saga/otc_exercise.go:185.53,189.3 3 1
github.com/raf-si-2025/banka-1-go/saga-orchestrator-service/internal/saga/otc_exercise.go:190.2,196.53 3 1
github.com/raf-si-2025/banka-1-go/saga-orchestrator-service/internal/saga/otc_exercise.go:196.53,198.3 1 0
github.com/raf-si-2025/banka-1-go/saga-orchestrator-service/internal/saga/otc_exercise.go:199.2,199.62 1 1
github.com/raf-si-2025/banka-1-go/saga-orchestrator-service/internal/saga/otc_exercise.go:199.62,202.3 2 1
github.com/raf-si-2025/banka-1-go/saga-orchestrator-service/internal/saga/otc_exercise.go:203.2,204.85 2 1
github.com/raf-si-2025/banka-1-go/saga-orchestrator-service/internal/saga/otc_exercise.go:204.85,208.3 3 0
github.com/raf-si-2025/banka-1-go/saga-orchestrator-service/internal/saga/otc_exercise.go:209.2,209.16 1 1
github.com/raf-si-2025/banka-1-go/saga-orchestrator-service/internal/saga/otc_exercise.go:209.16,213.3 2 1
github.com/raf-si-2025/banka-1-go/saga-orchestrator-service/internal/saga/otc_exercise.go:214.2,216.53 3 1
github.com/raf-si-2025/banka-1-go/saga-orchestrator-service/internal/saga/otc_exercise.go:216.53,221.3 4 1
github.com/raf-si-2025/banka-1-go/saga-orchestrator-service/internal/saga/otc_exercise.go:222.2,228.53 3 1
github.com/raf-si-2025/banka-1-go/saga-orchestrator-service/internal/saga/otc_exercise.go:228.53,230.3 1 0
github.com/raf-si-2025/banka-1-go/saga-orchestrator-service/internal/saga/otc_exercise.go:231.2,231.62 1 1
github.com/raf-si-2025/banka-1-go/saga-orchestrator-service/internal/saga/otc_exercise.go:231.62,234.3 2 1
github.com/raf-si-2025/banka-1-go/saga-orchestrator-service/internal/saga/otc_exercise.go:235.2,235.132 1 1
github.com/raf-si-2025/banka-1-go/saga-orchestrator-service/internal/saga/otc_exercise.go:235.132,236.33 1 1
github.com/raf-si-2025/banka-1-go/saga-orchestrator-service/internal/saga/otc_exercise.go:236.33,240.4 3 0
github.com/raf-si-2025/banka-1-go/saga-orchestrator-service/internal/saga/otc_exercise.go:242.2,242.71 1 1
github.com/raf-si-2025/banka-1-go/saga-orchestrator-service/internal/saga/otc_exercise.go:242.71,245.3 2 0
github.com/raf-si-2025/banka-1-go/saga-orchestrator-service/internal/saga/otc_exercise.go:246.2,254.60 5 1
github.com/raf-si-2025/banka-1-go/saga-orchestrator-service/internal/saga/otc_exercise.go:254.60,256.3 1 0
github.com/raf-si-2025/banka-1-go/saga-orchestrator-service/internal/saga/otc_exercise.go:257.2,259.12 3 1
github.com/raf-si-2025/banka-1-go/saga-orchestrator-service/internal/saga/otc_exercise.go:272.9,284.25 6 1
github.com/raf-si-2025/banka-1-go/saga-orchestrator-service/internal/saga/otc_exercise.go:284.25,286.3 1 0
github.com/raf-si-2025/banka-1-go/saga-orchestrator-service/internal/saga/otc_exercise.go:288.2,291.56 2 1
github.com/raf-si-2025/banka-1-go/saga-orchestrator-service/internal/saga/otc_exercise.go:291.56,292.67 1 1
github.com/raf-si-2025/banka-1-go/saga-orchestrator-service/internal/saga/otc_exercise.go:292.67,294.4 1 1
github.com/raf-si-2025/banka-1-go/saga-orchestrator-service/internal/saga/otc_exercise.go:294.6,296.4 1 0
github.com/raf-si-2025/banka-1-go/saga-orchestrator-service/internal/saga/otc_exercise.go:298.2,298.47 1 1
github.com/raf-si-2025/banka-1-go/saga-orchestrator-service/internal/saga/otc_exercise.go:298.47,299.67 1 1
github.com/raf-si-2025/banka-1-go/saga-orchestrator-service/internal/saga/otc_exercise.go:299.67,301.4 1 1
github.com/raf-si-2025/banka-1-go/saga-orchestrator-service/internal/saga/otc_exercise.go:301.6,303.4 1 0
github.com/raf-si-2025/banka-1-go/saga-orchestrator-service/internal/saga/otc_exercise.go:305.2,305.56 1 1
github.com/raf-si-2025/banka-1-go/saga-orchestrator-service/internal/saga/otc_exercise.go:305.56,306.67 1 1
github.com/raf-si-2025/banka-1-go/saga-orchestrator-service/internal/saga/otc_exercise.go:306.67,308.4 1 1
github.com/raf-si-2025/banka-1-go/saga-orchestrator-service/internal/saga/otc_exercise.go:308.6,310.4 1 0
github.com/raf-si-2025/banka-1-go/saga-orchestrator-service/internal/saga/otc_exercise.go:312.2,312.50 1 1
github.com/raf-si-2025/banka-1-go/saga-orchestrator-service/internal/saga/otc_exercise.go:312.50,313.67 1 1
github.com/raf-si-2025/banka-1-go/saga-orchestrator-service/internal/saga/otc_exercise.go:313.67,315.4 1 1
github.com/raf-si-2025/banka-1-go/saga-orchestrator-service/internal/saga/otc_exercise.go:315.6,317.4 1 0
github.com/raf-si-2025/banka-1-go/saga-orchestrator-service/internal/saga/otc_exercise.go:320.2,320.11 1 1
github.com/raf-si-2025/banka-1-go/saga-orchestrator-service/internal/saga/otc_exercise.go:320.11,322.3 1 1
github.com/raf-si-2025/banka-1-go/saga-orchestrator-service/internal/saga/otc_exercise.go:322.8,324.3 1 0
github.com/raf-si-2025/banka-1-go/saga-orchestrator-service/internal/saga/otc_exercise.go:325.2,333.14 4 1
github.com/raf-si-2025/banka-1-go/saga-orchestrator-service/internal/saga/otc_exercise.go:345.8,347.53 2 1
github.com/raf-si-2025/banka-1-go/saga-orchestrator-service/internal/saga/otc_exercise.go:347.53,348.10 1 1
github.com/raf-si-2025/banka-1-go/saga-orchestrator-service/internal/saga/otc_exercise.go:349.21,352.16 3 0
github.com/raf-si-2025/banka-1-go/saga-orchestrator-service/internal/saga/otc_exercise.go:353.11,353.11 0 1
github.com/raf-si-2025/banka-1-go/saga-orchestrator-service/internal/saga/otc_exercise.go:357.3,357.53 1 1
github.com/raf-si-2025/banka-1-go/saga-orchestrator-service/internal/saga/otc_exercise.go:357.53,359.38 2 1
github.com/raf-si-2025/banka-1-go/saga-orchestrator-service/internal/saga/otc_exercise.go:359.38,364.13 5 1
github.com/raf-si-2025/banka-1-go/saga-orchestrator-service/internal/saga/otc_exercise.go:368.3,368.30 1 1
github.com/raf-si-2025/banka-1-go/saga-orchestrator-service/internal/saga/otc_exercise.go:368.30,374.12 5 0
github.com/raf-si-2025/banka-1-go/saga-orchestrator-service/internal/saga/otc_exercise.go:377.3,379.14 3 1
github.com/raf-si-2025/banka-1-go/saga-orchestrator-service/internal/saga/otc_exercise.go:381.2,382.14 2 0
github.com/raf-si-2025/banka-1-go/saga-orchestrator-service/internal/saga/otc_exercise.go:390.101,391.70 1 1
github.com/raf-si-2025/banka-1-go/saga-orchestrator-service/internal/saga/otc_exercise.go:391.70,393.3 1 1
github.com/raf-si-2025/banka-1-go/saga-orchestrator-service/internal/saga/otc_exercise.go:394.2,396.12 3 0
github.com/raf-si-2025/banka-1-go/saga-orchestrator-service/internal/saga/otc_exercise.go:401.92,402.43 1 1
github.com/raf-si-2025/banka-1-go/saga-orchestrator-service/internal/saga/otc_exercise.go:402.43,404.3 1 1
github.com/raf-si-2025/banka-1-go/saga-orchestrator-service/internal/saga/otc_exercise.go:405.2,405.56 1 1
github.com/raf-si-2025/banka-1-go/saga-orchestrator-service/internal/saga/otc_exercise.go:405.56,407.3 1 0
github.com/raf-si-2025/banka-1-go/saga-orchestrator-service/internal/saga/otc_exercise.go:409.2,409.48 1 1
github.com/raf-si-2025/banka-1-go/saga-orchestrator-service/internal/saga/otc_exercise.go:409.48,411.3 1 0
github.com/raf-si-2025/banka-1-go/saga-orchestrator-service/internal/saga/otc_exercise.go:412.2,412.85 1 1
github.com/raf-si-2025/banka-1-go/saga-orchestrator-service/internal/saga/otc_exercise.go:420.95,421.70 1 1
github.com/raf-si-2025/banka-1-go/saga-orchestrator-service/internal/saga/otc_exercise.go:421.70,423.3 1 0
github.com/raf-si-2025/banka-1-go/saga-orchestrator-service/internal/saga/otc_exercise.go:426.96,427.71 1 1
github.com/raf-si-2025/banka-1-go/saga-orchestrator-service/internal/saga/otc_exercise.go:427.71,429.3 1 0
github.com/raf-si-2025/banka-1-go/saga-orchestrator-service/internal/saga/otc_exercise.go:432.95,433.70 1 1
github.com/raf-si-2025/banka-1-go/saga-orchestrator-service/internal/saga/otc_exercise.go:433.70,435.3 1 0
github.com/raf-si-2025/banka-1-go/saga-orchestrator-service/internal/saga/otc_exercise.go:438.97,439.72 1 1
github.com/raf-si-2025/banka-1-go/saga-orchestrator-service/internal/saga/otc_exercise.go:439.72,441.3 1 0
github.com/raf-si-2025/banka-1-go/saga-orchestrator-service/internal/saga/otc_exercise.go:445.36,448.2 2 1
github.com/raf-si-2025/banka-1-go/saga-orchestrator-service/internal/saga/otc_premium.go:29.116,35.16 5 1
github.com/raf-si-2025/banka-1-go/saga-orchestrator-service/internal/saga/otc_premium.go:35.16,37.3 1 0
github.com/raf-si-2025/banka-1-go/saga-orchestrator-service/internal/saga/otc_premium.go:38.2,38.12 1 1
github.com/raf-si-2025/banka-1-go/saga-orchestrator-service/internal/saga/otc_premium.go:38.12,39.24 1 1
github.com/raf-si-2025/banka-1-go/saga-orchestrator-service/internal/saga/otc_premium.go:39.24,43.4 2 1
github.com/raf-si-2025/banka-1-go/saga-orchestrator-service/internal/saga/otc_premium.go:46.3,47.56 1 0
github.com/raf-si-2025/banka-1-go/saga-orchestrator-service/internal/saga/otc_premium.go:50.2,50.50 1 1
github.com/raf-si-2025/banka-1-go/saga-orchestrator-service/internal/saga/otc_premium.go:50.50,52.3 1 0
github.com/raf-si-2025/banka-1-go/saga-orchestrator-service/internal/saga/otc_premium.go:54.2,58.16 3 1
github.com/raf-si-2025/banka-1-go/saga-orchestrator-service/internal/saga/otc_premium.go:58.16,61.3 1 0
github.com/raf-si-2025/banka-1-go/saga-orchestrator-service/internal/saga/otc_premium.go:62.2,63.16 2 1
github.com/raf-si-2025/banka-1-go/saga-orchestrator-service/internal/saga/otc_premium.go:63.16,66.3 1 0
github.com/raf-si-2025/banka-1-go/saga-orchestrator-service/internal/saga/otc_premium.go:69.2,71.20 3 1
github.com/raf-si-2025/banka-1-go/saga-orchestrator-service/internal/saga/otc_premium.go:71.20,73.3 1 0
github.com/raf-si-2025/banka-1-go/saga-orchestrator-service/internal/saga/otc_premium.go:74.2,74.23 1 1
github.com/raf-si-2025/banka-1-go/saga-orchestrator-service/internal/saga/otc_premium.go:74.23,76.17 2 1
github.com/raf-si-2025/banka-1-go/saga-orchestrator-service/internal/saga/otc_premium.go:76.17,79.4 1 0
github.com/raf-si-2025/banka-1-go/saga-orchestrator-service/internal/saga/otc_premium.go:80.3,80.29 1 1
github.com/raf-si-2025/banka-1-go/saga-orchestrator-service/internal/saga/otc_premium.go:84.2,85.16 2 1
github.com/raf-si-2025/banka-1-go/saga-orchestrator-service/internal/saga/otc_premium.go:85.16,88.3 1 1
github.com/raf-si-2025/banka-1-go/saga-orchestrator-service/internal/saga/otc_premium.go:90.2,91.81 2 1
github.com/raf-si-2025/banka-1-go/saga-orchestrator-service/internal/saga/otc_premium.go:91.81,94.3 1 0
github.com/raf-si-2025/banka-1-go/saga-orchestrator-service/internal/saga/otc_premium.go:95.2,100.12 3 1
github.com/raf-si-2025/banka-1-go/saga-orchestrator-service/internal/saga/otc_premium.go:108.9,121.2 5 1
