mode: atomic
github.com/raf-si-2025/banka-1-go/saga-orchestrator-service/internal/scheduler/cleanup.go:84.14,91.2 1 0
github.com/raf-si-2025/banka-1-go/saga-orchestrator-service/internal/scheduler/cleanup.go:101.14,109.2 1 4
github.com/raf-si-2025/banka-1-go/saga-orchestrator-service/internal/scheduler/cleanup.go:118.14,125.2 1 5
github.com/raf-si-2025/banka-1-go/saga-orchestrator-service/internal/scheduler/cleanup.go:131.52,141.6 4 3
github.com/raf-si-2025/banka-1-go/saga-orchestrator-service/internal/scheduler/cleanup.go:141.6,142.10 1 13
github.com/raf-si-2025/banka-1-go/saga-orchestrator-service/internal/scheduler/cleanup.go:143.21,145.14 2 3
github.com/raf-si-2025/banka-1-go/saga-orchestrator-service/internal/scheduler/cleanup.go:146.19,147.15 1 10
github.com/raf-si-2025/banka-1-go/saga-orchestrator-service/internal/scheduler/cleanup.go:153.47,156.2 2 11
github.com/raf-si-2025/banka-1-go/saga-orchestrator-service/internal/scheduler/cleanup.go:160.53,165.16 4 11
github.com/raf-si-2025/banka-1-go/saga-orchestrator-service/internal/scheduler/cleanup.go:165.16,168.3 2 0
github.com/raf-si-2025/banka-1-go/saga-orchestrator-service/internal/scheduler/cleanup.go:170.2,170.29 1 11
github.com/raf-si-2025/banka-1-go/saga-orchestrator-service/internal/scheduler/cleanup.go:170.29,182.3 2 10
github.com/raf-si-2025/banka-1-go/saga-orchestrator-service/internal/scheduler/cleanup.go:184.2,184.20 1 11
github.com/raf-si-2025/banka-1-go/saga-orchestrator-service/internal/scheduler/cleanup.go:184.20,186.3 1 5
github.com/raf-si-2025/banka-1-go/saga-orchestrator-service/internal/scheduler/cleanup.go:193.64,194.43 1 18
github.com/raf-si-2025/banka-1-go/saga-orchestrator-service/internal/scheduler/cleanup.go:194.43,197.3 1 12
github.com/raf-si-2025/banka-1-go/saga-orchestrator-service/internal/scheduler/cleanup.go:199.2,205.16 3 6
github.com/raf-si-2025/banka-1-go/saga-orchestrator-service/internal/scheduler/cleanup.go:205.16,206.31 1 3
github.com/raf-si-2025/banka-1-go/saga-orchestrator-service/internal/scheduler/cleanup.go:206.31,212.4 3 1
github.com/raf-si-2025/banka-1-go/saga-orchestrator-service/internal/scheduler/cleanup.go:213.3,214.9 2 2
github.com/raf-si-2025/banka-1-go/saga-orchestrator-service/internal/scheduler/cleanup.go:217.2,218.17 2 3
github.com/raf-si-2025/banka-1-go/saga-orchestrator-service/internal/scheduler/cleanup.go:218.17,220.3 1 2
github.com/raf-si-2025/banka-1-go/saga-orchestrator-service/internal/scheduler/cleanup.go:225.42,228.17 2 8
github.com/raf-si-2025/banka-1-go/saga-orchestrator-service/internal/scheduler/cleanup.go:228.17,229.41 1 8
github.com/raf-si-2025/banka-1-go/saga-orchestrator-service/internal/scheduler/cleanup.go:229.41,231.9 2 4
github.com/raf-si-2025/banka-1-go/saga-orchestrator-service/internal/scheduler/cleanup.go:234.3,235.35 2 4
github.com/raf-si-2025/banka-1-go/saga-orchestrator-service/internal/scheduler/cleanup.go:235.35,237.4 1 1
github.com/raf-si-2025/banka-1-go/saga-orchestrator-service/internal/scheduler/cleanup.go:237.9,238.9 1 3
github.com/raf-si-2025/banka-1-go/saga-orchestrator-service/internal/scheduler/cleanup.go:241.2,241.64 1 8
github.com/raf-si-2025/banka-1-go/saga-orchestrator-service/internal/scheduler/cleanup.go:246.25,246.46 1 2
github.com/raf-si-2025/banka-1-go/saga-orchestrator-service/internal/scheduler/cleanup.go:249.24,249.42 1 2
github.com/raf-si-2025/banka-1-go/saga-orchestrator-service/internal/api/admin.go:54.82,56.2 1 0
github.com/raf-si-2025/banka-1-go/saga-orchestrator-service/internal/api/admin.go:60.77,62.2 1 23
github.com/raf-si-2025/banka-1-go/saga-orchestrator-service/internal/api/admin.go:69.69,73.31 3 4
github.com/raf-si-2025/banka-1-go/saga-orchestrator-service/internal/api/admin.go:73.31,75.3 1 3
github.com/raf-si-2025/banka-1-go/saga-orchestrator-service/internal/api/admin.go:76.2,77.16 2 4
github.com/raf-si-2025/banka-1-go/saga-orchestrator-service/internal/api/admin.go:77.16,79.3 1 1
github.com/raf-si-2025/banka-1-go/saga-orchestrator-service/internal/api/admin.go:81.2,85.17 2 4
github.com/raf-si-2025/banka-1-go/saga-orchestrator-service/internal/api/admin.go:85.17,87.3 1 1
github.com/raf-si-2025/banka-1-go/saga-orchestrator-service/internal/api/admin.go:87.8,89.3 1 3
github.com/raf-si-2025/banka-1-go/saga-orchestrator-service/internal/api/admin.go:90.2,90.16 1 4
github.com/raf-si-2025/banka-1-go/saga-orchestrator-service/internal/api/admin.go:90.16,93.3 2 1
github.com/raf-si-2025/banka-1-go/saga-orchestrator-service/internal/api/admin.go:95.2,95.55 1 3
github.com/raf-si-2025/banka-1-go/saga-orchestrator-service/internal/api/admin.go:100.68,103.16 3 4
github.com/raf-si-2025/banka-1-go/saga-orchestrator-service/internal/api/admin.go:103.16,106.3 2 1
github.com/raf-si-2025/banka-1-go/saga-orchestrator-service/internal/api/admin.go:108.2,109.16 2 3
github.com/raf-si-2025/banka-1-go/saga-orchestrator-service/internal/api/admin.go:109.16,112.3 2 1
github.com/raf-si-2025/banka-1-go/saga-orchestrator-service/internal/api/admin.go:113.2,113.17 1 2
github.com/raf-si-2025/banka-1-go/saga-orchestrator-service/internal/api/admin.go:113.17,116.3 2 1
github.com/raf-si-2025/banka-1-go/saga-orchestrator-service/internal/api/admin.go:118.2,118.55 1 1
github.com/raf-si-2025/banka-1-go/saga-orchestrator-service/internal/api/admin.go:123.53,127.2 3 2
github.com/raf-si-2025/banka-1-go/saga-orchestrator-service/internal/api/admin.go:132.52,133.71 1 23
github.com/raf-si-2025/banka-1-go/saga-orchestrator-service/internal/api/admin.go:133.71,134.37 1 23
github.com/raf-si-2025/banka-1-go/saga-orchestrator-service/internal/api/admin.go:134.37,137.4 2 1
github.com/raf-si-2025/banka-1-go/saga-orchestrator-service/internal/api/admin.go:138.3,138.23 1 22
github.com/raf-si-2025/banka-1-go/saga-orchestrator-service/internal/api/admin.go:145.78,148.43 3 4
github.com/raf-si-2025/banka-1-go/saga-orchestrator-service/internal/api/admin.go:148.43,151.3 2 1
github.com/raf-si-2025/banka-1-go/saga-orchestrator-service/internal/api/admin.go:152.2,153.16 2 3
github.com/raf-si-2025/banka-1-go/saga-orchestrator-service/internal/api/admin.go:153.16,156.3 2 1
github.com/raf-si-2025/banka-1-go/saga-orchestrator-service/internal/api/admin.go:157.2,157.17 1 2
github.com/raf-si-2025/banka-1-go/saga-orchestrator-service/internal/api/admin.go:157.17,160.3 2 1
github.com/raf-si-2025/banka-1-go/saga-orchestrator-service/internal/api/admin.go:161.2,161.55 1 1
github.com/raf-si-2025/banka-1-go/saga-orchestrator-service/internal/api/admin.go:167.71,169.2 1 4
github.com/raf-si-2025/banka-1-go/saga-orchestrator-service/internal/api/admin.go:174.70,176.2 1 4
github.com/raf-si-2025/banka-1-go/saga-orchestrator-service/internal/api/admin.go:182.72,184.2 1 1
github.com/raf-si-2025/banka-1-go/saga-orchestrator-service/internal/api/admin.go:187.108,188.25 1 9
github.com/raf-si-2025/banka-1-go/saga-orchestrator-service/internal/api/admin.go:188.25,191.3 2 1
github.com/raf-si-2025/banka-1-go/saga-orchestrator-service/internal/api/admin.go:192.2,194.16 3 8
github.com/raf-si-2025/banka-1-go/saga-orchestrator-service/internal/api/admin.go:194.16,197.3 2 1
github.com/raf-si-2025/banka-1-go/saga-orchestrator-service/internal/api/admin.go:198.2,199.16 2 7
github.com/raf-si-2025/banka-1-go/saga-orchestrator-service/internal/api/admin.go:199.16,202.3 2 1
github.com/raf-si-2025/banka-1-go/saga-orchestrator-service/internal/api/admin.go:203.2,203.17 1 6
github.com/raf-si-2025/banka-1-go/saga-orchestrator-service/internal/api/admin.go:203.17,206.3 2 1
github.com/raf-si-2025/banka-1-go/saga-orchestrator-service/internal/api/admin.go:209.2,209.44 1 5
github.com/raf-si-2025/banka-1-go/saga-orchestrator-service/internal/api/admin.go:209.44,211.16 2 3
github.com/raf-si-2025/banka-1-go/saga-orchestrator-service/internal/api/admin.go:211.16,215.4 3 1
github.com/raf-si-2025/banka-1-go/saga-orchestrator-service/internal/api/admin.go:216.3,216.69 1 3
github.com/raf-si-2025/banka-1-go/saga-orchestrator-service/internal/api/admin.go:216.69,219.4 2 1
github.com/raf-si-2025/banka-1-go/saga-orchestrator-service/internal/api/admin.go:223.2,223.12 1 4
github.com/raf-si-2025/banka-1-go/saga-orchestrator-service/internal/api/admin.go:223.12,225.3 1 4
github.com/raf-si-2025/banka-1-go/saga-orchestrator-service/internal/api/admin.go:227.2,230.4 1 4
github.com/raf-si-2025/banka-1-go/saga-orchestrator-service/internal/api/admin.go:236.50,240.38 4 23
github.com/raf-si-2025/banka-1-go/saga-orchestrator-service/internal/api/admin.go:240.38,247.3 6 23
github.com/raf-si-2025/banka-1-go/saga-orchestrator-service/internal/api/admin.go:248.2,248.10 1 23
github.com/raf-si-2025/banka-1-go/saga-orchestrator-service/internal/api/admin.go:272.66,287.27 2 6
github.com/raf-si-2025/banka-1-go/saga-orchestrator-service/internal/api/admin.go:287.27,289.46 2 6
github.com/raf-si-2025/banka-1-go/saga-orchestrator-service/internal/api/admin.go:289.46,291.4 1 6
github.com/raf-si-2025/banka-1-go/saga-orchestrator-service/internal/api/admin.go:293.2,293.35 1 6
github.com/raf-si-2025/banka-1-go/saga-orchestrator-service/internal/api/admin.go:293.35,295.55 2 0
github.com/raf-si-2025/banka-1-go/saga-orchestrator-service/internal/api/admin.go:295.55,297.4 1 0
github.com/raf-si-2025/banka-1-go/saga-orchestrator-service/internal/api/admin.go:299.2,299.12 1 6
github.com/raf-si-2025/banka-1-go/saga-orchestrator-service/internal/api/admin.go:302.71,304.28 2 3
github.com/raf-si-2025/banka-1-go/saga-orchestrator-service/internal/api/admin.go:304.28,306.3 1 4
github.com/raf-si-2025/banka-1-go/saga-orchestrator-service/internal/api/admin.go:307.2,307.12 1 3
github.com/raf-si-2025/banka-1-go/saga-orchestrator-service/internal/api/admin.go:311.61,315.2 3 9
github.com/raf-si-2025/banka-1-go/saga-orchestrator-service/internal/rabbit/conn.go:26.38,28.16 2 2
github.com/raf-si-2025/banka-1-go/saga-orchestrator-service/internal/rabbit/conn.go:28.16,30.3 1 2
github.com/raf-si-2025/banka-1-go/saga-orchestrator-service/internal/rabbit/conn.go:31.2,31.31 1 0
github.com/raf-si-2025/banka-1-go/saga-orchestrator-service/internal/rabbit/conn.go:36.45,38.2 1 4
github.com/raf-si-2025/banka-1-go/saga-orchestrator-service/internal/rabbit/conn.go:41.49,43.16 2 2
github.com/raf-si-2025/banka-1-go/saga-orchestrator-service/internal/rabbit/conn.go:43.16,45.3 1 1
github.com/raf-si-2025/banka-1-go/saga-orchestrator-service/internal/rabbit/conn.go:46.2,46.16 1 1
github.com/raf-si-2025/banka-1-go/saga-orchestrator-service/internal/rabbit/conn.go:50.30,52.2 1 2
github.com/raf-si-2025/banka-1-go/saga-orchestrator-service/internal/rabbit/listener.go:39.113,47.2 1 7
github.com/raf-si-2025/banka-1-go/saga-orchestrator-service/internal/rabbit/listener.go:52.51,62.16 2 7
github.com/raf-si-2025/banka-1-go/saga-orchestrator-service/internal/rabbit/listener.go:62.16,64.3 1 1
github.com/raf-si-2025/banka-1-go/saga-orchestrator-service/internal/rabbit/listener.go:66.2,68.6 2 6
github.com/raf-si-2025/banka-1-go/saga-orchestrator-service/internal/rabbit/listener.go:68.6,69.10 1 10
github.com/raf-si-2025/banka-1-go/saga-orchestrator-service/internal/rabbit/listener.go:70.21,72.14 2 5
github.com/raf-si-2025/banka-1-go/saga-orchestrator-service/internal/rabbit/listener.go:73.26,74.11 1 5
github.com/raf-si-2025/banka-1-go/saga-orchestrator-service/internal/rabbit/listener.go:74.11,77.5 2 1
github.com/raf-si-2025/banka-1-go/saga-orchestrator-service/internal/rabbit/listener.go:78.4,78.24 1 4
github.com/raf-si-2025/banka-1-go/saga-orchestrator-service/internal/rabbit/listener.go:84.69,86.16 2 4
github.com/raf-si-2025/banka-1-go/saga-orchestrator-service/internal/rabbit/listener.go:86.16,94.3 3 1
github.com/raf-si-2025/banka-1-go/saga-orchestrator-service/internal/rabbit/listener.go:96.2,96.48 1 3
github.com/raf-si-2025/banka-1-go/saga-orchestrator-service/internal/rabbit/listener.go:96.48,104.3 3 1
github.com/raf-si-2025/banka-1-go/saga-orchestrator-service/internal/rabbit/listener.go:106.2,106.39 1 2
github.com/raf-si-2025/banka-1-go/saga-orchestrator-service/internal/rabbit/listener.go:106.39,111.3 1 1
github.com/raf-si-2025/banka-1-go/saga-orchestrator-service/internal/rabbit/publisher.go:25.49,27.2 1 2
github.com/raf-si-2025/banka-1-go/saga-orchestrator-service/internal/rabbit/publisher.go:33.86,45.16 2 2
github.com/raf-si-2025/banka-1-go/saga-orchestrator-service/internal/rabbit/publisher.go:45.16,47.3 1 1
github.com/raf-si-2025/banka-1-go/saga-orchestrator-service/internal/rabbit/publisher.go:48.2,48.12 1 1
github.com/raf-si-2025/banka-1-go/saga-orchestrator-service/internal/rabbit/topology.go:95.48,100.16 1 7
github.com/raf-si-2025/banka-1-go/saga-orchestrator-service/internal/rabbit/topology.go:100.16,102.3 1 0
github.com/raf-si-2025/banka-1-go/saga-orchestrator-service/internal/rabbit/topology.go:105.2,108.16 1 7
github.com/raf-si-2025/banka-1-go/saga-orchestrator-service/internal/rabbit/topology.go:108.16,110.3 1 0
github.com/raf-si-2025/banka-1-go/saga-orchestrator-service/internal/rabbit/topology.go:114.2,118.36 2 7
github.com/raf-si-2025/banka-1-go/saga-orchestrator-service/internal/rabbit/topology.go:118.36,122.17 1 35
github.com/raf-si-2025/banka-1-go/saga-orchestrator-service/internal/rabbit/topology.go:122.17,124.4 1 0
github.com/raf-si-2025/banka-1-go/saga-orchestrator-service/internal/rabbit/topology.go:125.3,128.17 1 35
github.com/raf-si-2025/banka-1-go/saga-orchestrator-service/internal/rabbit/topology.go:128.17,130.4 1 0
github.com/raf-si-2025/banka-1-go/saga-orchestrator-service/internal/rabbit/topology.go:133.2,133.12 1 7
github.com/raf-si-2025/banka-1-go/saga-orchestrator-service/internal/saga/fund_liquidation.go:32.130,37.16 4 6
github.com/raf-si-2025/banka-1-go/saga-orchestrator-service/internal/saga/fund_liquidation.go:37.16,39.3 1 0
github.com/raf-si-2025/banka-1-go/saga-orchestrator-service/internal/saga/fund_liquidation.go:40.2,40.12 1 6
github.com/raf-si-2025/banka-1-go/saga-orchestrator-service/internal/saga/fund_liquidation.go:40.12,41.24 1 1
github.com/raf-si-2025/banka-1-go/saga-orchestrator-service/internal/saga/fund_liquidation.go:41.24,45.4 2 1
github.com/raf-si-2025/banka-1-go/saga-orchestrator-service/internal/saga/fund_liquidation.go:48.3,49.56 1 0
github.com/raf-si-2025/banka-1-go/saga-orchestrator-service/internal/saga/fund_liquidation.go:52.2,52.50 1 5
github.com/raf-si-2025/banka-1-go/saga-orchestrator-service/internal/saga/fund_liquidation.go:52.50,54.3 1 0
github.com/raf-si-2025/banka-1-go/saga-orchestrator-service/internal/saga/fund_liquidation.go:56.2,63.19 4 5
github.com/raf-si-2025/banka-1-go/saga-orchestrator-service/internal/saga/fund_liquidation.go:63.19,75.3 6 1
github.com/raf-si-2025/banka-1-go/saga-orchestrator-service/internal/saga/fund_liquidation.go:76.2,77.54 2 4
github.com/raf-si-2025/banka-1-go/saga-orchestrator-service/internal/saga/fund_liquidation.go:77.54,82.3 2 0
github.com/raf-si-2025/banka-1-go/saga-orchestrator-service/internal/saga/fund_liquidation.go:83.2,94.16 4 4
github.com/raf-si-2025/banka-1-go/saga-orchestrator-service/internal/saga/fund_liquidation.go:94.16,112.3 7 1
github.com/raf-si-2025/banka-1-go/saga-orchestrator-service/internal/saga/fund_liquidation.go:113.2,114.81 2 3
github.com/raf-si-2025/banka-1-go/saga-orchestrator-service/internal/saga/fund_liquidation.go:114.81,116.3 1 0
github.com/raf-si-2025/banka-1-go/saga-orchestrator-service/internal/saga/fund_liquidation.go:118.2,131.12 3 3
github.com/raf-si-2025/banka-1-go/saga-orchestrator-service/internal/saga/fund_redeem.go:25.100,30.16 4 3
github.com/raf-si-2025/banka-1-go/saga-orchestrator-service/internal/saga/fund_redeem.go:30.16,32.3 1 0
github.com/raf-si-2025/banka-1-go/saga-orchestrator-service/internal/saga/fund_redeem.go:33.2,33.12 1 3
github.com/raf-si-2025/banka-1-go/saga-orchestrator-service/internal/saga/fund_redeem.go:33.12,34.24 1 0
github.com/raf-si-2025/banka-1-go/saga-orchestrator-service/internal/saga/fund_redeem.go:34.24,38.4 2 0
github.com/raf-si-2025/banka-1-go/saga-orchestrator-service/internal/saga/fund_redeem.go:41.3,42.56 1 0
github.com/raf-si-2025/banka-1-go/saga-orchestrator-service/internal/saga/fund_redeem.go:45.2,45.50 1 3
github.com/raf-si-2025/banka-1-go/saga-orchestrator-service/internal/saga/fund_redeem.go:45.50,47.3 1 0
github.com/raf-si-2025/banka-1-go/saga-orchestrator-service/internal/saga/fund_redeem.go:48.2,55.16 3 3
github.com/raf-si-2025/banka-1-go/saga-orchestrator-service/internal/saga/fund_redeem.go:55.16,65.3 5 1
github.com/raf-si-2025/banka-1-go/saga-orchestrator-service/internal/saga/fund_redeem.go:67.2,68.81 2 2
github.com/raf-si-2025/banka-1-go/saga-orchestrator-service/internal/saga/fund_redeem.go:68.81,70.3 1 0
github.com/raf-si-2025/banka-1-go/saga-orchestrator-service/internal/saga/fund_redeem.go:72.2,80.12 3 2
github.com/raf-si-2025/banka-1-go/saga-orchestrator-service/internal/saga/fund_subscribe.go:24.106,29.16 4 5
github.com/raf-si-2025/banka-1-go/saga-orchestrator-service/internal/saga/fund_subscribe.go:29.16,31.3 1 0
github.com/raf-si-2025/banka-1-go/saga-orchestrator-service/internal/saga/fund_subscribe.go:32.2,32.12 1 5
github.com/raf-si-2025/banka-1-go/saga-orchestrator-service/internal/saga/fund_subscribe.go:32.12,33.24 1 1
github.com/raf-si-2025/banka-1-go/saga-orchestrator-service/internal/saga/fund_subscribe.go:33.24,37.4 2 1
github.com/raf-si-2025/banka-1-go/saga-orchestrator-service/internal/saga/fund_subscribe.go:40.3,41.56 1 0
github.com/raf-si-2025/banka-1-go/saga-orchestrator-service/internal/saga/fund_subscribe.go:44.2,44.50 1 4
github.com/raf-si-2025/banka-1-go/saga-orchestrator-service/internal/saga/fund_subscribe.go:44.50,46.3 1 0
github.com/raf-si-2025/banka-1-go/saga-orchestrator-service/internal/saga/fund_subscribe.go:47.2,54.16 3 4
github.com/raf-si-2025/banka-1-go/saga-orchestrator-service/internal/saga/fund_subscribe.go:54.16,64.3 5 1
github.com/raf-si-2025/banka-1-go/saga-orchestrator-service/internal/saga/fund_subscribe.go:66.2,67.81 2 3
github.com/raf-si-2025/banka-1-go/saga-orchestrator-service/internal/saga/fund_subscribe.go:67.81,70.3 1 0
github.com/raf-si-2025/banka-1-go/saga-orchestrator-service/internal/saga/fund_subscribe.go:72.2,81.12 3 3
github.com/raf-si-2025/banka-1-go/saga-orchestrator-service/internal/saga/orchestrator.go:100.17,109.2 1 47
github.com/raf-si-2025/banka-1-go/saga-orchestrator-service/internal/saga/orchestrator.go:121.17,123.2 1 47
github.com/raf-si-2025/banka-1-go/saga-orchestrator-service/internal/saga/orchestrator.go:145.28,150.2 1 26
github.com/raf-si-2025/banka-1-go/saga-orchestrator-service/internal/saga/orchestrator.go:152.60,154.2 1 91
github.com/raf-si-2025/banka-1-go/saga-orchestrator-service/internal/saga/orchestrator.go:156.41,159.2 2 102
github.com/raf-si-2025/banka-1-go/saga-orchestrator-service/internal/saga/orchestrator.go:161.42,162.17 1 26
github.com/raf-si-2025/banka-1-go/saga-orchestrator-service/internal/saga/orchestrator.go:162.17,164.3 1 23
github.com/raf-si-2025/banka-1-go/saga-orchestrator-service/internal/saga/orchestrator.go:165.2,166.46 2 3
github.com/raf-si-2025/banka-1-go/saga-orchestrator-service/internal/saga/orchestrator.go:166.46,168.3 1 1
github.com/raf-si-2025/banka-1-go/saga-orchestrator-service/internal/saga/orchestrator.go:169.2,169.19 1 2
github.com/raf-si-2025/banka-1-go/saga-orchestrator-service/internal/saga/orchestrator.go:169.19,171.3 1 1
github.com/raf-si-2025/banka-1-go/saga-orchestrator-service/internal/saga/orchestrator.go:172.2,172.25 1 2
github.com/raf-si-2025/banka-1-go/saga-orchestrator-service/internal/saga/orchestrator.go:172.25,174.3 1 1
github.com/raf-si-2025/banka-1-go/saga-orchestrator-service/internal/saga/orchestrator.go:175.2,175.11 1 2
github.com/raf-si-2025/banka-1-go/saga-orchestrator-service/internal/saga/orchestrator.go:179.102,182.2 2 74
github.com/raf-si-2025/banka-1-go/saga-orchestrator-service/internal/saga/orchestrator.go:201.38,203.16 2 44
github.com/raf-si-2025/banka-1-go/saga-orchestrator-service/internal/saga/orchestrator.go:203.16,205.3 1 0
github.com/raf-si-2025/banka-1-go/saga-orchestrator-service/internal/saga/orchestrator.go:206.2,206.21 1 44
github.com/raf-si-2025/banka-1-go/saga-orchestrator-service/internal/saga/orchestrator.go:206.21,208.3 1 6
github.com/raf-si-2025/banka-1-go/saga-orchestrator-service/internal/saga/orchestrator.go:209.2,217.50 2 38
github.com/raf-si-2025/banka-1-go/saga-orchestrator-service/internal/saga/orchestrator.go:217.50,218.45 1 0
github.com/raf-si-2025/banka-1-go/saga-orchestrator-service/internal/saga/orchestrator.go:218.45,222.4 2 0
github.com/raf-si-2025/banka-1-go/saga-orchestrator-service/internal/saga/orchestrator.go:223.3,223.25 1 0
github.com/raf-si-2025/banka-1-go/saga-orchestrator-service/internal/saga/orchestrator.go:225.2,225.24 1 38
github.com/raf-si-2025/banka-1-go/saga-orchestrator-service/internal/saga/orchestrator.go:229.90,232.2 2 40
github.com/raf-si-2025/banka-1-go/saga-orchestrator-service/internal/saga/orchestrator.go:235.45,236.17 1 23
github.com/raf-si-2025/banka-1-go/saga-orchestrator-service/internal/saga/orchestrator.go:236.17,238.3 1 2
github.com/raf-si-2025/banka-1-go/saga-orchestrator-service/internal/saga/orchestrator.go:239.2,240.10 2 21
github.com/raf-si-2025/banka-1-go/saga-orchestrator-service/internal/saga/orchestrator.go:244.47,245.17 1 4
github.com/raf-si-2025/banka-1-go/saga-orchestrator-service/internal/saga/orchestrator.go:245.17,247.3 1 2
github.com/raf-si-2025/banka-1-go/saga-orchestrator-service/internal/saga/orchestrator.go:248.2,249.46 2 2
github.com/raf-si-2025/banka-1-go/saga-orchestrator-service/internal/saga/orchestrator.go:249.46,251.3 1 1
github.com/raf-si-2025/banka-1-go/saga-orchestrator-service/internal/saga/orchestrator.go:252.2,252.10 1 1
github.com/raf-si-2025/banka-1-go/saga-orchestrator-service/internal/saga/orchestrator.go:260.86,261.25 1 12
github.com/raf-si-2025/banka-1-go/saga-orchestrator-service/internal/saga/orchestrator.go:261.25,263.3 1 1
github.com/raf-si-2025/banka-1-go/saga-orchestrator-service/internal/saga/orchestrator.go:264.2,264.23 1 11
github.com/raf-si-2025/banka-1-go/saga-orchestrator-service/internal/saga/orchestrator.go:265.22,267.60 2 2
github.com/raf-si-2025/banka-1-go/saga-orchestrator-service/internal/saga/orchestrator.go:267.60,269.4 1 1
github.com/raf-si-2025/banka-1-go/saga-orchestrator-service/internal/saga/orchestrator.go:270.3,270.39 1 1
github.com/raf-si-2025/banka-1-go/saga-orchestrator-service/internal/saga/orchestrator.go:271.30,273.60 2 2
github.com/raf-si-2025/banka-1-go/saga-orchestrator-service/internal/saga/orchestrator.go:273.60,275.4 1 1
github.com/raf-si-2025/banka-1-go/saga-orchestrator-service/internal/saga/orchestrator.go:276.3,276.46 1 1
github.com/raf-si-2025/banka-1-go/saga-orchestrator-service/internal/saga/orchestrator.go:277.24,279.60 2 2
github.com/raf-si-2025/banka-1-go/saga-orchestrator-service/internal/saga/orchestrator.go:279.60,281.4 1 1
github.com/raf-si-2025/banka-1-go/saga-orchestrator-service/internal/saga/orchestrator.go:282.3,282.41 1 1
github.com/raf-si-2025/banka-1-go/saga-orchestrator-service/internal/saga/orchestrator.go:283.21,285.60 2 2
github.com/raf-si-2025/banka-1-go/saga-orchestrator-service/internal/saga/orchestrator.go:285.60,287.4 1 1
github.com/raf-si-2025/banka-1-go/saga-orchestrator-service/internal/saga/orchestrator.go:288.3,288.38 1 1
github.com/raf-si-2025/banka-1-go/saga-orchestrator-service/internal/saga/orchestrator.go:289.41,291.60 2 2
github.com/raf-si-2025/banka-1-go/saga-orchestrator-service/internal/saga/orchestrator.go:291.60,293.4 1 1
github.com/raf-si-2025/banka-1-go/saga-orchestrator-service/internal/saga/orchestrator.go:294.3,294.53 1 1
github.com/raf-si-2025/banka-1-go/saga-orchestrator-service/internal/saga/orchestrator.go:295.10,296.69 1 1
github.com/raf-si-2025/banka-1-go/saga-orchestrator-service/internal/saga/orchestrator.go:303.83,305.16 2 32
github.com/raf-si-2025/banka-1-go/saga-orchestrator-service/internal/saga/orchestrator.go:305.16,308.3 2 0
github.com/raf-si-2025/banka-1-go/saga-orchestrator-service/internal/saga/orchestrator.go:309.2,309.64 1 32
github.com/raf-si-2025/banka-1-go/saga-orchestrator-service/internal/saga/orchestrator.go:309.64,311.3 1 0
github.com/raf-si-2025/banka-1-go/saga-orchestrator-service/internal/saga/orchestrator.go:315.108,318.2 2 4
github.com/raf-si-2025/banka-1-go/saga-orchestrator-service/internal/saga/orchestrator.go:321.127,325.2 3 16
github.com/raf-si-2025/banka-1-go/saga-orchestrator-service/internal/saga/otc_exercise.go:32.102,38.16 5 25
github.com/raf-si-2025/banka-1-go/saga-orchestrator-service/internal/saga/otc_exercise.go:38.16,40.3 1 0
github.com/raf-si-2025/banka-1-go/saga-orchestrator-service/internal/saga/otc_exercise.go:42.2,42.12 1 25
github.com/raf-si-2025/banka-1-go/saga-orchestrator-service/internal/saga/otc_exercise.go:42.12,43.24 1 3
github.com/raf-si-2025/banka-1-go/saga-orchestrator-service/internal/saga/otc_exercise.go:43.24,47.4 2 1
github.com/raf-si-2025/banka-1-go/saga-orchestrator-service/internal/saga/otc_exercise.go:48.3,48.46 1 2
github.com/raf-si-2025/banka-1-go/saga-orchestrator-service/internal/saga/otc_exercise.go:48.46,57.4 2 2
github.com/raf-si-2025/banka-1-go/saga-orchestrator-service/internal/saga/otc_exercise.go:57.9,61.4 2 0
github.com/raf-si-2025/banka-1-go/saga-orchestrator-service/internal/saga/otc_exercise.go:64.2,65.25 2 24
github.com/raf-si-2025/banka-1-go/saga-orchestrator-service/internal/saga/otc_exercise.go:65.25,67.3 1 0
github.com/raf-si-2025/banka-1-go/saga-orchestrator-service/internal/saga/otc_exercise.go:68.2,70.50 2 24
github.com/raf-si-2025/banka-1-go/saga-orchestrator-service/internal/saga/otc_exercise.go:70.50,72.3 1 1
github.com/raf-si-2025/banka-1-go/saga-orchestrator-service/internal/saga/otc_exercise.go:74.2,76.16 3 23
github.com/raf-si-2025/banka-1-go/saga-orchestrator-service/internal/saga/otc_exercise.go:76.16,80.3 2 1
github.com/raf-si-2025/banka-1-go/saga-orchestrator-service/internal/saga/otc_exercise.go:82.2,88.53 3 22
github.com/raf-si-2025/banka-1-go/saga-orchestrator-service/internal/saga/otc_exercise.go:88.53,90.3 1 0
github.com/raf-si-2025/banka-1-go/saga-orchestrator-service/internal/saga/otc_exercise.go:91.2,91.62 1 22
github.com/raf-si-2025/banka-1-go/saga-orchestrator-service/internal/saga/otc_exercise.go:91.62,94.3 2 0
github.com/raf-si-2025/banka-1-go/saga-orchestrator-service/internal/saga/otc_exercise.go:95.2,96.85 2 22
github.com/raf-si-2025/banka-1-go/saga-orchestrator-service/internal/saga/otc_exercise.go:96.85,101.3 3 1
github.com/raf-si-2025/banka-1-go/saga-orchestrator-service/internal/saga/otc_exercise.go:102.2,102.16 1 21
github.com/raf-si-2025/banka-1-go/saga-orchestrator-service/internal/saga/otc_exercise.go:102.16,105.3 2 1
github.com/raf-si-2025/banka-1-go/saga-orchestrator-service/internal/saga/otc_exercise.go:106.2,108.53 3 20
github.com/raf-si-2025/banka-1-go/saga-orchestrator-service/internal/saga/otc_exercise.go:108.53,111.3 2 2
github.com/raf-si-2025/banka-1-go/saga-orchestrator-service/internal/saga/otc_exercise.go:112.2,118.53 3 18
github.com/raf-si-2025/banka-1-go/saga-orchestrator-service/internal/saga/otc_exercise.go:118.53,120.3 1 0
github.com/raf-si-2025/banka-1-go/saga-orchestrator-service/internal/saga/otc_exercise.go:121.2,121.62 1 18
github.com/raf-si-2025/banka-1-go/saga-orchestrator-service/internal/saga/otc_exercise.go:121.62,124.3 2 0
github.com/raf-si-2025/banka-1-go/saga-orchestrator-service/internal/saga/otc_exercise.go:125.2,126.85 2 18
github.com/raf-si-2025/banka-1-go/saga-orchestrator-service/internal/saga/otc_exercise.go:126.85,130.3 3 0
github.com/raf-si-2025/banka-1-go/saga-orchestrator-service/internal/saga/otc_exercise.go:131.2,131.16 1 18
github.com/raf-si-2025/banka-1-go/saga-orchestrator-service/internal/saga/otc_exercise.go:131.16,134.3 2 3
github.com/raf-si-2025/banka-1-go/saga-orchestrator-service/internal/saga/otc_exercise.go:135.2,137.53 3 15
github.com/raf-si-2025/banka-1-go/saga-orchestrator-service/internal/saga/otc_exercise.go:137.53,141.3 3 1
github.com/raf-si-2025/banka-1-go/saga-orchestrator-service/internal/saga/otc_exercise.go:142.2,148.53 3 14
github.com/raf-si-2025/banka-1-go/saga-orchestrator-service/internal/saga/otc_exercise.go:148.53,150.3 1 0
github.com/raf-si-2025/banka-1-go/saga-orchestrator-service/internal/saga/otc_exercise.go:151.2,151.62 1 14
github.com/raf-si-2025/banka-1-go/saga-orchestrator-service/internal/saga/otc_exercise.go:151.62,154.3 2 2
github.com/raf-si-2025/banka-1-go/saga-orchestrator-service/internal/saga/otc_exercise.go:155.2,155.78 1 12
github.com/raf-si-2025/banka-1-go/saga-orchestrator-service/internal/saga/otc_exercise.go:155.78,159.3 2 0
github.com/raf-si-2025/banka-1-go/saga-orchestrator-service/internal/saga/otc_exercise.go:160.2,161.16 2 12
github.com/raf-si-2025/banka-1-go/saga-orchestrator-service/internal/saga/otc_exercise.go:161.16,165.3 2 0
github.com/raf-si-2025/banka-1-go/saga-orchestrator-service/internal/saga/otc_exercise.go:166.2,167.16 2 12
github.com/raf-si-2025/banka-1-go/saga-orchestrator-service/internal/saga/otc_exercise.go:167.16,171.3 2 0
github.com/raf-si-2025/banka-1-go/saga-orchestrator-service/internal/saga/otc_exercise.go:172.2,173.85 2 12
github.com/raf-si-2025/banka-1-go/saga-orchestrator-service/internal/saga/otc_exercise.go:173.85,177.3 3 0
github.com/raf-si-2025/banka-1-go/saga-orchestrator-service/internal/saga/otc_exercise.go:178.2,178.16 1 12
github.com/raf-si-2025/banka-1-go/saga-orchestrator-service/internal/saga/otc_exercise.go:178.16,182.3 2 0
github.com/raf-si-2025/banka-1-go/saga-orchestrator-service/internal/saga/otc_exercise.go:183.2,185.53 3 12
github.com/raf-si-2025/banka-1-go/saga-orchestrator-service/internal/saga/otc_exercise.go:185.53,189.3 3 2
github.com/raf-si-2025/banka-1-go/saga-orchestrator-service/internal/saga/otc_exercise.go:190.2,196.53 3 10
github.com/raf-si-2025/banka-1-go/saga-orchestrator-service/internal/saga/otc_exercise.go:196.53,198.3 1 0
github.com/raf-si-2025/banka-1-go/saga-orchestrator-service/internal/saga/otc_exercise.go:199.2,199.62 1 10
github.com/raf-si-2025/banka-1-go/saga-orchestrator-service/internal/saga/otc_exercise.go:199.62,202.3 2 1
github.com/raf-si-2025/banka-1-go/saga-orchestrator-service/internal/saga/otc_exercise.go:203.2,204.85 2 9
github.com/raf-si-2025/banka-1-go/saga-orchestrator-service/internal/saga/otc_exercise.go:204.85,208.3 3 0
github.com/raf-si-2025/banka-1-go/saga-orchestrator-service/internal/saga/otc_exercise.go:209.2,209.16 1 9
github.com/raf-si-2025/banka-1-go/saga-orchestrator-service/internal/saga/otc_exercise.go:209.16,213.3 2 1
github.com/raf-si-2025/banka-1-go/saga-orchestrator-service/internal/saga/otc_exercise.go:214.2,216.53 3 8
github.com/raf-si-2025/banka-1-go/saga-orchestrator-service/internal/saga/otc_exercise.go:216.53,221.3 4 2
github.com/raf-si-2025/banka-1-go/saga-orchestrator-service/internal/saga/otc_exercise.go:222.2,228.53 3 6
github.com/raf-si-2025/banka-1-go/saga-orchestrator-service/internal/saga/otc_exercise.go:228.53,230.3 1 0
github.com/raf-si-2025/banka-1-go/saga-orchestrator-service/internal/saga/otc_exercise.go:231.2,231.62 1 6
github.com/raf-si-2025/banka-1-go/saga-orchestrator-service/internal/saga/otc_exercise.go:231.62,234.3 2 1
github.com/raf-si-2025/banka-1-go/saga-orchestrator-service/internal/saga/otc_exercise.go:235.2,235.132 1 5
github.com/raf-si-2025/banka-1-go/saga-orchestrator-service/internal/saga/otc_exercise.go:235.132,236.33 1 20
github.com/raf-si-2025/banka-1-go/saga-orchestrator-service/internal/saga/otc_exercise.go:236.33,240.4 3 0
github.com/raf-si-2025/banka-1-go/saga-orchestrator-service/internal/saga/otc_exercise.go:242.2,242.71 1 5
github.com/raf-si-2025/banka-1-go/saga-orchestrator-service/internal/saga/otc_exercise.go:242.71,245.3 2 0
github.com/raf-si-2025/banka-1-go/saga-orchestrator-service/internal/saga/otc_exercise.go:246.2,254.60 5 5
github.com/raf-si-2025/banka-1-go/saga-orchestrator-service/internal/saga/otc_exercise.go:254.60,256.3 1 0
github.com/raf-si-2025/banka-1-go/saga-orchestrator-service/internal/saga/otc_exercise.go:257.2,259.12 3 5
github.com/raf-si-2025/banka-1-go/saga-orchestrator-service/internal/saga/otc_exercise.go:272.9,284.25 6 11
github.com/raf-si-2025/banka-1-go/saga-orchestrator-service/internal/saga/otc_exercise.go:284.25,286.3 1 0
github.com/raf-si-2025/banka-1-go/saga-orchestrator-service/internal/saga/otc_exercise.go:288.2,291.56 2 11
github.com/raf-si-2025/banka-1-go/saga-orchestrator-service/internal/saga/otc_exercise.go:291.56,292.67 1 1
github.com/raf-si-2025/banka-1-go/saga-orchestrator-service/internal/saga/otc_exercise.go:292.67,294.4 1 1
github.com/raf-si-2025/banka-1-go/saga-orchestrator-service/internal/saga/otc_exercise.go:294.6,296.4 1 0
github.com/raf-si-2025/banka-1-go/saga-orchestrator-service/internal/saga/otc_exercise.go:298.2,298.47 1 11
github.com/raf-si-2025/banka-1-go/saga-orchestrator-service/internal/saga/otc_exercise.go:298.47,299.67 1 3
github.com/raf-si-2025/banka-1-go/saga-orchestrator-service/internal/saga/otc_exercise.go:299.67,301.4 1 3
github.com/raf-si-2025/banka-1-go/saga-orchestrator-service/internal/saga/otc_exercise.go:301.6,303.4 1 0
github.com/raf-si-2025/banka-1-go/saga-orchestrator-service/internal/saga/otc_exercise.go:305.2,305.56 1 11
github.com/raf-si-2025/banka-1-go/saga-orchestrator-service/internal/saga/otc_exercise.go:305.56,306.67 1 5
github.com/raf-si-2025/banka-1-go/saga-orchestrator-service/internal/saga/otc_exercise.go:306.67,308.4 1 5
github.com/raf-si-2025/banka-1-go/saga-orchestrator-service/internal/saga/otc_exercise.go:308.6,310.4 1 0
github.com/raf-si-2025/banka-1-go/saga-orchestrator-service/internal/saga/otc_exercise.go:312.2,312.50 1 11
github.com/raf-si-2025/banka-1-go/saga-orchestrator-service/internal/saga/otc_exercise.go:312.50,313.67 1 9
github.com/raf-si-2025/banka-1-go/saga-orchestrator-service/internal/saga/otc_exercise.go:313.67,315.4 1 9
github.com/raf-si-2025/banka-1-go/saga-orchestrator-service/internal/saga/otc_exercise.go:315.6,317.4 1 0
github.com/raf-si-2025/banka-1-go/saga-orchestrator-service/internal/saga/otc_exercise.go:320.2,320.11 1 11
github.com/raf-si-2025/banka-1-go/saga-orchestrator-service/internal/saga/otc_exercise.go:320.11,322.3 1 11
github.com/raf-si-2025/banka-1-go/saga-orchestrator-service/internal/saga/otc_exercise.go:322.8,324.3 1 0
github.com/raf-si-2025/banka-1-go/saga-orchestrator-service/internal/saga/otc_exercise.go:325.2,333.14 4 11
github.com/raf-si-2025/banka-1-go/saga-orchestrator-service/internal/saga/otc_exercise.go:345.8,347.53 2 18
github.com/raf-si-2025/banka-1-go/saga-orchestrator-service/internal/saga/otc_exercise.go:347.53,348.10 1 19
github.com/raf-si-2025/banka-1-go/saga-orchestrator-service/internal/saga/otc_exercise.go:349.21,352.16 3 0
github.com/raf-si-2025/banka-1-go/saga-orchestrator-service/internal/saga/otc_exercise.go:353.11,353.11 0 19
github.com/raf-si-2025/banka-1-go/saga-orchestrator-service/internal/saga/otc_exercise.go:357.3,357.53 1 19
github.com/raf-si-2025/banka-1-go/saga-orchestrator-service/internal/saga/otc_exercise.go:357.53,359.38 2 2
github.com/raf-si-2025/banka-1-go/saga-orchestrator-service/internal/saga/otc_exercise.go:359.38,364.13 5 1
github.com/raf-si-2025/banka-1-go/saga-orchestrator-service/internal/saga/otc_exercise.go:368.3,368.30 1 18
github.com/raf-si-2025/banka-1-go/saga-orchestrator-service/internal/saga/otc_exercise.go:368.30,374.12 5 0
github.com/raf-si-2025/banka-1-go/saga-orchestrator-service/internal/saga/otc_exercise.go:377.3,379.14 3 18
github.com/raf-si-2025/banka-1-go/saga-orchestrator-service/internal/saga/otc_exercise.go:381.2,382.14 2 0
github.com/raf-si-2025/banka-1-go/saga-orchestrator-service/internal/saga/otc_exercise.go:390.101,391.70 1 70
github.com/raf-si-2025/banka-1-go/saga-orchestrator-service/internal/saga/otc_exercise.go:391.70,393.3 1 69
github.com/raf-si-2025/banka-1-go/saga-orchestrator-service/internal/saga/otc_exercise.go:394.2,396.12 3 1
github.com/raf-si-2025/banka-1-go/saga-orchestrator-service/internal/saga/otc_exercise.go:401.92,402.43 1 136
github.com/raf-si-2025/banka-1-go/saga-orchestrator-service/internal/saga/otc_exercise.go:402.43,404.3 1 130
github.com/raf-si-2025/banka-1-go/saga-orchestrator-service/internal/saga/otc_exercise.go:405.2,405.56 1 6
github.com/raf-si-2025/banka-1-go/saga-orchestrator-service/internal/saga/otc_exercise.go:405.56,407.3 1 1
github.com/raf-si-2025/banka-1-go/saga-orchestrator-service/internal/saga/otc_exercise.go:409.2,409.48 1 5
github.com/raf-si-2025/banka-1-go/saga-orchestrator-service/internal/saga/otc_exercise.go:409.48,411.3 1 0
github.com/raf-si-2025/banka-1-go/saga-orchestrator-service/internal/saga/otc_exercise.go:412.2,412.85 1 5
github.com/raf-si-2025/banka-1-go/saga-orchestrator-service/internal/saga/otc_exercise.go:420.95,421.70 1 3
github.com/raf-si-2025/banka-1-go/saga-orchestrator-service/internal/saga/otc_exercise.go:421.70,423.3 1 1
github.com/raf-si-2025/banka-1-go/saga-orchestrator-service/internal/saga/otc_exercise.go:426.96,427.71 1 5
github.com/raf-si-2025/banka-1-go/saga-orchestrator-service/internal/saga/otc_exercise.go:427.71,429.3 1 0
github.com/raf-si-2025/banka-1-go/saga-orchestrator-service/internal/saga/otc_exercise.go:432.95,433.70 1 4
github.com/raf-si-2025/banka-1-go/saga-orchestrator-service/internal/saga/otc_exercise.go:433.70,435.3 1 1
github.com/raf-si-2025/banka-1-go/saga-orchestrator-service/internal/saga/otc_exercise.go:438.97,439.72 1 2
github.com/raf-si-2025/banka-1-go/saga-orchestrator-service/internal/saga/otc_exercise.go:439.72,441.3 1 1
github.com/raf-si-2025/banka-1-go/saga-orchestrator-service/internal/saga/otc_exercise.go:445.36,448.2 2 12
github.com/raf-si-2025/banka-1-go/saga-orchestrator-service/internal/saga/otc_premium.go:29.116,35.16 5 5
github.com/raf-si-2025/banka-1-go/saga-orchestrator-service/internal/saga/otc_premium.go:35.16,37.3 1 0
github.com/raf-si-2025/banka-1-go/saga-orchestrator-service/internal/saga/otc_premium.go:38.2,38.12 1 5
github.com/raf-si-2025/banka-1-go/saga-orchestrator-service/internal/saga/otc_premium.go:38.12,39.24 1 1
github.com/raf-si-2025/banka-1-go/saga-orchestrator-service/internal/saga/otc_premium.go:39.24,43.4 2 1
github.com/raf-si-2025/banka-1-go/saga-orchestrator-service/internal/saga/otc_premium.go:46.3,47.56 1 0
github.com/raf-si-2025/banka-1-go/saga-orchestrator-service/internal/saga/otc_premium.go:50.2,50.50 1 4
github.com/raf-si-2025/banka-1-go/saga-orchestrator-service/internal/saga/otc_premium.go:50.50,52.3 1 0
github.com/raf-si-2025/banka-1-go/saga-orchestrator-service/internal/saga/otc_premium.go:54.2,58.16 3 4
github.com/raf-si-2025/banka-1-go/saga-orchestrator-service/internal/saga/otc_premium.go:58.16,61.3 1 0
github.com/raf-si-2025/banka-1-go/saga-orchestrator-service/internal/saga/otc_premium.go:62.2,63.16 2 4
github.com/raf-si-2025/banka-1-go/saga-orchestrator-service/internal/saga/otc_premium.go:63.16,66.3 1 0
github.com/raf-si-2025/banka-1-go/saga-orchestrator-service/internal/saga/otc_premium.go:69.2,71.20 3 4
github.com/raf-si-2025/banka-1-go/saga-orchestrator-service/internal/saga/otc_premium.go:71.20,73.3 1 0
github.com/raf-si-2025/banka-1-go/saga-orchestrator-service/internal/saga/otc_premium.go:74.2,74.23 1 4
github.com/raf-si-2025/banka-1-go/saga-orchestrator-service/internal/saga/otc_premium.go:74.23,76.17 2 1
github.com/raf-si-2025/banka-1-go/saga-orchestrator-service/internal/saga/otc_premium.go:76.17,79.4 1 0
github.com/raf-si-2025/banka-1-go/saga-orchestrator-service/internal/saga/otc_premium.go:80.3,80.29 1 1
github.com/raf-si-2025/banka-1-go/saga-orchestrator-service/internal/saga/otc_premium.go:84.2,85.16 2 4
github.com/raf-si-2025/banka-1-go/saga-orchestrator-service/internal/saga/otc_premium.go:85.16,88.3 1 1
github.com/raf-si-2025/banka-1-go/saga-orchestrator-service/internal/saga/otc_premium.go:90.2,91.81 2 3
github.com/raf-si-2025/banka-1-go/saga-orchestrator-service/internal/saga/otc_premium.go:91.81,94.3 1 0
github.com/raf-si-2025/banka-1-go/saga-orchestrator-service/internal/saga/otc_premium.go:95.2,100.12 3 3
github.com/raf-si-2025/banka-1-go/saga-orchestrator-service/internal/saga/otc_premium.go:108.9,121.2 5 1
github.com/raf-si-2025/banka-1-go/saga-orchestrator-service/internal/store/errors.go:18.40,20.28 2 7
github.com/raf-si-2025/banka-1-go/saga-orchestrator-service/internal/store/errors.go:20.28,22.3 1 3
github.com/raf-si-2025/banka-1-go/saga-orchestrator-service/internal/store/errors.go:23.2,23.14 1 4
github.com/raf-si-2025/banka-1-go/saga-orchestrator-service/internal/store/saga_instance.go:55.42,57.2 1 6
github.com/raf-si-2025/banka-1-go/saga-orchestrator-service/internal/store/saga_instance.go:65.66,67.2 1 0
github.com/raf-si-2025/banka-1-go/saga-orchestrator-service/internal/store/saga_instance.go:71.68,73.2 1 15
github.com/raf-si-2025/banka-1-go/saga-orchestrator-service/internal/store/saga_instance.go:79.26,87.16 4 2
github.com/raf-si-2025/banka-1-go/saga-orchestrator-service/internal/store/saga_instance.go:87.16,89.3 1 0
github.com/raf-si-2025/banka-1-go/saga-orchestrator-service/internal/store/saga_instance.go:90.2,90.18 1 2
github.com/raf-si-2025/banka-1-go/saga-orchestrator-service/internal/store/saga_instance.go:97.83,98.25 1 3
github.com/raf-si-2025/banka-1-go/saga-orchestrator-service/internal/store/saga_instance.go:98.25,100.3 1 3
github.com/raf-si-2025/banka-1-go/saga-orchestrator-service/internal/store/saga_instance.go:101.2,102.29 2 3
github.com/raf-si-2025/banka-1-go/saga-orchestrator-service/internal/store/saga_instance.go:102.29,104.3 1 3
github.com/raf-si-2025/banka-1-go/saga-orchestrator-service/internal/store/saga_instance.go:105.2,106.23 2 3
github.com/raf-si-2025/banka-1-go/saga-orchestrator-service/internal/store/saga_instance.go:106.23,108.3 1 3
github.com/raf-si-2025/banka-1-go/saga-orchestrator-service/internal/store/saga_instance.go:110.2,121.28 3 3
github.com/raf-si-2025/banka-1-go/saga-orchestrator-service/internal/store/saga_instance.go:121.28,123.3 1 1
github.com/raf-si-2025/banka-1-go/saga-orchestrator-service/internal/store/saga_instance.go:124.2,124.12 1 2
github.com/raf-si-2025/banka-1-go/saga-orchestrator-service/internal/store/saga_instance.go:130.93,149.16 4 3
github.com/raf-si-2025/banka-1-go/saga-orchestrator-service/internal/store/saga_instance.go:149.16,151.3 1 1
github.com/raf-si-2025/banka-1-go/saga-orchestrator-service/internal/store/saga_instance.go:152.2,152.29 1 2
github.com/raf-si-2025/banka-1-go/saga-orchestrator-service/internal/store/saga_instance.go:152.29,154.3 1 1
github.com/raf-si-2025/banka-1-go/saga-orchestrator-service/internal/store/saga_instance.go:155.2,156.12 2 1
github.com/raf-si-2025/banka-1-go/saga-orchestrator-service/internal/store/saga_instance.go:161.96,169.2 3 2
github.com/raf-si-2025/banka-1-go/saga-orchestrator-service/internal/store/saga_instance.go:174.27,183.2 2 1
github.com/raf-si-2025/banka-1-go/saga-orchestrator-service/internal/store/saga_instance.go:186.101,194.2 2 2
github.com/raf-si-2025/banka-1-go/saga-orchestrator-service/internal/store/saga_instance.go:200.27,209.2 2 2
github.com/raf-si-2025/banka-1-go/saga-orchestrator-service/internal/store/saga_instance.go:216.50,225.16 4 4
github.com/raf-si-2025/banka-1-go/saga-orchestrator-service/internal/store/saga_instance.go:225.16,226.27 1 2
github.com/raf-si-2025/banka-1-go/saga-orchestrator-service/internal/store/saga_instance.go:226.27,228.4 1 2
github.com/raf-si-2025/banka-1-go/saga-orchestrator-service/internal/store/saga_instance.go:229.3,229.63 1 0
github.com/raf-si-2025/banka-1-go/saga-orchestrator-service/internal/store/saga_instance.go:231.2,233.19 3 2
github.com/raf-si-2025/banka-1-go/saga-orchestrator-service/internal/store/saga_instance.go:237.98,239.16 2 5
github.com/raf-si-2025/banka-1-go/saga-orchestrator-service/internal/store/saga_instance.go:239.16,241.3 1 2
github.com/raf-si-2025/banka-1-go/saga-orchestrator-service/internal/store/saga_instance.go:242.2,244.18 3 3
github.com/raf-si-2025/banka-1-go/saga-orchestrator-service/internal/store/saga_instance.go:244.18,252.17 3 4
github.com/raf-si-2025/banka-1-go/saga-orchestrator-service/internal/store/saga_instance.go:252.17,254.4 1 0
github.com/raf-si-2025/banka-1-go/saga-orchestrator-service/internal/store/saga_instance.go:255.3,257.32 3 4
github.com/raf-si-2025/banka-1-go/saga-orchestrator-service/internal/store/saga_instance.go:259.2,259.27 1 3
github.com/raf-si-2025/banka-1-go/saga-orchestrator-service/internal/store/saga_instance.go:264.29,265.17 1 12
github.com/raf-si-2025/banka-1-go/saga-orchestrator-service/internal/store/saga_instance.go:265.17,267.3 1 12
github.com/raf-si-2025/banka-1-go/saga-orchestrator-service/internal/store/saga_instance.go:268.2,268.10 1 0
github.com/raf-si-2025/banka-1-go/saga-orchestrator-service/internal/client/banking_core.go:45.109,46.18 1 12
github.com/raf-si-2025/banka-1-go/saga-orchestrator-service/internal/client/banking_core.go:46.18,48.3 1 1
github.com/raf-si-2025/banka-1-go/saga-orchestrator-service/internal/client/banking_core.go:49.2,53.3 1 12
github.com/raf-si-2025/banka-1-go/saga-orchestrator-service/internal/client/banking_core.go:73.19,79.16 3 2
github.com/raf-si-2025/banka-1-go/saga-orchestrator-service/internal/client/banking_core.go:79.16,81.3 1 1
github.com/raf-si-2025/banka-1-go/saga-orchestrator-service/internal/client/banking_core.go:82.2,82.34 1 1
github.com/raf-si-2025/banka-1-go/saga-orchestrator-service/internal/client/banking_core.go:87.106,89.81 2 2
github.com/raf-si-2025/banka-1-go/saga-orchestrator-service/internal/client/banking_core.go:89.81,91.3 1 1
github.com/raf-si-2025/banka-1-go/saga-orchestrator-service/internal/client/banking_core.go:92.2,92.12 1 1
github.com/raf-si-2025/banka-1-go/saga-orchestrator-service/internal/client/banking_core.go:97.111,99.79 2 2
github.com/raf-si-2025/banka-1-go/saga-orchestrator-service/internal/client/banking_core.go:99.79,101.3 1 1
github.com/raf-si-2025/banka-1-go/saga-orchestrator-service/internal/client/banking_core.go:102.2,102.12 1 1
github.com/raf-si-2025/banka-1-go/saga-orchestrator-service/internal/client/banking_core.go:112.19,122.16 3 1
github.com/raf-si-2025/banka-1-go/saga-orchestrator-service/internal/client/banking_core.go:122.16,124.3 1 0
github.com/raf-si-2025/banka-1-go/saga-orchestrator-service/internal/client/banking_core.go:125.2,125.31 1 1
github.com/raf-si-2025/banka-1-go/saga-orchestrator-service/internal/client/banking_core.go:130.106,132.79 2 2
github.com/raf-si-2025/banka-1-go/saga-orchestrator-service/internal/client/banking_core.go:132.79,134.3 1 1
github.com/raf-si-2025/banka-1-go/saga-orchestrator-service/internal/client/banking_core.go:135.2,135.12 1 1
github.com/raf-si-2025/banka-1-go/saga-orchestrator-service/internal/client/banking_core.go:140.109,145.71 3 2
github.com/raf-si-2025/banka-1-go/saga-orchestrator-service/internal/client/banking_core.go:145.71,147.3 1 1
github.com/raf-si-2025/banka-1-go/saga-orchestrator-service/internal/client/banking_core.go:148.2,148.34 1 1
github.com/raf-si-2025/banka-1-go/saga-orchestrator-service/internal/client/banking_core.go:158.9,160.16 2 11
github.com/raf-si-2025/banka-1-go/saga-orchestrator-service/internal/client/banking_core.go:160.16,162.3 1 0
github.com/raf-si-2025/banka-1-go/saga-orchestrator-service/internal/client/banking_core.go:163.2,164.16 2 11
github.com/raf-si-2025/banka-1-go/saga-orchestrator-service/internal/client/banking_core.go:164.16,166.3 1 0
github.com/raf-si-2025/banka-1-go/saga-orchestrator-service/internal/client/banking_core.go:167.2,168.25 2 11
github.com/raf-si-2025/banka-1-go/saga-orchestrator-service/internal/client/banking_core.go:168.25,170.3 1 9
github.com/raf-si-2025/banka-1-go/saga-orchestrator-service/internal/client/banking_core.go:171.2,171.32 1 11
github.com/raf-si-2025/banka-1-go/saga-orchestrator-service/internal/client/banking_core.go:178.92,180.17 2 24
github.com/raf-si-2025/banka-1-go/saga-orchestrator-service/internal/client/banking_core.go:180.17,182.17 2 9
github.com/raf-si-2025/banka-1-go/saga-orchestrator-service/internal/client/banking_core.go:182.17,184.4 1 0
github.com/raf-si-2025/banka-1-go/saga-orchestrator-service/internal/client/banking_core.go:185.3,185.25 1 9
github.com/raf-si-2025/banka-1-go/saga-orchestrator-service/internal/client/banking_core.go:187.2,188.16 2 24
github.com/raf-si-2025/banka-1-go/saga-orchestrator-service/internal/client/banking_core.go:188.16,190.3 1 0
github.com/raf-si-2025/banka-1-go/saga-orchestrator-service/internal/client/banking_core.go:191.2,191.17 1 24
github.com/raf-si-2025/banka-1-go/saga-orchestrator-service/internal/client/banking_core.go:191.17,193.3 1 9
github.com/raf-si-2025/banka-1-go/saga-orchestrator-service/internal/client/banking_core.go:194.2,194.17 1 24
github.com/raf-si-2025/banka-1-go/saga-orchestrator-service/internal/client/banking_core.go:197.65,199.16 2 24
github.com/raf-si-2025/banka-1-go/saga-orchestrator-service/internal/client/banking_core.go:199.16,201.3 1 0
github.com/raf-si-2025/banka-1-go/saga-orchestrator-service/internal/client/banking_core.go:202.2,203.44 2 24
github.com/raf-si-2025/banka-1-go/saga-orchestrator-service/internal/client/banking_core.go:203.44,205.3 1 2
github.com/raf-si-2025/banka-1-go/saga-orchestrator-service/internal/client/banking_core.go:206.2,206.28 1 22
github.com/raf-si-2025/banka-1-go/saga-orchestrator-service/internal/client/banking_core.go:206.28,209.3 2 9
github.com/raf-si-2025/banka-1-go/saga-orchestrator-service/internal/client/banking_core.go:210.2,210.16 1 13
github.com/raf-si-2025/banka-1-go/saga-orchestrator-service/internal/client/banking_core.go:210.16,212.3 1 5
github.com/raf-si-2025/banka-1-go/saga-orchestrator-service/internal/client/banking_core.go:213.2,214.16 2 8
github.com/raf-si-2025/banka-1-go/saga-orchestrator-service/internal/client/banking_core.go:214.16,216.3 1 0
github.com/raf-si-2025/banka-1-go/saga-orchestrator-service/internal/client/banking_core.go:217.2,217.17 1 8
github.com/raf-si-2025/banka-1-go/saga-orchestrator-service/internal/client/banking_core.go:217.17,219.3 1 0
github.com/raf-si-2025/banka-1-go/saga-orchestrator-service/internal/client/banking_core.go:220.2,220.31 1 8
github.com/raf-si-2025/banka-1-go/saga-orchestrator-service/internal/client/market.go:34.113,35.18 1 4
github.com/raf-si-2025/banka-1-go/saga-orchestrator-service/internal/client/market.go:35.18,37.3 1 1
github.com/raf-si-2025/banka-1-go/saga-orchestrator-service/internal/client/market.go:38.2,42.3 1 4
github.com/raf-si-2025/banka-1-go/saga-orchestrator-service/internal/client/market.go:65.28,74.16 3 3
github.com/raf-si-2025/banka-1-go/saga-orchestrator-service/internal/client/market.go:74.16,76.3 1 0
github.com/raf-si-2025/banka-1-go/saga-orchestrator-service/internal/client/market.go:77.2,78.16 2 3
github.com/raf-si-2025/banka-1-go/saga-orchestrator-service/internal/client/market.go:78.16,80.3 1 0
github.com/raf-si-2025/banka-1-go/saga-orchestrator-service/internal/client/market.go:81.2,83.52 3 3
github.com/raf-si-2025/banka-1-go/saga-orchestrator-service/internal/client/market.go:83.52,85.3 1 1
github.com/raf-si-2025/banka-1-go/saga-orchestrator-service/internal/client/market.go:86.2,86.30 1 2
github.com/raf-si-2025/banka-1-go/saga-orchestrator-service/internal/client/market.go:86.30,88.3 1 1
github.com/raf-si-2025/banka-1-go/saga-orchestrator-service/internal/client/market.go:89.2,89.29 1 1
github.com/raf-si-2025/banka-1-go/saga-orchestrator-service/internal/client/trading.go:31.115,32.18 1 11
github.com/raf-si-2025/banka-1-go/saga-orchestrator-service/internal/client/trading.go:32.18,34.3 1 1
github.com/raf-si-2025/banka-1-go/saga-orchestrator-service/internal/client/trading.go:35.2,39.3 1 11
github.com/raf-si-2025/banka-1-go/saga-orchestrator-service/internal/client/trading.go:65.19,75.16 3 2
github.com/raf-si-2025/banka-1-go/saga-orchestrator-service/internal/client/trading.go:75.16,77.3 1 1
github.com/raf-si-2025/banka-1-go/saga-orchestrator-service/internal/client/trading.go:78.2,78.34 1 1
github.com/raf-si-2025/banka-1-go/saga-orchestrator-service/internal/client/trading.go:82.110,84.81 2 2
github.com/raf-si-2025/banka-1-go/saga-orchestrator-service/internal/client/trading.go:84.81,86.3 1 1
github.com/raf-si-2025/banka-1-go/saga-orchestrator-service/internal/client/trading.go:87.2,87.12 1 1
github.com/raf-si-2025/banka-1-go/saga-orchestrator-service/internal/client/trading.go:94.19,98.84 4 2
github.com/raf-si-2025/banka-1-go/saga-orchestrator-service/internal/client/trading.go:98.84,100.3 1 1
github.com/raf-si-2025/banka-1-go/saga-orchestrator-service/internal/client/trading.go:101.2,101.40 1 1
github.com/raf-si-2025/banka-1-go/saga-orchestrator-service/internal/client/trading.go:106.119,108.79 2 2
github.com/raf-si-2025/banka-1-go/saga-orchestrator-service/internal/client/trading.go:108.79,110.3 1 1
github.com/raf-si-2025/banka-1-go/saga-orchestrator-service/internal/client/trading.go:111.2,111.12 1 1
github.com/raf-si-2025/banka-1-go/saga-orchestrator-service/internal/client/trading.go:119.19,123.84 4 2
github.com/raf-si-2025/banka-1-go/saga-orchestrator-service/internal/client/trading.go:123.84,125.3 1 1
github.com/raf-si-2025/banka-1-go/saga-orchestrator-service/internal/client/trading.go:126.2,126.34 1 1
github.com/raf-si-2025/banka-1-go/saga-orchestrator-service/internal/client/trading.go:133.9,135.16 2 10
github.com/raf-si-2025/banka-1-go/saga-orchestrator-service/internal/client/trading.go:135.16,137.3 1 0
github.com/raf-si-2025/banka-1-go/saga-orchestrator-service/internal/client/trading.go:138.2,139.16 2 10
github.com/raf-si-2025/banka-1-go/saga-orchestrator-service/internal/client/trading.go:139.16,141.3 1 0
github.com/raf-si-2025/banka-1-go/saga-orchestrator-service/internal/client/trading.go:142.2,143.25 2 10
github.com/raf-si-2025/banka-1-go/saga-orchestrator-service/internal/client/trading.go:143.25,145.3 1 10
github.com/raf-si-2025/banka-1-go/saga-orchestrator-service/internal/client/trading.go:146.2,146.32 1 10
github.com/raf-si-2025/banka-1-go/saga-orchestrator-service/internal/config/config.go:127.30,129.54 2 5
github.com/raf-si-2025/banka-1-go/saga-orchestrator-service/internal/config/config.go:129.54,131.3 1 1
github.com/raf-si-2025/banka-1-go/saga-orchestrator-service/internal/config/config.go:133.2,134.19 2 4
github.com/raf-si-2025/banka-1-go/saga-orchestrator-service/internal/config/config.go:134.19,136.3 1 0
github.com/raf-si-2025/banka-1-go/saga-orchestrator-service/internal/config/config.go:139.2,139.43 1 4
github.com/raf-si-2025/banka-1-go/saga-orchestrator-service/internal/config/config.go:139.43,140.57 1 2
github.com/raf-si-2025/banka-1-go/saga-orchestrator-service/internal/config/config.go:140.57,142.4 1 1
github.com/raf-si-2025/banka-1-go/saga-orchestrator-service/internal/config/config.go:145.2,145.16 1 3
github.com/raf-si-2025/banka-1-go/saga-orchestrator-service/cmd/saga-orchestrator-service/main.go:34.13,35.30 1 0
github.com/raf-si-2025/banka-1-go/saga-orchestrator-service/cmd/saga-orchestrator-service/main.go:35.30,38.3 2 0
github.com/raf-si-2025/banka-1-go/saga-orchestrator-service/cmd/saga-orchestrator-service/main.go:41.18,46.16 2 0
github.com/raf-si-2025/banka-1-go/saga-orchestrator-service/cmd/saga-orchestrator-service/main.go:46.16,48.3 1 0
github.com/raf-si-2025/banka-1-go/saga-orchestrator-service/cmd/saga-orchestrator-service/main.go:53.2,76.16 6 0
github.com/raf-si-2025/banka-1-go/saga-orchestrator-service/cmd/saga-orchestrator-service/main.go:76.16,78.3 1 0
github.com/raf-si-2025/banka-1-go/saga-orchestrator-service/cmd/saga-orchestrator-service/main.go:79.2,85.16 3 0
github.com/raf-si-2025/banka-1-go/saga-orchestrator-service/cmd/saga-orchestrator-service/main.go:85.16,87.3 1 0
github.com/raf-si-2025/banka-1-go/saga-orchestrator-service/cmd/saga-orchestrator-service/main.go:88.2,88.53 1 0
github.com/raf-si-2025/banka-1-go/saga-orchestrator-service/cmd/saga-orchestrator-service/main.go:88.53,91.3 2 0
github.com/raf-si-2025/banka-1-go/saga-orchestrator-service/cmd/saga-orchestrator-service/main.go:92.2,92.67 1 0
github.com/raf-si-2025/banka-1-go/saga-orchestrator-service/cmd/saga-orchestrator-service/main.go:92.67,95.3 2 0
github.com/raf-si-2025/banka-1-go/saga-orchestrator-service/cmd/saga-orchestrator-service/main.go:96.2,138.16 9 0
github.com/raf-si-2025/banka-1-go/saga-orchestrator-service/cmd/saga-orchestrator-service/main.go:138.16,140.3 1 0
github.com/raf-si-2025/banka-1-go/saga-orchestrator-service/cmd/saga-orchestrator-service/main.go:141.2,145.16 3 0
github.com/raf-si-2025/banka-1-go/saga-orchestrator-service/cmd/saga-orchestrator-service/main.go:145.16,147.3 1 0
github.com/raf-si-2025/banka-1-go/saga-orchestrator-service/cmd/saga-orchestrator-service/main.go:148.2,148.55 1 0
github.com/raf-si-2025/banka-1-go/saga-orchestrator-service/cmd/saga-orchestrator-service/main.go:148.55,151.3 2 0
github.com/raf-si-2025/banka-1-go/saga-orchestrator-service/cmd/saga-orchestrator-service/main.go:152.2,157.16 4 0
github.com/raf-si-2025/banka-1-go/saga-orchestrator-service/cmd/saga-orchestrator-service/main.go:157.16,159.3 1 0
github.com/raf-si-2025/banka-1-go/saga-orchestrator-service/cmd/saga-orchestrator-service/main.go:160.2,187.44 5 0
github.com/raf-si-2025/banka-1-go/saga-orchestrator-service/cmd/saga-orchestrator-service/main.go:187.44,190.5 2 0
github.com/raf-si-2025/banka-1-go/saga-orchestrator-service/cmd/saga-orchestrator-service/main.go:191.58,193.5 1 0
github.com/raf-si-2025/banka-1-go/saga-orchestrator-service/cmd/saga-orchestrator-service/main.go:197.44,200.5 2 0
github.com/raf-si-2025/banka-1-go/saga-orchestrator-service/cmd/saga-orchestrator-service/main.go:201.58,203.5 1 0
github.com/raf-si-2025/banka-1-go/saga-orchestrator-service/cmd/saga-orchestrator-service/main.go:207.44,210.5 2 0
github.com/raf-si-2025/banka-1-go/saga-orchestrator-service/cmd/saga-orchestrator-service/main.go:211.58,213.5 1 0
github.com/raf-si-2025/banka-1-go/saga-orchestrator-service/cmd/saga-orchestrator-service/main.go:217.44,220.5 2 0
github.com/raf-si-2025/banka-1-go/saga-orchestrator-service/cmd/saga-orchestrator-service/main.go:221.58,223.5 1 0
github.com/raf-si-2025/banka-1-go/saga-orchestrator-service/cmd/saga-orchestrator-service/main.go:227.44,230.5 2 0
github.com/raf-si-2025/banka-1-go/saga-orchestrator-service/cmd/saga-orchestrator-service/main.go:231.58,233.5 1 0
github.com/raf-si-2025/banka-1-go/saga-orchestrator-service/cmd/saga-orchestrator-service/main.go:237.2,238.29 2 0
github.com/raf-si-2025/banka-1-go/saga-orchestrator-service/cmd/saga-orchestrator-service/main.go:238.29,240.17 2 0
github.com/raf-si-2025/banka-1-go/saga-orchestrator-service/cmd/saga-orchestrator-service/main.go:240.17,242.4 1 0
github.com/raf-si-2025/banka-1-go/saga-orchestrator-service/cmd/saga-orchestrator-service/main.go:243.3,248.50 5 0
github.com/raf-si-2025/banka-1-go/saga-orchestrator-service/cmd/saga-orchestrator-service/main.go:248.50,250.4 1 0
github.com/raf-si-2025/banka-1-go/saga-orchestrator-service/cmd/saga-orchestrator-service/main.go:252.2,268.12 4 0
github.com/raf-si-2025/banka-1-go/saga-orchestrator-service/cmd/saga-orchestrator-service/main.go:268.12,268.50 1 0
github.com/raf-si-2025/banka-1-go/saga-orchestrator-service/cmd/saga-orchestrator-service/main.go:273.2,284.12 6 0
github.com/raf-si-2025/banka-1-go/saga-orchestrator-service/cmd/saga-orchestrator-service/main.go:284.12,286.89 2 0
github.com/raf-si-2025/banka-1-go/saga-orchestrator-service/cmd/saga-orchestrator-service/main.go:286.89,288.4 1 0
github.com/raf-si-2025/banka-1-go/saga-orchestrator-service/cmd/saga-orchestrator-service/main.go:289.3,289.18 1 0
github.com/raf-si-2025/banka-1-go/saga-orchestrator-service/cmd/saga-orchestrator-service/main.go:295.2,298.9 3 0
github.com/raf-si-2025/banka-1-go/saga-orchestrator-service/cmd/saga-orchestrator-service/main.go:299.18,300.55 1 0
github.com/raf-si-2025/banka-1-go/saga-orchestrator-service/cmd/saga-orchestrator-service/main.go:301.25,302.17 1 0
github.com/raf-si-2025/banka-1-go/saga-orchestrator-service/cmd/saga-orchestrator-service/main.go:302.17,305.4 2 0
github.com/raf-si-2025/banka-1-go/saga-orchestrator-service/cmd/saga-orchestrator-service/main.go:306.26,307.54 1 0
github.com/raf-si-2025/banka-1-go/saga-orchestrator-service/cmd/saga-orchestrator-service/main.go:307.54,310.4 2 0
github.com/raf-si-2025/banka-1-go/saga-orchestrator-service/cmd/saga-orchestrator-service/main.go:316.2,321.54 4 0
github.com/raf-si-2025/banka-1-go/saga-orchestrator-service/cmd/saga-orchestrator-service/main.go:321.54,323.3 1 0
github.com/raf-si-2025/banka-1-go/saga-orchestrator-service/cmd/saga-orchestrator-service/main.go:326.2,326.9 1 0
github.com/raf-si-2025/banka-1-go/saga-orchestrator-service/cmd/saga-orchestrator-service/main.go:327.19,327.19 0 0
github.com/raf-si-2025/banka-1-go/saga-orchestrator-service/cmd/saga-orchestrator-service/main.go:328.28,329.65 1 0
github.com/raf-si-2025/banka-1-go/saga-orchestrator-service/cmd/saga-orchestrator-service/main.go:333.2,333.36 1 0
github.com/raf-si-2025/banka-1-go/saga-orchestrator-service/cmd/saga-orchestrator-service/main.go:333.36,334.10 1 0
github.com/raf-si-2025/banka-1-go/saga-orchestrator-service/cmd/saga-orchestrator-service/main.go:335.15,335.15 0 0
github.com/raf-si-2025/banka-1-go/saga-orchestrator-service/cmd/saga-orchestrator-service/main.go:336.29,336.29 0 0
github.com/raf-si-2025/banka-1-go/saga-orchestrator-service/cmd/saga-orchestrator-service/main.go:340.2,341.12 2 0
