mode: set
Banka1Back/notification-service-go/internal/messaging/consumer.go:38.89,40.2 1 0
Banka1Back/notification-service-go/internal/messaging/consumer.go:44.51,48.6 3 0
Banka1Back/notification-service-go/internal/messaging/consumer.go:48.6,49.35 1 0
Banka1Back/notification-service-go/internal/messaging/consumer.go:49.35,51.4 1 0
Banka1Back/notification-service-go/internal/messaging/consumer.go:53.3,54.17 2 0
Banka1Back/notification-service-go/internal/messaging/consumer.go:54.17,56.4 1 0
Banka1Back/notification-service-go/internal/messaging/consumer.go:58.3,63.10 2 0
Banka1Back/notification-service-go/internal/messaging/consumer.go:64.21,65.14 1 0
Banka1Back/notification-service-go/internal/messaging/consumer.go:66.30,66.30 0 0
Banka1Back/notification-service-go/internal/messaging/consumer.go:69.3,70.27 2 0
Banka1Back/notification-service-go/internal/messaging/consumer.go:70.27,72.4 1 0
Banka1Back/notification-service-go/internal/messaging/consumer.go:76.55,81.16 2 0
Banka1Back/notification-service-go/internal/messaging/consumer.go:81.16,83.3 1 0
Banka1Back/notification-service-go/internal/messaging/consumer.go:84.2,84.15 1 0
Banka1Back/notification-service-go/internal/messaging/consumer.go:84.15,84.35 1 0
Banka1Back/notification-service-go/internal/messaging/consumer.go:86.2,89.16 3 0
Banka1Back/notification-service-go/internal/messaging/consumer.go:89.16,91.3 1 0
Banka1Back/notification-service-go/internal/messaging/consumer.go:92.2,92.15 1 0
Banka1Back/notification-service-go/internal/messaging/consumer.go:92.15,92.33 1 0
Banka1Back/notification-service-go/internal/messaging/consumer.go:94.2,94.58 1 0
Banka1Back/notification-service-go/internal/messaging/consumer.go:94.58,96.3 1 0
Banka1Back/notification-service-go/internal/messaging/consumer.go:97.2,102.64 2 0
Banka1Back/notification-service-go/internal/messaging/consumer.go:102.64,104.3 1 0
Banka1Back/notification-service-go/internal/messaging/consumer.go:106.2,115.16 2 0
Banka1Back/notification-service-go/internal/messaging/consumer.go:115.16,117.3 1 0
Banka1Back/notification-service-go/internal/messaging/consumer.go:119.2,125.43 2 0
Banka1Back/notification-service-go/internal/messaging/consumer.go:132.9,136.44 3 0
Banka1Back/notification-service-go/internal/messaging/consumer.go:136.44,138.13 2 0
Banka1Back/notification-service-go/internal/messaging/consumer.go:138.13,140.24 2 0
Banka1Back/notification-service-go/internal/messaging/consumer.go:140.24,142.5 1 0
Banka1Back/notification-service-go/internal/messaging/consumer.go:146.2,146.15 1 0
Banka1Back/notification-service-go/internal/messaging/consumer.go:146.15,149.3 2 0
Banka1Back/notification-service-go/internal/messaging/consumer.go:151.2,153.6 2 0
Banka1Back/notification-service-go/internal/messaging/consumer.go:153.6,154.10 1 0
Banka1Back/notification-service-go/internal/messaging/consumer.go:155.21,157.14 2 0
Banka1Back/notification-service-go/internal/messaging/consumer.go:159.35,160.29 1 0
Banka1Back/notification-service-go/internal/messaging/consumer.go:160.29,162.5 1 0
Banka1Back/notification-service-go/internal/messaging/consumer.go:163.4,163.60 1 0
Banka1Back/notification-service-go/internal/messaging/consumer.go:165.30,166.11 1 0
Banka1Back/notification-service-go/internal/messaging/consumer.go:166.11,168.5 1 0
Banka1Back/notification-service-go/internal/messaging/consumer.go:169.4,169.13 1 0
Banka1Back/notification-service-go/internal/messaging/consumer.go:180.69,184.53 3 0
Banka1Back/notification-service-go/internal/messaging/consumer.go:184.53,190.54 2 0
Banka1Back/notification-service-go/internal/messaging/consumer.go:190.54,192.4 1 0
Banka1Back/notification-service-go/internal/messaging/consumer.go:193.3,193.9 1 0
Banka1Back/notification-service-go/internal/messaging/consumer.go:196.2,199.67 3 0
Banka1Back/notification-service-go/internal/messaging/consumer.go:199.67,205.54 2 0
Banka1Back/notification-service-go/internal/messaging/consumer.go:205.54,207.4 1 0
Banka1Back/notification-service-go/internal/messaging/consumer.go:208.3,208.9 1 0
Banka1Back/notification-service-go/internal/messaging/consumer.go:211.2,211.43 1 0
Banka1Back/notification-service-go/internal/messaging/consumer.go:211.43,216.3 1 0
Banka1Back/notification-service-go/internal/messaging/consumer.go:219.39,220.17 1 0
Banka1Back/notification-service-go/internal/messaging/consumer.go:220.17,222.3 1 0
Banka1Back/notification-service-go/internal/messaging/consumer.go:223.2,223.22 1 0
Banka1Back/notification-service-go/internal/messaging/dispatcher.go:29.76,31.2 1 1
Banka1Back/notification-service-go/internal/messaging/dispatcher.go:40.9,41.42 1 1
Banka1Back/notification-service-go/internal/messaging/dispatcher.go:41.42,44.3 2 1
Banka1Back/notification-service-go/internal/messaging/dispatcher.go:46.2,47.9 2 1
Banka1Back/notification-service-go/internal/messaging/dispatcher.go:47.9,51.82 2 1
Banka1Back/notification-service-go/internal/messaging/dispatcher.go:51.82,53.4 1 1
Banka1Back/notification-service-go/internal/messaging/dispatcher.go:54.3,54.13 1 1
Banka1Back/notification-service-go/internal/messaging/dispatcher.go:57.2,57.39 1 1
Banka1Back/notification-service-go/internal/messaging/dispatcher.go:57.39,58.57 1 1
Banka1Back/notification-service-go/internal/messaging/dispatcher.go:58.57,63.4 1 1
Banka1Back/notification-service-go/internal/messaging/dispatcher.go:63.9,70.4 2 1
Banka1Back/notification-service-go/internal/messaging/dispatcher.go:73.2,79.78 2 1
Banka1Back/notification-service-go/internal/messaging/dispatcher.go:79.78,81.3 1 1
Banka1Back/notification-service-go/internal/messaging/dispatcher.go:82.2,82.12 1 1
Banka1Back/notification-service-go/internal/messaging/topology.go:13.74,22.16 1 0
Banka1Back/notification-service-go/internal/messaging/topology.go:22.16,24.3 1 0
Banka1Back/notification-service-go/internal/messaging/topology.go:26.2,33.16 1 0
Banka1Back/notification-service-go/internal/messaging/topology.go:33.16,35.3 1 0
Banka1Back/notification-service-go/internal/messaging/topology.go:37.2,37.46 1 0
Banka1Back/notification-service-go/internal/messaging/topology.go:37.46,44.17 1 0
Banka1Back/notification-service-go/internal/messaging/topology.go:44.17,47.4 1 0
Banka1Back/notification-service-go/internal/messaging/topology.go:50.2,50.12 1 0
Banka1Back/notification-service-go/internal/model/delivery_status.go:20.43,22.2 1 1
Banka1Back/notification-service-go/internal/model/delivery_status.go:24.46,26.2 1 1
Banka1Back/notification-service-go/internal/model/delivery_status.go:28.68,30.28 2 1
Banka1Back/notification-service-go/internal/model/delivery_status.go:30.28,31.16 1 1
Banka1Back/notification-service-go/internal/model/delivery_status.go:31.16,33.4 1 1
Banka1Back/notification-service-go/internal/model/delivery_status.go:35.2,35.68 1 1
Banka1Back/notification-service-go/internal/model/delivery_status.go:92.49,94.2 1 1
Banka1Back/notification-service-go/internal/model/delivery_status.go:101.46,103.2 1 1
Banka1Back/notification-service-go/internal/model/notification_delivery.go:34.74,35.28 1 1
Banka1Back/notification-service-go/internal/model/notification_delivery.go:35.28,37.3 1 1
Banka1Back/notification-service-go/internal/model/notification_delivery.go:38.2,38.38 1 1
Banka1Back/notification-service-go/internal/model/notification_delivery.go:38.38,40.3 1 1
Banka1Back/notification-service-go/internal/model/notification_delivery.go:41.2,41.39 1 1
Banka1Back/notification-service-go/internal/model/notification_delivery.go:41.39,42.30 1 1
Banka1Back/notification-service-go/internal/model/notification_delivery.go:42.30,44.4 1 1
Banka1Back/notification-service-go/internal/model/notification_delivery.go:45.3,45.38 1 1
Banka1Back/notification-service-go/internal/model/notification_delivery.go:47.2,47.68 1 1
Banka1Back/notification-service-go/internal/model/notification_delivery.go:51.74,52.16 1 1
Banka1Back/notification-service-go/internal/model/notification_delivery.go:52.16,54.3 1 1
Banka1Back/notification-service-go/internal/model/notification_delivery.go:55.2,55.40 1 1
Banka1Back/notification-service-go/internal/model/notification_delivery.go:59.38,60.35 1 1
Banka1Back/notification-service-go/internal/model/notification_delivery.go:60.35,62.3 1 1
Banka1Back/notification-service-go/internal/model/notification_delivery.go:63.2,63.32 1 1
Banka1Back/notification-service-go/internal/model/notification_delivery.go:71.25,82.2 1 1
Banka1Back/notification-service-go/internal/model/notification_delivery.go:91.25,104.2 2 1
Banka1Back/notification-service-go/internal/model/routing_keys.go:64.59,66.2 1 1
Banka1Back/notification-service-go/internal/model/routing_keys.go:70.74,73.2 2 1
Banka1Back/notification-service-go/internal/service/notification_service.go:69.43,70.38 1 1
Banka1Back/notification-service-go/internal/service/notification_service.go:70.38,70.55 1 1
Banka1Back/notification-service-go/internal/service/notification_service.go:74.71,75.38 1 1
Banka1Back/notification-service-go/internal/service/notification_service.go:75.38,78.3 2 1
Banka1Back/notification-service-go/internal/service/notification_service.go:90.24,92.2 1 0
Banka1Back/notification-service-go/internal/service/notification_service.go:104.24,112.29 1 1
Banka1Back/notification-service-go/internal/service/notification_service.go:112.29,112.39 1 0
Banka1Back/notification-service-go/internal/service/notification_service.go:114.2,114.25 1 1
Banka1Back/notification-service-go/internal/service/notification_service.go:114.25,116.3 1 1
Banka1Back/notification-service-go/internal/service/notification_service.go:117.2,117.12 1 1
Banka1Back/notification-service-go/internal/service/notification_service.go:139.9,140.56 1 1
Banka1Back/notification-service-go/internal/service/notification_service.go:140.56,142.3 1 1
Banka1Back/notification-service-go/internal/service/notification_service.go:144.2,150.16 2 1
Banka1Back/notification-service-go/internal/service/notification_service.go:150.16,151.48 1 1
Banka1Back/notification-service-go/internal/service/notification_service.go:151.48,157.4 1 0
Banka1Back/notification-service-go/internal/service/notification_service.go:157.9,163.4 1 1
Banka1Back/notification-service-go/internal/service/notification_service.go:164.3,164.72 1 1
Banka1Back/notification-service-go/internal/service/notification_service.go:167.2,175.54 2 1
Banka1Back/notification-service-go/internal/service/notification_service.go:175.54,177.3 1 1
Banka1Back/notification-service-go/internal/service/notification_service.go:179.2,186.16 3 1
Banka1Back/notification-service-go/internal/service/notification_service.go:186.16,186.49 1 1
Banka1Back/notification-service-go/internal/service/notification_service.go:188.2,188.12 1 1
Banka1Back/notification-service-go/internal/service/notification_service.go:195.9,202.16 2 1
Banka1Back/notification-service-go/internal/service/notification_service.go:202.16,208.3 2 0
Banka1Back/notification-service-go/internal/service/notification_service.go:210.2,211.12 2 1
Banka1Back/notification-service-go/internal/service/notification_service.go:220.3,221.48 1 1
Banka1Back/notification-service-go/internal/service/notification_service.go:221.48,226.3 2 1
Banka1Back/notification-service-go/internal/service/notification_service.go:228.2,228.23 1 1
Banka1Back/notification-service-go/internal/service/notification_service.go:228.23,233.3 2 1
Banka1Back/notification-service-go/internal/service/notification_service.go:235.2,236.16 2 1
Banka1Back/notification-service-go/internal/service/notification_service.go:236.16,243.3 2 1
Banka1Back/notification-service-go/internal/service/notification_service.go:244.2,244.39 1 1
Banka1Back/notification-service-go/internal/service/notification_service.go:244.39,250.3 2 1
Banka1Back/notification-service-go/internal/service/notification_service.go:252.2,252.26 1 1
Banka1Back/notification-service-go/internal/service/notification_service.go:253.49,254.61 1 1
Banka1Back/notification-service-go/internal/service/notification_service.go:255.51,256.88 1 1
Banka1Back/notification-service-go/internal/service/notification_service.go:256.88,262.4 1 1
Banka1Back/notification-service-go/internal/service/notification_service.go:262.9,267.4 1 1
Banka1Back/notification-service-go/internal/service/notification_service.go:268.10,271.4 1 0
Banka1Back/notification-service-go/internal/service/notification_service.go:281.3,283.20 2 1
Banka1Back/notification-service-go/internal/service/notification_service.go:283.20,285.3 1 0
Banka1Back/notification-service-go/internal/service/notification_service.go:287.2,297.70 2 1
Banka1Back/notification-service-go/internal/service/notification_service.go:297.70,303.3 1 1
Banka1Back/notification-service-go/internal/service/notification_service.go:303.8,308.3 1 1
Banka1Back/notification-service-go/internal/service/notification_service.go:317.9,320.21 3 1
Banka1Back/notification-service-go/internal/service/notification_service.go:320.21,322.3 1 1
Banka1Back/notification-service-go/internal/service/notification_service.go:324.2,331.63 2 1
Banka1Back/notification-service-go/internal/service/notification_service.go:331.63,337.3 2 1
Banka1Back/notification-service-go/internal/service/notification_service.go:338.2,342.12 2 1
Banka1Back/notification-service-go/internal/service/notification_service.go:354.66,359.16 4 1
Banka1Back/notification-service-go/internal/service/notification_service.go:359.16,362.3 2 0
Banka1Back/notification-service-go/internal/service/notification_service.go:363.2,363.21 1 1
Banka1Back/notification-service-go/internal/service/notification_service.go:363.21,366.3 2 1
Banka1Back/notification-service-go/internal/service/notification_service.go:368.2,369.41 2 1
Banka1Back/notification-service-go/internal/service/notification_service.go:369.41,377.3 2 1
Banka1Back/notification-service-go/internal/service/notification_service.go:379.2,379.64 1 1
Banka1Back/notification-service-go/internal/service/notification_service.go:379.64,381.31 2 1
Banka1Back/notification-service-go/internal/service/notification_service.go:381.31,384.4 2 1
Banka1Back/notification-service-go/internal/service/notification_service.go:385.3,386.9 2 0
Banka1Back/notification-service-go/internal/service/notification_service.go:389.2,399.20 4 1
Banka1Back/notification-service-go/internal/service/notification_service.go:399.20,400.77 1 1
Banka1Back/notification-service-go/internal/service/notification_service.go:400.77,403.4 1 0
Banka1Back/notification-service-go/internal/service/notification_service.go:403.9,408.4 1 1
Banka1Back/notification-service-go/internal/service/notification_service.go:409.3,409.9 1 1
Banka1Back/notification-service-go/internal/service/notification_service.go:412.2,425.16 5 1
Banka1Back/notification-service-go/internal/service/notification_service.go:425.16,429.3 2 0
Banka1Back/notification-service-go/internal/service/notification_service.go:431.2,431.22 1 1
Banka1Back/notification-service-go/internal/service/notification_service.go:431.22,437.3 2 1
Banka1Back/notification-service-go/internal/service/notification_service.go:437.8,442.3 1 1
Banka1Back/notification-service-go/internal/service/retry_scheduler.go:18.115,24.2 1 1
Banka1Back/notification-service-go/internal/service/retry_scheduler.go:28.69,30.2 1 1
Banka1Back/notification-service-go/internal/service/retry_scheduler.go:34.66,39.2 1 1
Banka1Back/notification-service-go/internal/service/retry_scheduler.go:42.59,50.6 5 1
Banka1Back/notification-service-go/internal/service/retry_scheduler.go:50.6,51.10 1 1
Banka1Back/notification-service-go/internal/service/retry_scheduler.go:52.21,54.10 2 1
Banka1Back/notification-service-go/internal/service/retry_scheduler.go:55.19,56.28 1 1
Banka1Back/notification-service-go/internal/service/retry_scheduler.go:61.71,65.16 3 1
Banka1Back/notification-service-go/internal/service/retry_scheduler.go:65.16,68.3 2 1
Banka1Back/notification-service-go/internal/service/retry_scheduler.go:70.2,70.31 1 1
Banka1Back/notification-service-go/internal/service/retry_scheduler.go:70.31,72.3 1 1
Banka1Back/notification-service-go/internal/smtp/sender.go:26.47,35.2 1 0
Banka1Back/notification-service-go/internal/smtp/sender.go:43.60,46.35 3 0
Banka1Back/notification-service-go/internal/smtp/sender.go:46.35,48.3 1 0
Banka1Back/notification-service-go/internal/smtp/sender.go:50.2,53.22 3 0
Banka1Back/notification-service-go/internal/smtp/sender.go:53.22,55.3 1 0
Banka1Back/notification-service-go/internal/smtp/sender.go:57.2,58.16 2 0
Banka1Back/notification-service-go/internal/smtp/sender.go:58.16,60.3 1 0
Banka1Back/notification-service-go/internal/smtp/sender.go:61.2,61.27 1 0
Banka1Back/notification-service-go/internal/smtp/sender.go:70.41,70.100 1 1
Banka1Back/notification-service-go/internal/smtp/sender.go:71.41,71.59 1 1
Banka1Back/notification-service-go/internal/smtp/sender.go:79.45,81.2 1 1
Banka1Back/notification-service-go/internal/smtp/sender.go:85.34,86.16 1 1
Banka1Back/notification-service-go/internal/smtp/sender.go:86.16,88.3 1 1
Banka1Back/notification-service-go/internal/smtp/sender.go:89.2,90.30 2 1
Banka1Back/notification-service-go/internal/smtp/sender.go:90.30,92.3 1 1
Banka1Back/notification-service-go/internal/smtp/sender.go:93.2,94.30 2 1
Banka1Back/notification-service-go/internal/smtp/sender.go:94.30,96.3 1 1
Banka1Back/notification-service-go/internal/smtp/sender.go:97.2,97.13 1 1
Banka1Back/notification-service-go/internal/smtp/sender.go:100.37,102.30 2 0
Banka1Back/notification-service-go/internal/smtp/sender.go:102.30,103.26 1 0
Banka1Back/notification-service-go/internal/smtp/sender.go:103.26,105.4 1 0
Banka1Back/notification-service-go/internal/smtp/sender.go:106.3,106.26 1 0
Banka1Back/notification-service-go/internal/smtp/sender.go:106.26,108.4 1 0
Banka1Back/notification-service-go/internal/smtp/sender.go:109.3,109.13 1 0
Banka1Back/notification-service-go/internal/smtp/sender.go:112.2,115.40 2 0
Banka1Back/notification-service-go/internal/smtp/sender.go:115.40,117.3 1 0
Banka1Back/notification-service-go/internal/smtp/sender.go:118.2,118.12 1 0
Banka1Back/notification-service-go/internal/smtp/sender.go:121.65,134.2 12 0
Banka1Back/notification-service-go/internal/smtp/sender.go:136.61,138.19 2 0
Banka1Back/notification-service-go/internal/smtp/sender.go:138.19,140.3 1 0
Banka1Back/notification-service-go/internal/smtp/sender.go:141.2,142.16 2 0
Banka1Back/notification-service-go/internal/smtp/sender.go:142.16,144.3 1 0
Banka1Back/notification-service-go/internal/smtp/sender.go:145.2,146.35 2 0
Banka1Back/notification-service-go/internal/template/registry.go:24.87,26.37 2 1
Banka1Back/notification-service-go/internal/template/registry.go:26.37,28.3 1 1
Banka1Back/notification-service-go/internal/template/registry.go:29.2,29.30 1 1
Banka1Back/notification-service-go/internal/template/registry.go:29.30,31.3 1 1
Banka1Back/notification-service-go/internal/template/registry.go:32.2,32.45 1 1
Banka1Back/notification-service-go/internal/template/registry.go:36.100,38.9 2 1
Banka1Back/notification-service-go/internal/template/registry.go:38.9,42.3 1 1
Banka1Back/notification-service-go/internal/template/registry.go:43.2,43.18 1 1
Banka1Back/notification-service-go/internal/template/renderer.go:26.56,28.2 1 1
Banka1Back/notification-service-go/internal/template/renderer.go:37.27,38.45 1 1
Banka1Back/notification-service-go/internal/template/renderer.go:38.45,40.3 1 1
Banka1Back/notification-service-go/internal/template/renderer.go:42.2,42.85 1 1
Banka1Back/notification-service-go/internal/template/renderer.go:55.27,57.16 2 1
Banka1Back/notification-service-go/internal/template/renderer.go:57.16,59.3 1 1
Banka1Back/notification-service-go/internal/template/renderer.go:61.2,67.8 2 1
Banka1Back/notification-service-go/internal/template/renderer.go:70.84,72.29 2 1
Banka1Back/notification-service-go/internal/template/renderer.go:72.29,74.3 1 1
Banka1Back/notification-service-go/internal/template/renderer.go:75.2,76.17 2 1
Banka1Back/notification-service-go/internal/template/renderer.go:76.17,77.45 1 1
Banka1Back/notification-service-go/internal/template/renderer.go:77.45,79.4 1 1
Banka1Back/notification-service-go/internal/template/renderer.go:80.3,80.41 1 1
Banka1Back/notification-service-go/internal/template/renderer.go:80.41,82.4 1 1
Banka1Back/notification-service-go/internal/template/renderer.go:84.2,84.13 1 1
Banka1Back/notification-service-go/internal/template/renderer.go:87.65,88.20 1 1
Banka1Back/notification-service-go/internal/template/renderer.go:88.20,90.3 1 1
Banka1Back/notification-service-go/internal/template/renderer.go:91.2,92.25 2 1
Banka1Back/notification-service-go/internal/template/renderer.go:92.25,94.3 1 1
Banka1Back/notification-service-go/internal/template/renderer.go:95.2,95.15 1 1
Banka1Back/notification-service-go/internal/template/renderer.go:98.34,105.2 6 1
Banka1Back/notification-service-go/main.go:5.13,7.2 1 0
Banka1Back/notification-service-go/cmd/server/main.go:21.13,27.16 3 0
Banka1Back/notification-service-go/cmd/server/main.go:27.16,30.3 2 0
Banka1Back/notification-service-go/cmd/server/main.go:32.2,33.16 2 0
Banka1Back/notification-service-go/cmd/server/main.go:33.16,35.3 1 0
Banka1Back/notification-service-go/cmd/server/main.go:35.8,40.17 4 0
Banka1Back/notification-service-go/cmd/server/main.go:40.17,42.4 1 0
Banka1Back/notification-service-go/cmd/server/main.go:42.9,44.4 1 0
Banka1Back/notification-service-go/cmd/server/main.go:47.2,59.19 9 0
Banka1Back/notification-service-go/cmd/server/main.go:59.19,61.3 1 0
Banka1Back/notification-service-go/cmd/server/main.go:61.8,63.17 2 0
Banka1Back/notification-service-go/cmd/server/main.go:63.17,65.4 1 0
Banka1Back/notification-service-go/cmd/server/main.go:65.9,71.4 2 0
Banka1Back/notification-service-go/cmd/server/main.go:74.2,91.73 7 0
Banka1Back/notification-service-go/cmd/server/main.go:91.73,93.3 1 0
Banka1Back/notification-service-go/cmd/server/main.go:95.2,96.12 2 0
Banka1Back/notification-service-go/cmd/server/main.go:96.12,98.60 2 0
Banka1Back/notification-service-go/cmd/server/main.go:98.60,100.4 1 0
Banka1Back/notification-service-go/cmd/server/main.go:103.2,104.59 2 0
Banka1Back/notification-service-go/cmd/server/main.go:104.59,106.3 1 0
Banka1Back/notification-service-go/internal/dto/notification_request.go:25.64,27.51 2 0
Banka1Back/notification-service-go/internal/dto/notification_request.go:27.51,29.3 1 0
Banka1Back/notification-service-go/internal/dto/notification_request.go:31.2,31.34 1 0
Banka1Back/notification-service-go/internal/dto/notification_request.go:31.34,32.56 1 0
Banka1Back/notification-service-go/internal/dto/notification_request.go:32.56,34.4 1 0
Banka1Back/notification-service-go/internal/dto/notification_request.go:36.2,36.34 1 0
Banka1Back/notification-service-go/internal/dto/notification_request.go:36.34,37.56 1 0
Banka1Back/notification-service-go/internal/dto/notification_request.go:37.56,39.4 1 0
Banka1Back/notification-service-go/internal/dto/notification_request.go:41.2,41.39 1 0
Banka1Back/notification-service-go/internal/dto/notification_request.go:41.39,42.61 1 0
Banka1Back/notification-service-go/internal/dto/notification_request.go:42.61,44.4 1 0
Banka1Back/notification-service-go/internal/dto/notification_request.go:46.2,46.35 1 0
Banka1Back/notification-service-go/internal/dto/notification_request.go:46.35,47.57 1 0
Banka1Back/notification-service-go/internal/dto/notification_request.go:47.57,49.4 1 0
Banka1Back/notification-service-go/internal/dto/notification_request.go:52.2,52.39 1 0
Banka1Back/notification-service-go/internal/dto/notification_request.go:52.39,53.28 1 0
Banka1Back/notification-service-go/internal/dto/notification_request.go:53.28,54.58 1 0
Banka1Back/notification-service-go/internal/dto/notification_request.go:54.58,56.5 1 0
Banka1Back/notification-service-go/internal/dto/notification_request.go:57.4,57.9 1 0
Banka1Back/notification-service-go/internal/dto/notification_request.go:61.2,61.41 1 0
Banka1Back/notification-service-go/internal/dto/notification_request.go:61.41,62.28 1 0
Banka1Back/notification-service-go/internal/dto/notification_request.go:62.28,63.66 1 0
Banka1Back/notification-service-go/internal/dto/notification_request.go:63.66,65.5 1 0
Banka1Back/notification-service-go/internal/dto/notification_request.go:66.4,66.9 1 0
Banka1Back/notification-service-go/internal/dto/notification_request.go:70.2,70.32 1 0
Banka1Back/notification-service-go/internal/dto/notification_request.go:70.32,72.3 1 0
Banka1Back/notification-service-go/internal/dto/notification_request.go:73.2,73.12 1 0
Banka1Back/notification-service-go/internal/dto/notification_request.go:77.48,78.42 1 0
Banka1Back/notification-service-go/internal/dto/notification_request.go:78.42,80.3 1 0
Banka1Back/notification-service-go/internal/dto/notification_request.go:81.2,81.12 1 0
Banka1Back/notification-service-go/internal/dto/notification_request.go:85.58,87.2 1 0
Banka1Back/notification-service-go/internal/mapper/notification_mapper.go:9.89,11.24 2 0
Banka1Back/notification-service-go/internal/mapper/notification_mapper.go:11.24,13.3 1 0
Banka1Back/notification-service-go/internal/mapper/notification_mapper.go:14.2,19.3 1 0
Banka1Back/notification-service-go/internal/config/config.go:37.34,40.2 1 0
Banka1Back/notification-service-go/internal/config/config.go:75.30,77.16 2 0
Banka1Back/notification-service-go/internal/config/config.go:77.16,79.3 1 0
Banka1Back/notification-service-go/internal/config/config.go:80.2,81.16 2 0
Banka1Back/notification-service-go/internal/config/config.go:81.16,83.3 1 0
Banka1Back/notification-service-go/internal/config/config.go:84.2,85.16 2 0
Banka1Back/notification-service-go/internal/config/config.go:85.16,87.3 1 0
Banka1Back/notification-service-go/internal/config/config.go:88.2,89.16 2 0
Banka1Back/notification-service-go/internal/config/config.go:89.16,91.3 1 0
Banka1Back/notification-service-go/internal/config/config.go:92.2,93.16 2 0
Banka1Back/notification-service-go/internal/config/config.go:93.16,95.3 1 0
Banka1Back/notification-service-go/internal/config/config.go:96.2,97.16 2 0
Banka1Back/notification-service-go/internal/config/config.go:97.16,99.3 1 0
Banka1Back/notification-service-go/internal/config/config.go:100.2,101.16 2 0
Banka1Back/notification-service-go/internal/config/config.go:101.16,103.3 1 0
Banka1Back/notification-service-go/internal/config/config.go:104.2,105.16 2 0
Banka1Back/notification-service-go/internal/config/config.go:105.16,107.3 1 0
Banka1Back/notification-service-go/internal/config/config.go:108.2,109.16 2 0
Banka1Back/notification-service-go/internal/config/config.go:109.16,111.3 1 0
Banka1Back/notification-service-go/internal/config/config.go:113.2,166.8 2 0
Banka1Back/notification-service-go/internal/config/config.go:170.59,177.16 3 0
Banka1Back/notification-service-go/internal/config/config.go:177.16,179.3 1 0
Banka1Back/notification-service-go/internal/config/config.go:181.2,181.56 1 0
Banka1Back/notification-service-go/internal/config/config.go:181.56,184.3 2 0
Banka1Back/notification-service-go/internal/config/config.go:186.2,186.18 1 0
Banka1Back/notification-service-go/internal/config/config.go:189.37,190.34 1 0
Banka1Back/notification-service-go/internal/config/config.go:190.34,192.3 1 0
Banka1Back/notification-service-go/internal/config/config.go:193.2,193.12 1 0
Banka1Back/notification-service-go/internal/config/config.go:196.44,198.13 2 0
Banka1Back/notification-service-go/internal/config/config.go:198.13,200.3 1 0
Banka1Back/notification-service-go/internal/config/config.go:201.2,202.16 2 0
Banka1Back/notification-service-go/internal/config/config.go:202.16,204.3 1 0
Banka1Back/notification-service-go/internal/config/config.go:205.2,205.10 1 0
Banka1Back/notification-service-go/internal/config/config.go:208.47,210.16 2 0
Banka1Back/notification-service-go/internal/config/config.go:210.16,212.3 1 0
Banka1Back/notification-service-go/internal/config/config.go:213.2,213.15 1 0
Banka1Back/notification-service-go/internal/push/sender.go:24.50,26.17 2 0
Banka1Back/notification-service-go/internal/push/sender.go:26.17,28.3 1 0
Banka1Back/notification-service-go/internal/push/sender.go:29.2,30.21 2 0
Banka1Back/notification-service-go/internal/push/sender.go:30.21,32.3 1 0
Banka1Back/notification-service-go/internal/push/sender.go:33.2,37.8 1 0
Banka1Back/notification-service-go/internal/push/sender.go:46.75,48.16 2 0
Banka1Back/notification-service-go/internal/push/sender.go:48.16,50.3 1 0
Banka1Back/notification-service-go/internal/push/sender.go:52.2,53.16 2 0
Banka1Back/notification-service-go/internal/push/sender.go:53.16,55.3 1 0
Banka1Back/notification-service-go/internal/push/sender.go:57.2,64.8 3 0
Banka1Back/notification-service-go/internal/push/sender.go:96.59,99.2 1 0
Banka1Back/notification-service-go/internal/push/sender.go:101.34,103.2 1 0
Banka1Back/notification-service-go/internal/push/sender.go:105.98,120.2 3 0
Banka1Back/notification-service-go/internal/push/sender.go:122.101,123.20 1 0
Banka1Back/notification-service-go/internal/push/sender.go:123.20,125.3 1 0
Banka1Back/notification-service-go/internal/push/sender.go:127.2,137.25 3 0
Banka1Back/notification-service-go/internal/push/sender.go:140.71,142.16 2 0
Banka1Back/notification-service-go/internal/push/sender.go:142.16,144.3 1 0
Banka1Back/notification-service-go/internal/push/sender.go:146.2,147.16 2 0
Banka1Back/notification-service-go/internal/push/sender.go:147.16,149.3 1 0
Banka1Back/notification-service-go/internal/push/sender.go:151.2,154.16 3 0
Banka1Back/notification-service-go/internal/push/sender.go:154.16,156.3 1 0
Banka1Back/notification-service-go/internal/push/sender.go:157.2,159.53 2 0
Banka1Back/notification-service-go/internal/push/sender.go:159.53,162.3 2 0
Banka1Back/notification-service-go/internal/push/sender.go:164.2,170.89 3 0
Banka1Back/notification-service-go/internal/store/fcm_token_store.go:19.56,21.2 1 0
Banka1Back/notification-service-go/internal/store/fcm_token_store.go:24.82,34.16 3 0
Banka1Back/notification-service-go/internal/store/fcm_token_store.go:34.16,36.3 1 0
Banka1Back/notification-service-go/internal/store/fcm_token_store.go:37.2,37.12 1 0
Banka1Back/notification-service-go/internal/store/fcm_token_store.go:42.102,50.35 3 0
Banka1Back/notification-service-go/internal/store/fcm_token_store.go:50.35,52.3 1 0
Banka1Back/notification-service-go/internal/store/fcm_token_store.go:53.2,53.16 1 0
Banka1Back/notification-service-go/internal/store/fcm_token_store.go:53.16,55.3 1 0
Banka1Back/notification-service-go/internal/store/fcm_token_store.go:56.2,56.16 1 0
Banka1Back/notification-service-go/internal/store/fcm_token_store.go:61.85,63.16 2 0
Banka1Back/notification-service-go/internal/store/fcm_token_store.go:63.16,65.3 1 0
Banka1Back/notification-service-go/internal/store/fcm_token_store.go:66.2,66.12 1 0
Banka1Back/notification-service-go/internal/store/migrations.go:12.87,19.16 2 0
Banka1Back/notification-service-go/internal/store/migrations.go:19.16,21.3 1 0
Banka1Back/notification-service-go/internal/store/migrations.go:23.2,24.16 2 0
Banka1Back/notification-service-go/internal/store/migrations.go:24.16,26.3 1 0
Banka1Back/notification-service-go/internal/store/migrations.go:28.2,30.29 2 0
Banka1Back/notification-service-go/internal/store/migrations.go:30.29,38.17 4 0
Banka1Back/notification-service-go/internal/store/migrations.go:38.17,40.4 1 0
Banka1Back/notification-service-go/internal/store/migrations.go:42.3,42.13 1 0
Banka1Back/notification-service-go/internal/store/migrations.go:42.13,43.12 1 0
Banka1Back/notification-service-go/internal/store/migrations.go:46.3,47.17 2 0
Banka1Back/notification-service-go/internal/store/migrations.go:47.17,49.4 1 0
Banka1Back/notification-service-go/internal/store/migrations.go:51.3,52.17 2 0
Banka1Back/notification-service-go/internal/store/migrations.go:52.17,54.4 1 0
Banka1Back/notification-service-go/internal/store/migrations.go:56.3,57.17 2 0
Banka1Back/notification-service-go/internal/store/migrations.go:57.17,60.4 2 0
Banka1Back/notification-service-go/internal/store/migrations.go:62.3,66.17 2 0
Banka1Back/notification-service-go/internal/store/migrations.go:66.17,69.4 2 0
Banka1Back/notification-service-go/internal/store/migrations.go:71.3,71.40 1 0
Banka1Back/notification-service-go/internal/store/migrations.go:71.40,73.4 1 0
Banka1Back/notification-service-go/internal/store/migrations.go:76.2,76.12 1 0
Banka1Back/notification-service-go/internal/store/notification_delivery_store.go:19.80,21.2 1 0
Banka1Back/notification-service-go/internal/store/notification_delivery_store.go:24.102,41.16 2 0
Banka1Back/notification-service-go/internal/store/notification_delivery_store.go:41.16,43.3 1 0
Banka1Back/notification-service-go/internal/store/notification_delivery_store.go:44.2,44.12 1 0
Banka1Back/notification-service-go/internal/store/notification_delivery_store.go:48.114,49.36 1 0
Banka1Back/notification-service-go/internal/store/notification_delivery_store.go:49.36,51.3 1 0
Banka1Back/notification-service-go/internal/store/notification_delivery_store.go:52.2,68.16 2 0
Banka1Back/notification-service-go/internal/store/notification_delivery_store.go:68.16,70.3 1 0
Banka1Back/notification-service-go/internal/store/notification_delivery_store.go:71.2,71.12 1 0
Banka1Back/notification-service-go/internal/store/notification_delivery_store.go:76.131,94.35 3 0
Banka1Back/notification-service-go/internal/store/notification_delivery_store.go:94.35,96.3 1 0
Banka1Back/notification-service-go/internal/store/notification_delivery_store.go:97.2,97.16 1 0
Banka1Back/notification-service-go/internal/store/notification_delivery_store.go:97.16,99.3 1 0
Banka1Back/notification-service-go/internal/store/notification_delivery_store.go:100.2,100.16 1 0
Banka1Back/notification-service-go/internal/store/notification_delivery_store.go:104.142,116.16 2 0
Banka1Back/notification-service-go/internal/store/notification_delivery_store.go:116.16,118.3 1 0
Banka1Back/notification-service-go/internal/store/notification_delivery_store.go:119.2,120.29 2 0
Banka1Back/notification-service-go/internal/store/notification_delivery_store.go:125.138,140.16 2 0
Banka1Back/notification-service-go/internal/store/notification_delivery_store.go:140.16,142.3 1 0
Banka1Back/notification-service-go/internal/store/notification_delivery_store.go:143.2,144.29 2 0
Banka1Back/notification-service-go/internal/store/notification_delivery_store.go:149.98,158.16 2 0
Banka1Back/notification-service-go/internal/store/notification_delivery_store.go:158.16,160.3 1 0
Banka1Back/notification-service-go/internal/store/notification_delivery_store.go:161.2,161.29 1 0
Banka1Back/notification-service-go/internal/store/notification_delivery_store.go:161.29,166.3 1 0
Banka1Back/notification-service-go/internal/store/notification_delivery_store.go:167.2,167.12 1 0
Banka1Back/notification-service-go/internal/store/notification_delivery_store.go:171.120,182.16 2 0
Banka1Back/notification-service-go/internal/store/notification_delivery_store.go:182.16,184.3 1 0
Banka1Back/notification-service-go/internal/store/notification_delivery_store.go:185.2,185.29 1 0
Banka1Back/notification-service-go/internal/store/notification_delivery_store.go:185.29,187.3 1 0
Banka1Back/notification-service-go/internal/store/notification_delivery_store.go:188.2,188.12 1 0
Banka1Back/notification-service-go/internal/store/notification_delivery_store.go:203.22,205.16 2 0
Banka1Back/notification-service-go/internal/store/notification_delivery_store.go:205.16,207.3 1 0
Banka1Back/notification-service-go/internal/store/notification_delivery_store.go:208.2,218.35 4 0
Banka1Back/notification-service-go/internal/store/notification_delivery_store.go:218.35,220.3 1 0
Banka1Back/notification-service-go/internal/store/notification_delivery_store.go:221.2,221.16 1 0
Banka1Back/notification-service-go/internal/store/notification_delivery_store.go:221.16,223.3 1 0
Banka1Back/notification-service-go/internal/store/notification_delivery_store.go:225.2,231.47 5 0
Banka1Back/notification-service-go/internal/store/notification_delivery_store.go:231.47,246.3 3 0
Banka1Back/notification-service-go/internal/store/notification_delivery_store.go:246.8,258.3 2 0
Banka1Back/notification-service-go/internal/store/notification_delivery_store.go:259.2,259.16 1 0
Banka1Back/notification-service-go/internal/store/notification_delivery_store.go:259.16,261.3 1 0
Banka1Back/notification-service-go/internal/store/notification_delivery_store.go:263.2,263.39 1 0
Banka1Back/notification-service-go/internal/store/notification_delivery_store.go:263.39,265.3 1 0
Banka1Back/notification-service-go/internal/store/notification_delivery_store.go:267.2,267.27 1 0
Banka1Back/notification-service-go/internal/store/notification_delivery_store.go:271.75,273.18 2 0
Banka1Back/notification-service-go/internal/store/notification_delivery_store.go:273.18,282.17 3 0
Banka1Back/notification-service-go/internal/store/notification_delivery_store.go:282.17,284.4 1 0
Banka1Back/notification-service-go/internal/store/notification_delivery_store.go:285.3,285.38 1 0
Banka1Back/notification-service-go/internal/store/notification_delivery_store.go:287.2,287.35 1 0
Banka1Back/notification-service-go/internal/store/notification_delivery_store.go:287.35,289.3 1 0
Banka1Back/notification-service-go/internal/store/notification_delivery_store.go:290.2,290.24 1 0
