mode: set
banka1/user-service-go/internal/platform/auth.go:23.47,33.2 1 0
banka1/user-service-go/internal/platform/auth.go:36.66,38.2 1 0
banka1/user-service-go/internal/platform/auth.go:41.70,43.2 1 0
banka1/user-service-go/internal/platform/auth.go:46.39,48.44 2 1
banka1/user-service-go/internal/platform/auth.go:48.44,50.3 1 0
banka1/user-service-go/internal/platform/auth.go:51.2,51.57 1 1
banka1/user-service-go/internal/platform/auth.go:55.37,58.2 2 1
banka1/user-service-go/internal/platform/config.go:76.26,125.2 1 0
banka1/user-service-go/internal/platform/config.go:127.38,130.2 1 0
banka1/user-service-go/internal/platform/config.go:132.36,135.2 1 0
banka1/user-service-go/internal/platform/config.go:137.39,138.61 1 0
banka1/user-service-go/internal/platform/config.go:138.61,140.3 1 0
banka1/user-service-go/internal/platform/config.go:141.2,141.17 1 0
banka1/user-service-go/internal/platform/config.go:144.43,146.15 2 0
banka1/user-service-go/internal/platform/config.go:146.15,148.3 1 0
banka1/user-service-go/internal/platform/config.go:149.2,150.16 2 0
banka1/user-service-go/internal/platform/config.go:150.16,152.3 1 0
banka1/user-service-go/internal/platform/config.go:153.2,153.14 1 0
banka1/user-service-go/internal/platform/config.go:156.46,160.29 4 0
banka1/user-service-go/internal/platform/config.go:160.29,161.52 1 0
banka1/user-service-go/internal/platform/config.go:161.52,163.4 1 0
banka1/user-service-go/internal/platform/config.go:165.2,165.15 1 0
banka1/user-service-go/internal/platform/db.go:12.69,15.16 3 0
banka1/user-service-go/internal/platform/db.go:15.16,17.3 1 0
banka1/user-service-go/internal/platform/db.go:18.2,19.39 2 0
banka1/user-service-go/internal/platform/db.go:19.39,21.3 1 0
banka1/user-service-go/internal/platform/db.go:22.2,23.129 2 0
banka1/user-service-go/internal/platform/db.go:23.129,25.3 1 0
banka1/user-service-go/internal/platform/db.go:26.2,26.12 1 0
banka1/user-service-go/internal/platform/db.go:26.12,28.3 1 0
banka1/user-service-go/internal/platform/db.go:29.2,30.12 2 0
banka1/user-service-go/internal/platform/db.go:33.83,35.16 2 0
banka1/user-service-go/internal/platform/db.go:35.16,37.3 1 0
banka1/user-service-go/internal/platform/db.go:38.2,43.16 5 0
banka1/user-service-go/internal/platform/db.go:43.16,45.3 1 0
banka1/user-service-go/internal/platform/db.go:46.2,46.39 1 0
banka1/user-service-go/internal/platform/db.go:46.39,49.3 2 0
banka1/user-service-go/internal/platform/db.go:50.2,50.18 1 0
banka1/user-service-go/internal/platform/db.go:53.54,56.2 1 0
banka1/user-service-go/internal/platform/db.go:58.48,60.2 1 0
banka1/user-service-go/internal/platform/env.go:7.33,10.2 2 0
banka1/user-service-go/internal/platform/jmbg.go:18.57,20.16 2 1
banka1/user-service-go/internal/platform/jmbg.go:20.16,22.3 1 1
banka1/user-service-go/internal/platform/jmbg.go:23.2,23.20 1 1
banka1/user-service-go/internal/platform/jmbg.go:23.20,25.3 1 1
banka1/user-service-go/internal/platform/jmbg.go:26.2,27.16 2 1
banka1/user-service-go/internal/platform/jmbg.go:27.16,29.3 1 0
banka1/user-service-go/internal/platform/jmbg.go:30.2,31.16 2 1
banka1/user-service-go/internal/platform/jmbg.go:31.16,33.3 1 0
banka1/user-service-go/internal/platform/jmbg.go:34.2,34.35 1 1
banka1/user-service-go/internal/platform/jmbg.go:37.64,38.21 1 1
banka1/user-service-go/internal/platform/jmbg.go:38.21,40.3 1 1
banka1/user-service-go/internal/platform/jmbg.go:41.2,42.56 2 1
banka1/user-service-go/internal/platform/jmbg.go:42.56,44.3 1 0
banka1/user-service-go/internal/platform/jmbg.go:45.2,47.57 3 1
banka1/user-service-go/internal/platform/jmbg.go:50.62,51.19 1 1
banka1/user-service-go/internal/platform/jmbg.go:51.19,53.3 1 1
banka1/user-service-go/internal/platform/jmbg.go:54.2,55.16 2 1
banka1/user-service-go/internal/platform/jmbg.go:55.16,57.3 1 1
banka1/user-service-go/internal/platform/jmbg.go:58.2,58.50 1 1
banka1/user-service-go/internal/platform/jmbg.go:58.50,60.3 1 1
banka1/user-service-go/internal/platform/jmbg.go:61.2,64.16 4 1
banka1/user-service-go/internal/platform/jmbg.go:64.16,66.3 1 0
banka1/user-service-go/internal/platform/jmbg.go:67.2,67.31 1 1
banka1/user-service-go/internal/platform/migrations.go:12.77,17.19 1 0
banka1/user-service-go/internal/platform/migrations.go:17.19,19.3 1 0
banka1/user-service-go/internal/platform/migrations.go:20.2,20.61 1 0
banka1/user-service-go/internal/platform/migrations.go:20.61,22.3 1 0
banka1/user-service-go/internal/platform/migrations.go:24.2,25.16 2 0
banka1/user-service-go/internal/platform/migrations.go:25.16,27.3 1 0
banka1/user-service-go/internal/platform/migrations.go:28.2,29.32 2 0
banka1/user-service-go/internal/platform/migrations.go:29.32,30.61 1 0
banka1/user-service-go/internal/platform/migrations.go:30.61,32.4 1 0
banka1/user-service-go/internal/platform/migrations.go:34.2,35.29 2 0
banka1/user-service-go/internal/platform/migrations.go:35.29,37.136 2 0
banka1/user-service-go/internal/platform/migrations.go:37.136,39.4 1 0
banka1/user-service-go/internal/platform/migrations.go:40.3,40.14 1 0
banka1/user-service-go/internal/platform/migrations.go:40.14,41.12 1 0
banka1/user-service-go/internal/platform/migrations.go:43.3,44.17 2 0
banka1/user-service-go/internal/platform/migrations.go:44.17,46.4 1 0
banka1/user-service-go/internal/platform/migrations.go:47.3,48.17 2 0
banka1/user-service-go/internal/platform/migrations.go:48.17,50.4 1 0
banka1/user-service-go/internal/platform/migrations.go:51.3,51.59 1 0
banka1/user-service-go/internal/platform/migrations.go:51.59,54.4 2 0
banka1/user-service-go/internal/platform/migrations.go:55.3,55.105 1 0
banka1/user-service-go/internal/platform/migrations.go:55.105,58.4 2 0
banka1/user-service-go/internal/platform/migrations.go:59.3,59.40 1 0
banka1/user-service-go/internal/platform/migrations.go:59.40,61.4 1 0
banka1/user-service-go/internal/platform/migrations.go:63.2,63.12 1 0
banka1/user-service-go/internal/platform/migrations.go:66.86,68.101 2 0
banka1/user-service-go/internal/platform/migrations.go:68.101,70.3 1 0
banka1/user-service-go/internal/platform/migrations.go:71.2,71.17 1 0
banka1/user-service-go/internal/platform/migrations.go:71.17,73.3 1 0
banka1/user-service-go/internal/platform/migrations.go:75.2,84.39 2 0
banka1/user-service-go/internal/platform/migrations.go:84.39,86.111 2 0
banka1/user-service-go/internal/platform/migrations.go:86.111,88.4 1 0
banka1/user-service-go/internal/platform/migrations.go:89.3,89.14 1 0
banka1/user-service-go/internal/platform/migrations.go:89.14,91.4 1 0
banka1/user-service-go/internal/platform/migrations.go:94.2,95.16 2 0
banka1/user-service-go/internal/platform/migrations.go:95.16,97.3 1 0
banka1/user-service-go/internal/platform/migrations.go:98.2,99.16 2 0
banka1/user-service-go/internal/platform/migrations.go:99.16,101.3 1 0
banka1/user-service-go/internal/platform/migrations.go:102.2,102.32 1 0
banka1/user-service-go/internal/platform/migrations.go:102.32,103.60 1 0
banka1/user-service-go/internal/platform/migrations.go:103.60,104.12 1 0
banka1/user-service-go/internal/platform/migrations.go:106.3,106.136 1 0
banka1/user-service-go/internal/platform/migrations.go:106.136,109.4 2 0
banka1/user-service-go/internal/platform/migrations.go:111.2,111.23 1 0
banka1/user-service-go/internal/platform/password.go:31.52,33.43 2 1
banka1/user-service-go/internal/platform/password.go:33.43,35.3 1 0
banka1/user-service-go/internal/platform/password.go:36.2,42.51 2 1
banka1/user-service-go/internal/platform/password.go:45.52,47.16 2 1
banka1/user-service-go/internal/platform/password.go:47.16,49.3 1 1
banka1/user-service-go/internal/platform/password.go:50.2,51.58 2 1
banka1/user-service-go/internal/platform/password.go:54.74,56.69 2 1
banka1/user-service-go/internal/platform/password.go:56.69,58.3 1 1
banka1/user-service-go/internal/platform/password.go:59.2,60.52 2 1
banka1/user-service-go/internal/platform/password.go:60.52,62.19 2 1
banka1/user-service-go/internal/platform/password.go:62.19,64.4 1 0
banka1/user-service-go/internal/platform/password.go:65.3,66.17 2 1
banka1/user-service-go/internal/platform/password.go:66.17,68.4 1 0
banka1/user-service-go/internal/platform/password.go:69.3,69.16 1 1
banka1/user-service-go/internal/platform/password.go:70.12,71.33 1 1
banka1/user-service-go/internal/platform/password.go:72.12,73.37 1 1
banka1/user-service-go/internal/platform/password.go:74.12,75.37 1 1
banka1/user-service-go/internal/platform/password.go:78.2,79.16 2 1
banka1/user-service-go/internal/platform/password.go:79.16,81.3 1 0
banka1/user-service-go/internal/platform/password.go:82.2,83.16 2 1
banka1/user-service-go/internal/platform/password.go:83.16,85.3 1 0
banka1/user-service-go/internal/platform/password.go:86.2,86.32 1 1
banka1/user-service-go/internal/platform/rabbit.go:39.110,46.39 7 0
banka1/user-service-go/internal/platform/rabbit.go:46.39,48.3 1 0
banka1/user-service-go/internal/platform/rabbit.go:49.2,50.16 2 0
banka1/user-service-go/internal/platform/rabbit.go:50.16,52.3 1 0
banka1/user-service-go/internal/platform/rabbit.go:53.2,53.56 1 0
banka1/user-service-go/internal/platform/rabbit.go:56.113,58.2 1 0
banka1/user-service-go/internal/platform/rabbit.go:60.94,62.2 1 0
banka1/user-service-go/internal/platform/rabbit.go:64.35,66.2 1 0
banka1/user-service-go/internal/platform/response.go:14.59,14.93 1 0
banka1/user-service-go/internal/platform/response.go:17.51,17.81 1 0
banka1/user-service-go/internal/platform/response.go:22.49,24.2 1 0
banka1/user-service-go/internal/platform/response.go:32.69,37.2 1 0
banka1/user-service-go/internal/platform/response.go:41.97,43.2 1 0
banka1/user-service-go/internal/platform/router.go:35.46,48.2 5 0
banka1/user-service-go/internal/platform/router.go:51.68,53.2 1 0
banka1/user-service-go/internal/platform/router.go:56.76,58.2 1 0
banka1/user-service-go/internal/platform/router.go:60.55,62.15 2 0
banka1/user-service-go/internal/platform/router.go:62.15,64.3 1 0
banka1/user-service-go/internal/platform/router.go:65.2,68.56 4 0
banka1/user-service-go/cmd/server/main.go:17.13,24.69 5 0
banka1/user-service-go/cmd/server/main.go:24.69,27.3 2 0
banka1/user-service-go/cmd/server/main.go:28.2,29.16 2 0
banka1/user-service-go/cmd/server/main.go:29.16,32.3 2 0
banka1/user-service-go/cmd/server/main.go:33.2,34.70 2 0
banka1/user-service-go/cmd/server/main.go:34.70,37.3 2 0
banka1/user-service-go/cmd/server/main.go:39.2,41.16 3 0
banka1/user-service-go/cmd/server/main.go:41.16,44.3 2 0
banka1/user-service-go/cmd/server/main.go:45.2,46.16 2 0
banka1/user-service-go/cmd/server/main.go:46.16,49.3 2 0
banka1/user-service-go/cmd/server/main.go:50.2,70.12 7 0
banka1/user-service-go/cmd/server/main.go:70.12,72.80 2 0
banka1/user-service-go/cmd/server/main.go:72.80,75.4 2 0
banka1/user-service-go/cmd/server/main.go:78.2,81.53 4 0
banka1/user-service-go/cmd/server/main.go:81.53,83.3 1 0
banka1/user-service-go/internal/user/handlers.go:16.46,18.2 1 1
banka1/user-service-go/internal/user/handlers.go:20.79,66.2 41 0
banka1/user-service-go/internal/user/handlers.go:68.74,70.25 2 1
banka1/user-service-go/internal/user/handlers.go:70.25,72.3 1 1
banka1/user-service-go/internal/user/handlers.go:73.2,74.42 2 1
banka1/user-service-go/internal/user/handlers.go:77.76,79.25 2 0
banka1/user-service-go/internal/user/handlers.go:79.25,81.3 1 0
banka1/user-service-go/internal/user/handlers.go:82.2,83.42 2 0
banka1/user-service-go/internal/user/handlers.go:86.75,88.25 2 1
banka1/user-service-go/internal/user/handlers.go:88.25,90.3 1 0
banka1/user-service-go/internal/user/handlers.go:91.2,91.72 1 1
banka1/user-service-go/internal/user/handlers.go:91.72,94.3 2 0
banka1/user-service-go/internal/user/handlers.go:95.2,95.45 1 1
banka1/user-service-go/internal/user/handlers.go:98.82,101.33 3 1
banka1/user-service-go/internal/user/handlers.go:101.33,103.3 1 0
banka1/user-service-go/internal/user/handlers.go:104.2,104.40 1 1
banka1/user-service-go/internal/user/handlers.go:107.77,109.25 2 0
banka1/user-service-go/internal/user/handlers.go:109.25,111.3 1 0
banka1/user-service-go/internal/user/handlers.go:112.2,113.37 2 0
banka1/user-service-go/internal/user/handlers.go:113.37,115.3 1 0
banka1/user-service-go/internal/user/handlers.go:116.2,116.70 1 0
banka1/user-service-go/internal/user/handlers.go:119.83,121.25 2 1
banka1/user-service-go/internal/user/handlers.go:121.25,123.3 1 0
banka1/user-service-go/internal/user/handlers.go:124.2,125.57 2 1
banka1/user-service-go/internal/user/handlers.go:128.85,130.25 2 0
banka1/user-service-go/internal/user/handlers.go:130.25,132.3 1 0
banka1/user-service-go/internal/user/handlers.go:133.2,134.57 2 0
banka1/user-service-go/internal/user/handlers.go:137.72,139.25 2 1
banka1/user-service-go/internal/user/handlers.go:139.25,141.3 1 0
banka1/user-service-go/internal/user/handlers.go:142.2,143.42 2 1
banka1/user-service-go/internal/user/handlers.go:146.80,149.2 2 1
banka1/user-service-go/internal/user/handlers.go:151.75,153.25 2 0
banka1/user-service-go/internal/user/handlers.go:153.25,155.3 1 0
banka1/user-service-go/internal/user/handlers.go:156.2,157.70 2 0
banka1/user-service-go/internal/user/handlers.go:160.81,162.25 2 1
banka1/user-service-go/internal/user/handlers.go:162.25,164.3 1 0
banka1/user-service-go/internal/user/handlers.go:165.2,166.51 2 1
banka1/user-service-go/internal/user/handlers.go:169.83,171.25 2 0
banka1/user-service-go/internal/user/handlers.go:171.25,173.3 1 0
banka1/user-service-go/internal/user/handlers.go:174.2,175.51 2 0
banka1/user-service-go/internal/user/handlers.go:178.76,181.2 2 1
banka1/user-service-go/internal/user/handlers.go:183.75,185.25 2 1
banka1/user-service-go/internal/user/handlers.go:185.25,187.3 1 0
banka1/user-service-go/internal/user/handlers.go:188.2,189.47 2 1
banka1/user-service-go/internal/user/handlers.go:192.72,194.9 2 1
banka1/user-service-go/internal/user/handlers.go:194.9,196.3 1 1
banka1/user-service-go/internal/user/handlers.go:197.2,198.42 2 1
banka1/user-service-go/internal/user/handlers.go:201.75,203.9 2 1
banka1/user-service-go/internal/user/handlers.go:203.9,205.3 1 0
banka1/user-service-go/internal/user/handlers.go:206.2,207.25 2 1
banka1/user-service-go/internal/user/handlers.go:207.25,209.3 1 0
banka1/user-service-go/internal/user/handlers.go:210.2,212.41 3 1
banka1/user-service-go/internal/user/handlers.go:212.41,214.3 1 0
banka1/user-service-go/internal/user/handlers.go:215.2,215.35 1 1
banka1/user-service-go/internal/user/handlers.go:218.73,220.9 2 1
banka1/user-service-go/internal/user/handlers.go:220.9,223.3 2 1
banka1/user-service-go/internal/user/handlers.go:224.2,225.25 2 1
banka1/user-service-go/internal/user/handlers.go:225.25,227.3 1 0
banka1/user-service-go/internal/user/handlers.go:228.2,231.42 4 1
banka1/user-service-go/internal/user/handlers.go:234.75,236.9 2 1
banka1/user-service-go/internal/user/handlers.go:236.9,238.3 1 0
banka1/user-service-go/internal/user/handlers.go:239.2,239.66 1 1
banka1/user-service-go/internal/user/handlers.go:239.66,242.3 2 0
banka1/user-service-go/internal/user/handlers.go:243.2,243.45 1 1
banka1/user-service-go/internal/user/handlers.go:246.74,249.2 2 1
banka1/user-service-go/internal/user/handlers.go:251.73,253.25 2 1
banka1/user-service-go/internal/user/handlers.go:253.25,255.3 1 0
banka1/user-service-go/internal/user/handlers.go:256.2,257.47 2 1
banka1/user-service-go/internal/user/handlers.go:260.73,262.9 2 1
banka1/user-service-go/internal/user/handlers.go:262.9,264.3 1 0
banka1/user-service-go/internal/user/handlers.go:265.2,266.25 2 1
banka1/user-service-go/internal/user/handlers.go:266.25,268.3 1 0
banka1/user-service-go/internal/user/handlers.go:269.2,270.42 2 1
banka1/user-service-go/internal/user/handlers.go:273.73,275.9 2 1
banka1/user-service-go/internal/user/handlers.go:275.9,277.3 1 1
banka1/user-service-go/internal/user/handlers.go:278.2,278.64 1 1
banka1/user-service-go/internal/user/handlers.go:278.64,281.3 2 0
banka1/user-service-go/internal/user/handlers.go:282.2,282.45 1 1
banka1/user-service-go/internal/user/handlers.go:285.80,287.9 2 1
banka1/user-service-go/internal/user/handlers.go:287.9,289.3 1 0
banka1/user-service-go/internal/user/handlers.go:290.2,290.71 1 1
banka1/user-service-go/internal/user/handlers.go:290.71,293.3 2 0
banka1/user-service-go/internal/user/handlers.go:294.2,294.38 1 1
banka1/user-service-go/internal/user/handlers.go:297.76,301.2 3 1
banka1/user-service-go/internal/user/handlers.go:303.74,305.9 2 1
banka1/user-service-go/internal/user/handlers.go:305.9,307.3 1 0
banka1/user-service-go/internal/user/handlers.go:308.2,310.42 3 1
banka1/user-service-go/internal/user/handlers.go:313.81,315.21 2 1
banka1/user-service-go/internal/user/handlers.go:315.21,318.3 2 1
banka1/user-service-go/internal/user/handlers.go:319.2,320.16 2 1
banka1/user-service-go/internal/user/handlers.go:320.16,323.3 2 1
banka1/user-service-go/internal/user/handlers.go:324.2,325.42 2 1
banka1/user-service-go/internal/user/handlers.go:328.77,331.2 2 1
banka1/user-service-go/internal/user/handlers.go:333.67,334.52 1 1
banka1/user-service-go/internal/user/handlers.go:334.52,337.3 2 1
banka1/user-service-go/internal/user/handlers.go:338.2,338.13 1 1
banka1/user-service-go/internal/user/handlers.go:341.75,342.16 1 1
banka1/user-service-go/internal/user/handlers.go:342.16,345.3 2 1
banka1/user-service-go/internal/user/handlers.go:346.2,346.33 1 1
banka1/user-service-go/internal/user/handlers.go:349.51,352.2 2 1
banka1/user-service-go/internal/user/handlers.go:354.82,356.45 2 1
banka1/user-service-go/internal/user/handlers.go:356.45,359.3 2 0
banka1/user-service-go/internal/user/handlers.go:360.2,361.16 2 1
banka1/user-service-go/internal/user/handlers.go:361.16,364.3 2 1
banka1/user-service-go/internal/user/handlers.go:365.2,365.17 1 1
banka1/user-service-go/internal/user/handlers.go:368.75,369.60 1 1
banka1/user-service-go/internal/user/handlers.go:369.60,371.3 1 0
banka1/user-service-go/internal/user/handlers.go:372.2,372.36 1 1
banka1/user-service-go/internal/user/handlers.go:375.47,387.2 2 1
banka1/user-service-go/internal/user/handlers.go:389.45,390.15 1 1
banka1/user-service-go/internal/user/handlers.go:390.15,392.3 1 1
banka1/user-service-go/internal/user/handlers.go:393.2,394.16 2 1
banka1/user-service-go/internal/user/handlers.go:394.16,396.3 1 1
banka1/user-service-go/internal/user/handlers.go:397.2,397.14 1 1
banka1/user-service-go/internal/user/models.go:221.54,240.2 1 1
banka1/user-service-go/internal/user/models.go:242.46,258.2 1 1
banka1/user-service-go/internal/user/permissions.go:3.48,4.14 1 1
banka1/user-service-go/internal/user/permissions.go:5.15,6.186 1 1
banka1/user-service-go/internal/user/permissions.go:7.20,8.163 1 1
banka1/user-service-go/internal/user/permissions.go:9.15,10.80 1 1
banka1/user-service-go/internal/user/permissions.go:11.15,12.52 1 1
banka1/user-service-go/internal/user/permissions.go:13.17,14.20 1 1
banka1/user-service-go/internal/user/permissions.go:15.10,16.20 1 1
banka1/user-service-go/internal/user/permissions.go:20.46,21.14 1 1
banka1/user-service-go/internal/user/permissions.go:22.24,23.65 1 1
banka1/user-service-go/internal/user/permissions.go:24.22,25.43 1 1
banka1/user-service-go/internal/user/permissions.go:26.10,27.43 1 1
banka1/user-service-go/internal/user/repository.go:20.77,22.2 1 0
banka1/user-service-go/internal/user/repository.go:24.91,32.2 2 0
banka1/user-service-go/internal/user/repository.go:34.84,42.2 2 0
banka1/user-service-go/internal/user/repository.go:44.126,55.16 3 0
banka1/user-service-go/internal/user/repository.go:55.16,57.3 1 0
banka1/user-service-go/internal/user/repository.go:58.2,58.16 1 0
banka1/user-service-go/internal/user/repository.go:61.87,68.2 2 0
banka1/user-service-go/internal/user/repository.go:70.80,77.2 2 0
banka1/user-service-go/internal/user/repository.go:79.90,86.42 3 0
banka1/user-service-go/internal/user/repository.go:86.42,88.3 1 0
banka1/user-service-go/internal/user/repository.go:89.2,89.20 1 0
banka1/user-service-go/internal/user/repository.go:92.99,98.16 2 0
banka1/user-service-go/internal/user/repository.go:98.16,100.3 1 0
banka1/user-service-go/internal/user/repository.go:101.2,102.18 2 0
banka1/user-service-go/internal/user/repository.go:102.18,104.17 2 0
banka1/user-service-go/internal/user/repository.go:104.17,106.4 1 0
banka1/user-service-go/internal/user/repository.go:107.3,107.34 1 0
banka1/user-service-go/internal/user/repository.go:107.34,108.12 1 0
banka1/user-service-go/internal/user/repository.go:110.3,111.43 2 0
banka1/user-service-go/internal/user/repository.go:111.43,113.4 1 0
banka1/user-service-go/internal/user/repository.go:115.2,115.35 1 0
banka1/user-service-go/internal/user/repository.go:115.35,117.3 1 0
banka1/user-service-go/internal/user/repository.go:118.2,118.30 1 0
banka1/user-service-go/internal/user/repository.go:121.95,123.16 2 0
banka1/user-service-go/internal/user/repository.go:123.16,125.3 1 0
banka1/user-service-go/internal/user/repository.go:126.2,128.18 3 0
banka1/user-service-go/internal/user/repository.go:128.18,130.36 2 0
banka1/user-service-go/internal/user/repository.go:130.36,132.4 1 0
banka1/user-service-go/internal/user/repository.go:134.2,134.19 1 0
banka1/user-service-go/internal/user/repository.go:134.19,136.3 1 0
banka1/user-service-go/internal/user/repository.go:137.2,137.12 1 0
banka1/user-service-go/internal/user/repository.go:140.108,142.16 2 0
banka1/user-service-go/internal/user/repository.go:142.16,144.3 1 0
banka1/user-service-go/internal/user/repository.go:145.2,145.103 1 0
banka1/user-service-go/internal/user/repository.go:145.103,148.3 2 0
banka1/user-service-go/internal/user/repository.go:149.2,149.41 1 0
banka1/user-service-go/internal/user/repository.go:149.41,150.157 1 0
banka1/user-service-go/internal/user/repository.go:150.157,153.4 2 0
banka1/user-service-go/internal/user/repository.go:155.2,155.23 1 0
banka1/user-service-go/internal/user/repository.go:158.93,160.16 2 0
banka1/user-service-go/internal/user/repository.go:160.16,162.3 1 0
banka1/user-service-go/internal/user/repository.go:163.2,165.18 3 0
banka1/user-service-go/internal/user/repository.go:165.18,167.36 2 0
banka1/user-service-go/internal/user/repository.go:167.36,169.4 1 0
banka1/user-service-go/internal/user/repository.go:171.2,171.19 1 0
banka1/user-service-go/internal/user/repository.go:171.19,173.3 1 0
banka1/user-service-go/internal/user/repository.go:174.2,174.12 1 0
banka1/user-service-go/internal/user/repository.go:177.80,189.16 2 0
banka1/user-service-go/internal/user/repository.go:189.16,191.3 1 0
banka1/user-service-go/internal/user/repository.go:192.2,195.18 3 0
banka1/user-service-go/internal/user/repository.go:195.18,197.40 2 0
banka1/user-service-go/internal/user/repository.go:197.40,199.4 1 0
banka1/user-service-go/internal/user/repository.go:200.3,200.24 1 0
banka1/user-service-go/internal/user/repository.go:202.2,202.24 1 0
banka1/user-service-go/internal/user/repository.go:205.86,208.2 2 0
banka1/user-service-go/internal/user/repository.go:210.136,213.29 3 0
banka1/user-service-go/internal/user/repository.go:213.29,215.3 1 0
banka1/user-service-go/internal/user/repository.go:215.8,217.3 1 0
banka1/user-service-go/internal/user/repository.go:218.2,222.12 2 0
banka1/user-service-go/internal/user/repository.go:225.128,230.2 2 0
banka1/user-service-go/internal/user/repository.go:232.98,241.2 2 0
banka1/user-service-go/internal/user/repository.go:243.82,246.2 2 0
banka1/user-service-go/internal/user/repository.go:248.114,251.67 3 0
banka1/user-service-go/internal/user/repository.go:251.67,253.3 1 0
banka1/user-service-go/internal/user/repository.go:254.2,254.16 1 0
banka1/user-service-go/internal/user/repository.go:257.133,265.2 2 0
banka1/user-service-go/internal/user/repository.go:267.129,275.2 2 0
banka1/user-service-go/internal/user/repository.go:277.135,284.16 2 0
banka1/user-service-go/internal/user/repository.go:284.16,286.3 1 0
banka1/user-service-go/internal/user/repository.go:287.2,287.29 1 0
banka1/user-service-go/internal/user/repository.go:287.29,289.3 1 0
banka1/user-service-go/internal/user/repository.go:290.2,291.12 2 0
banka1/user-service-go/internal/user/repository.go:294.133,301.16 2 0
banka1/user-service-go/internal/user/repository.go:301.16,303.3 1 0
banka1/user-service-go/internal/user/repository.go:304.2,304.29 1 0
banka1/user-service-go/internal/user/repository.go:304.29,306.3 1 0
banka1/user-service-go/internal/user/repository.go:307.2,308.12 2 0
banka1/user-service-go/internal/user/repository.go:311.103,314.2 2 0
banka1/user-service-go/internal/user/repository.go:316.99,319.2 2 0
banka1/user-service-go/internal/user/repository.go:321.125,323.16 2 0
banka1/user-service-go/internal/user/repository.go:323.16,325.3 1 0
banka1/user-service-go/internal/user/repository.go:326.2,327.24 2 0
banka1/user-service-go/internal/user/repository.go:327.24,329.3 1 0
banka1/user-service-go/internal/user/repository.go:330.2,332.16 3 0
banka1/user-service-go/internal/user/repository.go:332.16,334.3 1 0
banka1/user-service-go/internal/user/repository.go:335.2,345.16 4 0
banka1/user-service-go/internal/user/repository.go:345.16,347.3 1 0
banka1/user-service-go/internal/user/repository.go:348.2,348.41 1 0
banka1/user-service-go/internal/user/repository.go:348.41,350.3 1 0
banka1/user-service-go/internal/user/repository.go:351.2,351.39 1 0
banka1/user-service-go/internal/user/repository.go:351.39,353.3 1 0
banka1/user-service-go/internal/user/repository.go:354.2,354.32 1 0
banka1/user-service-go/internal/user/repository.go:357.113,359.16 2 0
banka1/user-service-go/internal/user/repository.go:359.16,361.3 1 0
banka1/user-service-go/internal/user/repository.go:362.2,372.16 2 0
banka1/user-service-go/internal/user/repository.go:372.16,374.3 1 0
banka1/user-service-go/internal/user/repository.go:375.2,375.32 1 0
banka1/user-service-go/internal/user/repository.go:378.78,380.16 2 0
banka1/user-service-go/internal/user/repository.go:380.16,382.3 1 0
banka1/user-service-go/internal/user/repository.go:383.2,383.29 1 0
banka1/user-service-go/internal/user/repository.go:383.29,385.3 1 0
banka1/user-service-go/internal/user/repository.go:386.2,386.12 1 0
banka1/user-service-go/internal/user/repository.go:389.119,392.16 3 0
banka1/user-service-go/internal/user/repository.go:392.16,394.3 1 0
banka1/user-service-go/internal/user/repository.go:395.2,396.16 2 0
banka1/user-service-go/internal/user/repository.go:396.16,398.3 1 0
banka1/user-service-go/internal/user/repository.go:399.2,409.42 4 0
banka1/user-service-go/internal/user/repository.go:409.42,417.3 1 0
banka1/user-service-go/internal/user/repository.go:418.2,418.16 1 0
banka1/user-service-go/internal/user/repository.go:418.16,420.3 1 0
banka1/user-service-go/internal/user/repository.go:421.2,421.41 1 0
banka1/user-service-go/internal/user/repository.go:421.41,423.3 1 0
banka1/user-service-go/internal/user/repository.go:424.2,424.39 1 0
banka1/user-service-go/internal/user/repository.go:424.39,426.3 1 0
banka1/user-service-go/internal/user/repository.go:427.2,427.30 1 0
banka1/user-service-go/internal/user/repository.go:430.107,432.16 2 0
banka1/user-service-go/internal/user/repository.go:432.16,434.3 1 0
banka1/user-service-go/internal/user/repository.go:435.2,442.16 2 0
banka1/user-service-go/internal/user/repository.go:442.16,444.3 1 0
banka1/user-service-go/internal/user/repository.go:445.2,445.30 1 0
banka1/user-service-go/internal/user/repository.go:448.85,451.2 2 0
banka1/user-service-go/internal/user/repository.go:453.76,455.16 2 0
banka1/user-service-go/internal/user/repository.go:455.16,457.3 1 0
banka1/user-service-go/internal/user/repository.go:458.2,458.29 1 0
banka1/user-service-go/internal/user/repository.go:458.29,460.3 1 0
banka1/user-service-go/internal/user/repository.go:461.2,461.12 1 0
banka1/user-service-go/internal/user/repository.go:479.50,486.2 3 0
banka1/user-service-go/internal/user/repository.go:488.46,494.2 3 0
banka1/user-service-go/internal/user/repository.go:496.127,498.125 2 0
banka1/user-service-go/internal/user/repository.go:498.125,500.3 1 0
banka1/user-service-go/internal/user/repository.go:501.2,510.16 3 0
banka1/user-service-go/internal/user/repository.go:510.16,512.3 1 0
banka1/user-service-go/internal/user/repository.go:513.2,515.18 3 0
banka1/user-service-go/internal/user/repository.go:515.18,517.17 2 0
banka1/user-service-go/internal/user/repository.go:517.17,519.4 1 0
banka1/user-service-go/internal/user/repository.go:520.3,520.42 1 0
banka1/user-service-go/internal/user/repository.go:522.2,522.37 1 0
banka1/user-service-go/internal/user/repository.go:525.123,527.123 2 0
banka1/user-service-go/internal/user/repository.go:527.123,529.3 1 0
banka1/user-service-go/internal/user/repository.go:530.2,538.42 3 0
banka1/user-service-go/internal/user/repository.go:538.42,546.3 1 0
banka1/user-service-go/internal/user/repository.go:547.2,547.16 1 0
banka1/user-service-go/internal/user/repository.go:547.16,549.3 1 0
banka1/user-service-go/internal/user/repository.go:550.2,552.18 3 0
banka1/user-service-go/internal/user/repository.go:552.18,554.17 2 0
banka1/user-service-go/internal/user/repository.go:554.17,556.4 1 0
banka1/user-service-go/internal/user/repository.go:557.3,557.36 1 0
banka1/user-service-go/internal/user/repository.go:559.2,559.35 1 0
banka1/user-service-go/internal/user/repository.go:562.55,565.40 3 0
banka1/user-service-go/internal/user/repository.go:565.40,566.37 1 0
banka1/user-service-go/internal/user/repository.go:566.37,568.4 1 0
banka1/user-service-go/internal/user/repository.go:569.3,570.72 2 0
banka1/user-service-go/internal/user/repository.go:572.2,577.42 6 0
banka1/user-service-go/internal/user/repository.go:577.42,581.3 3 0
banka1/user-service-go/internal/user/repository.go:582.2,582.23 1 0
banka1/user-service-go/internal/user/repository.go:582.23,584.3 1 0
banka1/user-service-go/internal/user/repository.go:585.2,585.55 1 0
banka1/user-service-go/internal/user/repository.go:588.53,591.40 3 0
banka1/user-service-go/internal/user/repository.go:591.40,592.37 1 0
banka1/user-service-go/internal/user/repository.go:592.37,594.4 1 0
banka1/user-service-go/internal/user/repository.go:595.3,596.72 2 0
banka1/user-service-go/internal/user/repository.go:598.2,601.42 4 0
banka1/user-service-go/internal/user/repository.go:601.42,605.3 3 0
banka1/user-service-go/internal/user/repository.go:606.2,606.23 1 0
banka1/user-service-go/internal/user/repository.go:606.23,608.3 1 0
banka1/user-service-go/internal/user/repository.go:609.2,609.55 1 0
banka1/user-service-go/internal/user/repository.go:612.35,613.16 1 0
banka1/user-service-go/internal/user/repository.go:613.16,615.3 1 0
banka1/user-service-go/internal/user/repository.go:616.2,616.35 1 0
banka1/user-service-go/internal/user/repository.go:616.35,618.3 1 0
banka1/user-service-go/internal/user/repository.go:619.2,619.12 1 0
banka1/user-service-go/internal/user/repository.go:622.34,624.53 2 0
banka1/user-service-go/internal/user/repository.go:624.53,626.3 1 0
banka1/user-service-go/internal/user/repository.go:627.2,627.12 1 0
banka1/user-service-go/internal/user/repository.go:630.40,633.2 2 0
banka1/user-service-go/internal/user/repository.go:635.35,637.17 2 0
banka1/user-service-go/internal/user/repository.go:637.17,639.3 1 0
banka1/user-service-go/internal/user/repository.go:640.2,640.14 1 0
banka1/user-service-go/internal/user/repository.go:643.39,645.17 2 0
banka1/user-service-go/internal/user/repository.go:645.17,647.3 1 0
banka1/user-service-go/internal/user/repository.go:648.2,648.35 1 0
banka1/user-service-go/internal/user/repository.go:648.35,650.3 1 0
banka1/user-service-go/internal/user/repository.go:651.2,651.36 1 0
banka1/user-service-go/internal/user/repository.go:651.36,653.3 1 0
banka1/user-service-go/internal/user/repository.go:654.2,654.35 1 0
banka1/user-service-go/internal/user/repository.go:654.35,656.3 1 0
banka1/user-service-go/internal/user/repository.go:657.2,657.20 1 0
banka1/user-service-go/internal/user/repository.go:660.51,662.17 2 1
banka1/user-service-go/internal/user/repository.go:662.17,664.3 1 1
banka1/user-service-go/internal/user/repository.go:665.2,665.14 1 0
banka1/user-service-go/internal/user/repository.go:668.53,669.18 1 0
banka1/user-service-go/internal/user/repository.go:669.18,671.3 1 0
banka1/user-service-go/internal/user/repository.go:672.2,672.15 1 0
banka1/user-service-go/internal/user/repository.go:675.54,676.18 1 0
banka1/user-service-go/internal/user/repository.go:676.18,678.3 1 0
banka1/user-service-go/internal/user/repository.go:679.2,679.27 1 0
banka1/user-service-go/internal/user/repository.go:682.51,683.18 1 0
banka1/user-service-go/internal/user/repository.go:683.18,685.3 1 0
banka1/user-service-go/internal/user/repository.go:686.2,686.15 1 0
banka1/user-service-go/internal/user/repository.go:689.29,690.16 1 0
banka1/user-service-go/internal/user/repository.go:690.16,692.3 1 0
banka1/user-service-go/internal/user/repository.go:693.2,695.16 3 0
banka1/user-service-go/internal/user/repository.go:695.16,699.3 3 0
banka1/user-service-go/internal/user/repository.go:700.2,700.24 1 0
banka1/user-service-go/internal/user/service.go:43.186,45.2 1 1
banka1/user-service-go/internal/user/service.go:47.95,50.16 3 1
banka1/user-service-go/internal/user/service.go:50.16,52.3 1 1
banka1/user-service-go/internal/user/service.go:53.2,53.23 1 1
banka1/user-service-go/internal/user/service.go:53.23,55.3 1 1
banka1/user-service-go/internal/user/service.go:56.2,56.75 1 1
banka1/user-service-go/internal/user/service.go:56.75,58.3 1 1
banka1/user-service-go/internal/user/service.go:59.2,59.100 1 1
banka1/user-service-go/internal/user/service.go:59.100,61.70 2 1
banka1/user-service-go/internal/user/service.go:61.70,63.4 1 0
banka1/user-service-go/internal/user/service.go:64.3,64.42 1 1
banka1/user-service-go/internal/user/service.go:66.2,69.16 4 1
banka1/user-service-go/internal/user/service.go:69.16,71.3 1 0
banka1/user-service-go/internal/user/service.go:72.2,73.16 2 1
banka1/user-service-go/internal/user/service.go:73.16,75.3 1 0
banka1/user-service-go/internal/user/service.go:76.2,77.132 2 1
banka1/user-service-go/internal/user/service.go:77.132,79.3 1 0
banka1/user-service-go/internal/user/service.go:80.2,81.109 2 1
banka1/user-service-go/internal/user/service.go:84.95,86.16 2 0
banka1/user-service-go/internal/user/service.go:86.16,88.3 1 0
banka1/user-service-go/internal/user/service.go:89.2,92.16 4 0
banka1/user-service-go/internal/user/service.go:92.16,94.3 1 0
banka1/user-service-go/internal/user/service.go:95.2,96.16 2 0
banka1/user-service-go/internal/user/service.go:96.16,98.3 1 0
banka1/user-service-go/internal/user/service.go:99.2,100.152 2 0
banka1/user-service-go/internal/user/service.go:100.152,102.3 1 0
banka1/user-service-go/internal/user/service.go:103.2,103.113 1 0
banka1/user-service-go/internal/user/service.go:106.99,108.16 2 1
banka1/user-service-go/internal/user/service.go:108.16,110.3 1 1
banka1/user-service-go/internal/user/service.go:111.2,111.21 1 1
banka1/user-service-go/internal/user/service.go:111.21,113.3 1 1
banka1/user-service-go/internal/user/service.go:114.2,114.96 1 1
banka1/user-service-go/internal/user/service.go:114.96,116.3 1 1
banka1/user-service-go/internal/user/service.go:117.2,120.16 4 1
banka1/user-service-go/internal/user/service.go:120.16,122.3 1 0
banka1/user-service-go/internal/user/service.go:123.2,123.125 1 1
banka1/user-service-go/internal/user/service.go:126.67,128.2 1 1
banka1/user-service-go/internal/user/service.go:130.88,132.2 1 1
banka1/user-service-go/internal/user/service.go:134.86,136.2 1 1
banka1/user-service-go/internal/user/service.go:138.84,141.16 3 0
banka1/user-service-go/internal/user/service.go:141.16,143.3 1 0
banka1/user-service-go/internal/user/service.go:144.2,144.86 1 0
banka1/user-service-go/internal/user/service.go:147.82,150.16 3 0
banka1/user-service-go/internal/user/service.go:150.16,152.3 1 0
banka1/user-service-go/internal/user/service.go:153.2,153.84 1 0
banka1/user-service-go/internal/user/service.go:156.83,158.16 2 1
banka1/user-service-go/internal/user/service.go:158.16,160.3 1 0
banka1/user-service-go/internal/user/service.go:161.2,161.23 1 1
banka1/user-service-go/internal/user/service.go:161.23,163.3 1 0
banka1/user-service-go/internal/user/service.go:164.2,165.16 2 1
banka1/user-service-go/internal/user/service.go:165.16,167.3 1 0
banka1/user-service-go/internal/user/service.go:168.2,168.152 1 1
banka1/user-service-go/internal/user/service.go:168.152,170.3 1 0
banka1/user-service-go/internal/user/service.go:171.2,171.152 1 1
banka1/user-service-go/internal/user/service.go:174.85,176.16 2 0
banka1/user-service-go/internal/user/service.go:176.16,178.3 1 0
banka1/user-service-go/internal/user/service.go:179.2,179.22 1 0
banka1/user-service-go/internal/user/service.go:179.22,181.3 1 0
banka1/user-service-go/internal/user/service.go:182.2,183.16 2 0
banka1/user-service-go/internal/user/service.go:183.16,185.3 1 0
banka1/user-service-go/internal/user/service.go:186.2,186.152 1 0
banka1/user-service-go/internal/user/service.go:186.152,188.3 1 0
banka1/user-service-go/internal/user/service.go:189.2,189.133 1 0
banka1/user-service-go/internal/user/service.go:192.81,194.16 2 1
banka1/user-service-go/internal/user/service.go:194.16,196.3 1 0
banka1/user-service-go/internal/user/service.go:197.2,197.21 1 1
banka1/user-service-go/internal/user/service.go:197.21,199.3 1 0
banka1/user-service-go/internal/user/service.go:200.2,201.16 2 1
banka1/user-service-go/internal/user/service.go:201.16,203.3 1 0
banka1/user-service-go/internal/user/service.go:204.2,204.148 1 1
banka1/user-service-go/internal/user/service.go:204.148,206.3 1 0
banka1/user-service-go/internal/user/service.go:207.2,207.142 1 1
banka1/user-service-go/internal/user/service.go:210.83,212.16 2 0
banka1/user-service-go/internal/user/service.go:212.16,214.3 1 0
banka1/user-service-go/internal/user/service.go:215.2,215.20 1 0
banka1/user-service-go/internal/user/service.go:215.20,217.3 1 0
banka1/user-service-go/internal/user/service.go:218.2,219.16 2 0
banka1/user-service-go/internal/user/service.go:219.16,221.3 1 0
banka1/user-service-go/internal/user/service.go:222.2,222.148 1 0
banka1/user-service-go/internal/user/service.go:222.148,224.3 1 0
banka1/user-service-go/internal/user/service.go:225.2,225.123 1 0
banka1/user-service-go/internal/user/service.go:228.115,231.16 3 1
banka1/user-service-go/internal/user/service.go:231.16,233.3 1 1
banka1/user-service-go/internal/user/service.go:234.2,235.37 2 1
banka1/user-service-go/internal/user/service.go:235.37,238.3 2 1
banka1/user-service-go/internal/user/service.go:239.2,239.58 1 1
banka1/user-service-go/internal/user/service.go:242.88,244.16 2 1
banka1/user-service-go/internal/user/service.go:244.16,246.3 1 0
banka1/user-service-go/internal/user/service.go:247.2,248.35 2 1
banka1/user-service-go/internal/user/service.go:251.108,252.52 1 1
banka1/user-service-go/internal/user/service.go:252.52,254.3 1 1
banka1/user-service-go/internal/user/service.go:255.2,257.16 3 1
banka1/user-service-go/internal/user/service.go:257.16,259.3 1 0
banka1/user-service-go/internal/user/service.go:260.2,262.16 3 1
banka1/user-service-go/internal/user/service.go:262.16,263.153 1 1
banka1/user-service-go/internal/user/service.go:263.153,265.4 1 1
banka1/user-service-go/internal/user/service.go:267.2,267.35 1 1
banka1/user-service-go/internal/user/service.go:270.62,271.61 1 1
banka1/user-service-go/internal/user/service.go:271.61,273.3 1 1
banka1/user-service-go/internal/user/service.go:274.2,275.53 2 1
banka1/user-service-go/internal/user/service.go:275.53,277.3 1 1
banka1/user-service-go/internal/user/service.go:278.2,279.16 2 1
banka1/user-service-go/internal/user/service.go:279.16,281.3 1 1
banka1/user-service-go/internal/user/service.go:282.2,285.25 4 1
banka1/user-service-go/internal/user/service.go:285.25,287.3 1 1
banka1/user-service-go/internal/user/service.go:288.2,288.12 1 1
banka1/user-service-go/internal/user/service.go:291.118,293.16 2 1
banka1/user-service-go/internal/user/service.go:293.16,295.3 1 0
banka1/user-service-go/internal/user/service.go:296.2,300.30 2 1
banka1/user-service-go/internal/user/service.go:300.30,302.3 1 0
banka1/user-service-go/internal/user/service.go:303.2,304.16 2 1
banka1/user-service-go/internal/user/service.go:304.16,306.3 1 0
banka1/user-service-go/internal/user/service.go:307.2,307.42 1 1
banka1/user-service-go/internal/user/service.go:307.42,309.91 2 0
banka1/user-service-go/internal/user/service.go:309.91,311.4 1 0
banka1/user-service-go/internal/user/service.go:312.3,312.90 1 0
banka1/user-service-go/internal/user/service.go:312.90,314.4 1 0
banka1/user-service-go/internal/user/service.go:316.2,318.41 3 1
banka1/user-service-go/internal/user/service.go:318.41,321.3 2 0
banka1/user-service-go/internal/user/service.go:322.2,322.121 1 1
banka1/user-service-go/internal/user/service.go:322.121,324.3 1 0
banka1/user-service-go/internal/user/service.go:325.2,325.35 1 1
banka1/user-service-go/internal/user/service.go:328.71,330.59 2 1
banka1/user-service-go/internal/user/service.go:330.59,332.3 1 0
banka1/user-service-go/internal/user/service.go:333.2,333.22 1 1
banka1/user-service-go/internal/user/service.go:333.22,336.3 2 0
banka1/user-service-go/internal/user/service.go:337.2,337.12 1 1
banka1/user-service-go/internal/user/service.go:340.92,341.53 1 0
banka1/user-service-go/internal/user/service.go:341.53,343.3 1 0
banka1/user-service-go/internal/user/service.go:344.2,345.38 2 0
banka1/user-service-go/internal/user/service.go:345.38,348.3 2 0
banka1/user-service-go/internal/user/service.go:349.2,349.83 1 0
banka1/user-service-go/internal/user/service.go:349.83,351.3 1 0
banka1/user-service-go/internal/user/service.go:354.104,356.16 2 0
banka1/user-service-go/internal/user/service.go:356.16,358.3 1 0
banka1/user-service-go/internal/user/service.go:359.2,363.16 2 0
banka1/user-service-go/internal/user/service.go:363.16,365.3 1 0
banka1/user-service-go/internal/user/service.go:366.2,368.16 3 0
banka1/user-service-go/internal/user/service.go:368.16,370.3 1 0
banka1/user-service-go/internal/user/service.go:371.2,374.16 4 0
banka1/user-service-go/internal/user/service.go:374.16,376.3 1 0
banka1/user-service-go/internal/user/service.go:377.2,378.53 2 0
banka1/user-service-go/internal/user/service.go:378.53,380.3 1 0
banka1/user-service-go/internal/user/service.go:381.2,381.12 1 0
banka1/user-service-go/internal/user/service.go:384.111,387.16 3 1
banka1/user-service-go/internal/user/service.go:387.16,389.3 1 0
banka1/user-service-go/internal/user/service.go:390.2,391.33 2 1
banka1/user-service-go/internal/user/service.go:391.33,394.3 2 1
banka1/user-service-go/internal/user/service.go:395.2,395.58 1 1
banka1/user-service-go/internal/user/service.go:398.77,400.2 1 1
banka1/user-service-go/internal/user/service.go:402.122,403.56 1 1
banka1/user-service-go/internal/user/service.go:403.56,405.3 1 1
banka1/user-service-go/internal/user/service.go:406.2,407.16 2 1
banka1/user-service-go/internal/user/service.go:407.16,409.3 1 0
banka1/user-service-go/internal/user/service.go:410.2,410.35 1 1
banka1/user-service-go/internal/user/service.go:413.101,415.16 2 1
banka1/user-service-go/internal/user/service.go:415.16,417.3 1 0
banka1/user-service-go/internal/user/service.go:418.2,418.35 1 1
banka1/user-service-go/internal/user/service.go:421.102,424.16 3 1
banka1/user-service-go/internal/user/service.go:424.16,426.3 1 0
banka1/user-service-go/internal/user/service.go:427.2,429.16 3 1
banka1/user-service-go/internal/user/service.go:429.16,430.149 1 1
banka1/user-service-go/internal/user/service.go:430.149,432.4 1 1
banka1/user-service-go/internal/user/service.go:434.2,434.31 1 1
banka1/user-service-go/internal/user/service.go:437.112,439.16 2 1
banka1/user-service-go/internal/user/service.go:439.16,441.3 1 0
banka1/user-service-go/internal/user/service.go:442.2,443.31 2 1
banka1/user-service-go/internal/user/service.go:446.76,448.2 1 1
banka1/user-service-go/internal/user/service.go:450.69,452.57 2 1
banka1/user-service-go/internal/user/service.go:452.57,454.3 1 0
banka1/user-service-go/internal/user/service.go:455.2,455.20 1 1
banka1/user-service-go/internal/user/service.go:455.20,457.3 1 0
banka1/user-service-go/internal/user/service.go:458.2,458.12 1 1
banka1/user-service-go/internal/user/service.go:461.122,462.25 1 1
banka1/user-service-go/internal/user/service.go:463.19,465.17 2 1
banka1/user-service-go/internal/user/service.go:465.17,467.4 1 0
banka1/user-service-go/internal/user/service.go:468.3,468.137 1 1
banka1/user-service-go/internal/user/service.go:469.21,471.17 2 1
banka1/user-service-go/internal/user/service.go:471.17,473.4 1 0
banka1/user-service-go/internal/user/service.go:474.3,474.145 1 1
banka1/user-service-go/internal/user/service.go:475.10,476.55 1 1
banka1/user-service-go/internal/user/service.go:480.58,481.9 1 1
banka1/user-service-go/internal/user/service.go:482.37,483.47 1 1
banka1/user-service-go/internal/user/service.go:484.39,485.59 1 1
banka1/user-service-go/internal/user/service.go:486.42,487.58 1 1
banka1/user-service-go/internal/user/service.go:488.40,489.64 1 1
banka1/user-service-go/internal/user/service.go:490.36,491.39 1 1
banka1/user-service-go/internal/user/service.go:492.39,493.58 1 1
banka1/user-service-go/internal/user/service.go:494.35,495.48 1 1
banka1/user-service-go/internal/user/service.go:496.36,497.62 1 1
banka1/user-service-go/internal/user/service.go:498.42,499.89 1 1
banka1/user-service-go/internal/user/service.go:500.10,501.56 1 1
banka1/user-service-go/internal/user/service.go:505.40,506.20 1 1
banka1/user-service-go/internal/user/service.go:506.20,508.3 1 1
banka1/user-service-go/internal/user/service.go:509.2,509.21 1 1
banka1/user-service-go/internal/user/service.go:509.21,511.3 1 1
banka1/user-service-go/internal/user/service.go:512.2,512.22 1 1
banka1/user-service-go/internal/user/service.go:512.22,514.3 1 1
banka1/user-service-go/internal/user/service.go:517.73,519.14 2 1
banka1/user-service-go/internal/user/service.go:519.14,521.3 1 1
banka1/user-service-go/internal/user/service.go:522.2,534.3 2 1
banka1/user-service-go/internal/user/service.go:537.54,558.2 1 1
banka1/user-service-go/internal/user/service.go:560.37,562.2 1 1
banka1/user-service-go/internal/user/service.go:564.45,565.31 1 1
banka1/user-service-go/internal/user/service.go:565.31,566.18 1 1
banka1/user-service-go/internal/user/service.go:566.18,568.4 1 1
banka1/user-service-go/internal/user/service.go:570.2,570.11 1 1
banka1/user-service-go/internal/user/service.go:573.67,574.41 1 1
banka1/user-service-go/internal/user/service.go:574.41,575.27 1 1
banka1/user-service-go/internal/user/service.go:575.27,577.4 1 1
banka1/user-service-go/internal/user/service.go:579.2,579.14 1 1
banka1/user-service-go/internal/user/service.go:582.52,583.33 1 1
banka1/user-service-go/internal/user/service.go:583.33,585.3 1 1
banka1/user-service-go/internal/user/service.go:586.2,586.18 1 1
banka1/user-service-go/internal/user/service.go:589.112,591.16 2 1
banka1/user-service-go/internal/user/service.go:591.16,594.3 2 1
banka1/user-service-go/internal/user/service.go:595.2,600.4 1 1
banka1/user-service-go/internal/user/service.go:603.115,604.18 1 1
banka1/user-service-go/internal/user/service.go:604.18,606.3 1 1
banka1/user-service-go/internal/user/service.go:607.2,609.71 3 1
banka1/user-service-go/internal/user/service.go:609.71,611.3 1 1
banka1/user-service-go/internal/user/service.go:612.2,614.61 3 1
banka1/user-service-go/internal/user/service.go:614.61,618.22 4 1
banka1/user-service-go/internal/user/service.go:618.22,620.4 1 1
banka1/user-service-go/internal/user/service.go:622.2,631.88 2 1
banka1/user-service-go/internal/user/service.go:631.88,633.3 1 0
banka1/user-service-go/internal/user/service.go:636.45,638.31 2 1
banka1/user-service-go/internal/user/service.go:638.31,640.18 2 1
banka1/user-service-go/internal/user/service.go:640.18,642.4 1 1
banka1/user-service-go/internal/user/service.go:644.2,645.26 2 1
banka1/user-service-go/internal/user/service.go:645.26,647.3 1 1
banka1/user-service-go/internal/user/service.go:648.2,649.12 2 1
