mode: set
Banka1Back/credit-service-go/cmd/credit-service/main.go:18.13,20.16 2 0
Banka1Back/credit-service-go/cmd/credit-service/main.go:20.16,22.3 1 0
Banka1Back/credit-service-go/cmd/credit-service/main.go:22.8,27.17 4 0
Banka1Back/credit-service-go/cmd/credit-service/main.go:27.17,29.4 1 0
Banka1Back/credit-service-go/cmd/credit-service/main.go:29.9,31.4 1 0
Banka1Back/credit-service-go/cmd/credit-service/main.go:34.2,42.16 8 0
Banka1Back/credit-service-go/cmd/credit-service/main.go:42.16,44.3 1 0
Banka1Back/credit-service-go/cmd/credit-service/main.go:44.8,47.3 2 0
Banka1Back/credit-service-go/cmd/credit-service/main.go:49.2,67.77 8 0
Banka1Back/credit-service-go/cmd/credit-service/main.go:67.77,68.33 1 0
Banka1Back/credit-service-go/cmd/credit-service/main.go:68.33,71.4 2 0
Banka1Back/credit-service-go/cmd/credit-service/main.go:73.3,73.67 1 0
Banka1Back/credit-service-go/cmd/credit-service/main.go:75.2,75.85 1 0
Banka1Back/credit-service-go/cmd/credit-service/main.go:75.85,76.19 1 0
Banka1Back/credit-service-go/cmd/credit-service/main.go:77.24,78.35 1 0
Banka1Back/credit-service-go/cmd/credit-service/main.go:79.23,80.37 1 0
Banka1Back/credit-service-go/cmd/credit-service/main.go:81.11,82.68 1 0
Banka1Back/credit-service-go/cmd/credit-service/main.go:85.2,85.86 1 0
Banka1Back/credit-service-go/cmd/credit-service/main.go:85.86,86.33 1 0
Banka1Back/credit-service-go/cmd/credit-service/main.go:86.33,89.4 2 0
Banka1Back/credit-service-go/cmd/credit-service/main.go:91.3,91.67 1 0
Banka1Back/credit-service-go/cmd/credit-service/main.go:93.2,97.16 4 0
Banka1Back/credit-service-go/cmd/credit-service/main.go:97.16,99.3 1 0
Banka1Back/credit-service-go/cmd/credit-service/main.go:102.49,104.17 2 0
Banka1Back/credit-service-go/cmd/credit-service/main.go:104.17,106.3 1 0
Banka1Back/credit-service-go/cmd/credit-service/main.go:107.2,107.14 1 0
Banka1Back/credit-service-go/cmd/token/main.go:11.13,13.18 2 0
Banka1Back/credit-service-go/cmd/token/main.go:13.18,15.3 1 0
Banka1Back/credit-service-go/cmd/token/main.go:17.2,18.16 2 0
Banka1Back/credit-service-go/cmd/token/main.go:18.16,20.3 1 0
Banka1Back/credit-service-go/cmd/token/main.go:22.2,32.16 4 0
Banka1Back/credit-service-go/cmd/token/main.go:32.16,33.13 1 0
Banka1Back/credit-service-go/cmd/token/main.go:36.2,36.21 1 0
Banka1Back/credit-service-go/internal/mapper/loan_mapper.go:8.61,25.2 1 1
Banka1Back/credit-service-go/internal/mapper/loan_mapper.go:27.85,32.2 1 1
Banka1Back/credit-service-go/internal/mapper/loan_mapper.go:34.89,43.2 1 1
Banka1Back/credit-service-go/internal/mapper/loan_mapper.go:45.96,48.43 2 1
Banka1Back/credit-service-go/internal/mapper/loan_mapper.go:48.43,50.3 1 1
Banka1Back/credit-service-go/internal/mapper/loan_mapper.go:52.2,52.18 1 1
Banka1Back/credit-service-go/internal/mapper/loan_mapper.go:55.103,60.2 1 1
Banka1Back/credit-service-go/internal/auth/jwt.go:11.56,12.22 1 1
Banka1Back/credit-service-go/internal/auth/jwt.go:12.22,14.3 1 1
Banka1Back/credit-service-go/internal/auth/jwt.go:16.2,17.45 2 1
Banka1Back/credit-service-go/internal/auth/jwt.go:17.45,19.3 1 1
Banka1Back/credit-service-go/internal/auth/jwt.go:21.2,22.18 2 1
Banka1Back/credit-service-go/internal/auth/jwt.go:22.18,24.3 1 1
Banka1Back/credit-service-go/internal/auth/jwt.go:26.2,26.80 1 1
Banka1Back/credit-service-go/internal/auth/jwt.go:26.80,28.3 1 1
Banka1Back/credit-service-go/internal/auth/jwt.go:29.2,29.32 1 1
Banka1Back/credit-service-go/internal/auth/jwt.go:29.32,31.3 1 1
Banka1Back/credit-service-go/internal/auth/jwt.go:33.2,34.9 2 1
Banka1Back/credit-service-go/internal/auth/jwt.go:34.9,36.3 1 0
Banka1Back/credit-service-go/internal/auth/jwt.go:38.2,40.47 2 1
Banka1Back/credit-service-go/internal/auth/jwt.go:40.47,42.3 1 1
Banka1Back/credit-service-go/internal/auth/jwt.go:44.2,44.50 1 1
Banka1Back/credit-service-go/internal/auth/jwt.go:44.50,46.3 1 1
Banka1Back/credit-service-go/internal/auth/jwt.go:48.2,48.58 1 1
Banka1Back/credit-service-go/internal/auth/jwt.go:48.58,50.3 1 1
Banka1Back/credit-service-go/internal/auth/jwt.go:52.2,52.51 1 1
Banka1Back/credit-service-go/internal/auth/jwt.go:52.51,54.3 1 1
Banka1Back/credit-service-go/internal/auth/jwt.go:56.2,56.80 1 1
Banka1Back/credit-service-go/internal/auth/jwt.go:56.80,57.49 1 1
Banka1Back/credit-service-go/internal/auth/jwt.go:57.49,59.4 1 1
Banka1Back/credit-service-go/internal/auth/jwt.go:62.2,62.18 1 1
Banka1Back/credit-service-go/internal/auth/user.go:10.41,12.2 1 1
Banka1Back/credit-service-go/internal/auth/user.go:14.48,15.29 1 1
Banka1Back/credit-service-go/internal/auth/user.go:15.29,16.21 1 1
Banka1Back/credit-service-go/internal/auth/user.go:16.21,18.4 1 1
Banka1Back/credit-service-go/internal/auth/user.go:20.2,20.14 1 1
Banka1Back/credit-service-go/internal/dto/loan_request_dto.go:27.59,35.50 3 1
Banka1Back/credit-service-go/internal/dto/loan_request_dto.go:35.50,37.3 1 0
Banka1Back/credit-service-go/internal/dto/loan_request_dto.go:38.2,38.32 1 1
Banka1Back/credit-service-go/internal/dto/loan_request_dto.go:38.32,40.65 2 1
Banka1Back/credit-service-go/internal/dto/loan_request_dto.go:40.65,43.4 2 1
Banka1Back/credit-service-go/internal/dto/loan_request_dto.go:44.3,45.65 2 1
Banka1Back/credit-service-go/internal/dto/loan_request_dto.go:45.65,47.4 1 0
Banka1Back/credit-service-go/internal/dto/loan_request_dto.go:48.3,49.17 2 1
Banka1Back/credit-service-go/internal/dto/loan_request_dto.go:49.17,51.4 1 1
Banka1Back/credit-service-go/internal/dto/loan_request_dto.go:52.3,52.24 1 1
Banka1Back/credit-service-go/internal/dto/loan_request_dto.go:54.2,54.12 1 1
Banka1Back/credit-service-go/internal/dto/response_dtos.go:106.55,108.2 1 1
Banka1Back/credit-service-go/internal/dto/response_dtos.go:110.80,117.2 1 1
Banka1Back/credit-service-go/internal/dto/response_dtos.go:119.86,127.2 1 1
Banka1Back/credit-service-go/internal/api/loan_handler.go:18.61,20.2 1 1
Banka1Back/credit-service-go/internal/api/loan_handler.go:22.70,25.2 2 1
Banka1Back/credit-service-go/internal/api/loan_handler.go:27.81,31.16 3 1
Banka1Back/credit-service-go/internal/api/loan_handler.go:31.16,34.3 2 1
Banka1Back/credit-service-go/internal/api/loan_handler.go:36.2,37.31 2 1
Banka1Back/credit-service-go/internal/api/loan_handler.go:37.31,40.3 2 1
Banka1Back/credit-service-go/internal/api/loan_handler.go:42.2,43.16 2 1
Banka1Back/credit-service-go/internal/api/loan_handler.go:43.16,46.3 2 1
Banka1Back/credit-service-go/internal/api/loan_handler.go:48.2,48.63 1 1
Banka1Back/credit-service-go/internal/api/loan_handler.go:48.63,51.3 2 1
Banka1Back/credit-service-go/internal/api/loan_handler.go:53.2,54.16 2 1
Banka1Back/credit-service-go/internal/api/loan_handler.go:54.16,57.3 2 1
Banka1Back/credit-service-go/internal/api/loan_handler.go:59.2,59.44 1 1
Banka1Back/credit-service-go/internal/api/loan_handler.go:62.83,64.16 2 1
Banka1Back/credit-service-go/internal/api/loan_handler.go:64.16,67.3 2 1
Banka1Back/credit-service-go/internal/api/loan_handler.go:69.2,69.70 1 1
Banka1Back/credit-service-go/internal/api/loan_handler.go:69.70,72.3 2 1
Banka1Back/credit-service-go/internal/api/loan_handler.go:74.2,77.15 3 1
Banka1Back/credit-service-go/internal/api/loan_handler.go:77.15,79.3 1 1
Banka1Back/credit-service-go/internal/api/loan_handler.go:80.2,80.14 1 1
Banka1Back/credit-service-go/internal/api/loan_handler.go:80.14,82.3 1 0
Banka1Back/credit-service-go/internal/api/loan_handler.go:84.2,85.61 2 1
Banka1Back/credit-service-go/internal/api/loan_handler.go:85.61,88.3 2 1
Banka1Back/credit-service-go/internal/api/loan_handler.go:90.2,91.59 2 1
Banka1Back/credit-service-go/internal/api/loan_handler.go:91.59,93.3 1 1
Banka1Back/credit-service-go/internal/api/loan_handler.go:95.2,96.16 2 1
Banka1Back/credit-service-go/internal/api/loan_handler.go:96.16,99.3 2 0
Banka1Back/credit-service-go/internal/api/loan_handler.go:101.2,101.39 1 1
Banka1Back/credit-service-go/internal/api/loan_handler.go:104.82,106.16 2 1
Banka1Back/credit-service-go/internal/api/loan_handler.go:106.16,109.3 2 1
Banka1Back/credit-service-go/internal/api/loan_handler.go:111.2,111.70 1 1
Banka1Back/credit-service-go/internal/api/loan_handler.go:111.70,114.3 2 1
Banka1Back/credit-service-go/internal/api/loan_handler.go:116.2,119.21 3 1
Banka1Back/credit-service-go/internal/api/loan_handler.go:119.21,122.3 2 1
Banka1Back/credit-service-go/internal/api/loan_handler.go:124.2,125.16 2 1
Banka1Back/credit-service-go/internal/api/loan_handler.go:125.16,128.3 2 1
Banka1Back/credit-service-go/internal/api/loan_handler.go:130.2,131.18 2 1
Banka1Back/credit-service-go/internal/api/loan_handler.go:132.17,133.32 1 1
Banka1Back/credit-service-go/internal/api/loan_handler.go:134.17,135.32 1 1
Banka1Back/credit-service-go/internal/api/loan_handler.go:136.10,138.9 2 1
Banka1Back/credit-service-go/internal/api/loan_handler.go:141.2,142.16 2 1
Banka1Back/credit-service-go/internal/api/loan_handler.go:142.16,145.3 2 1
Banka1Back/credit-service-go/internal/api/loan_handler.go:147.2,149.4 1 1
Banka1Back/credit-service-go/internal/api/loan_handler.go:152.79,154.16 2 1
Banka1Back/credit-service-go/internal/api/loan_handler.go:154.16,157.3 2 1
Banka1Back/credit-service-go/internal/api/loan_handler.go:159.2,159.63 1 1
Banka1Back/credit-service-go/internal/api/loan_handler.go:159.63,162.3 2 1
Banka1Back/credit-service-go/internal/api/loan_handler.go:164.2,167.15 3 1
Banka1Back/credit-service-go/internal/api/loan_handler.go:167.15,169.3 1 1
Banka1Back/credit-service-go/internal/api/loan_handler.go:170.2,170.14 1 1
Banka1Back/credit-service-go/internal/api/loan_handler.go:170.14,172.3 1 0
Banka1Back/credit-service-go/internal/api/loan_handler.go:174.2,175.16 2 1
Banka1Back/credit-service-go/internal/api/loan_handler.go:175.16,178.3 2 1
Banka1Back/credit-service-go/internal/api/loan_handler.go:180.2,180.39 1 1
Banka1Back/credit-service-go/internal/api/loan_handler.go:183.75,185.16 2 1
Banka1Back/credit-service-go/internal/api/loan_handler.go:185.16,188.3 2 1
Banka1Back/credit-service-go/internal/api/loan_handler.go:190.2,190.72 1 1
Banka1Back/credit-service-go/internal/api/loan_handler.go:190.72,193.3 2 1
Banka1Back/credit-service-go/internal/api/loan_handler.go:195.2,197.16 3 1
Banka1Back/credit-service-go/internal/api/loan_handler.go:197.16,200.3 2 1
Banka1Back/credit-service-go/internal/api/loan_handler.go:202.2,203.16 2 1
Banka1Back/credit-service-go/internal/api/loan_handler.go:203.16,206.3 2 0
Banka1Back/credit-service-go/internal/api/loan_handler.go:208.2,208.39 1 1
Banka1Back/credit-service-go/internal/api/loan_handler.go:211.76,213.16 2 1
Banka1Back/credit-service-go/internal/api/loan_handler.go:213.16,216.3 2 1
Banka1Back/credit-service-go/internal/api/loan_handler.go:218.2,218.70 1 1
Banka1Back/credit-service-go/internal/api/loan_handler.go:218.70,221.3 2 1
Banka1Back/credit-service-go/internal/api/loan_handler.go:223.2,226.15 3 1
Banka1Back/credit-service-go/internal/api/loan_handler.go:226.15,228.3 1 1
Banka1Back/credit-service-go/internal/api/loan_handler.go:229.2,229.14 1 1
Banka1Back/credit-service-go/internal/api/loan_handler.go:229.14,231.3 1 0
Banka1Back/credit-service-go/internal/api/loan_handler.go:233.2,234.61 2 1
Banka1Back/credit-service-go/internal/api/loan_handler.go:234.61,237.3 2 1
Banka1Back/credit-service-go/internal/api/loan_handler.go:239.2,240.59 2 1
Banka1Back/credit-service-go/internal/api/loan_handler.go:240.59,242.3 1 0
Banka1Back/credit-service-go/internal/api/loan_handler.go:244.2,245.59 2 1
Banka1Back/credit-service-go/internal/api/loan_handler.go:245.59,248.3 2 1
Banka1Back/credit-service-go/internal/api/loan_handler.go:250.2,251.16 2 1
Banka1Back/credit-service-go/internal/api/loan_handler.go:251.16,254.3 2 0
Banka1Back/credit-service-go/internal/api/loan_handler.go:256.2,256.39 1 1
Banka1Back/credit-service-go/internal/api/loan_handler.go:259.61,263.2 3 1
Banka1Back/credit-service-go/internal/api/loan_handler.go:265.92,267.2 1 1
Banka1Back/credit-service-go/internal/api/loan_handler.go:269.86,271.2 1 1
Banka1Back/credit-service-go/internal/api/validation.go:13.72,16.28 2 1
Banka1Back/credit-service-go/internal/api/validation.go:16.28,18.3 1 1
Banka1Back/credit-service-go/internal/api/validation.go:20.2,20.32 1 1
Banka1Back/credit-service-go/internal/api/validation.go:20.32,22.3 1 1
Banka1Back/credit-service-go/internal/api/validation.go:24.2,24.51 1 1
Banka1Back/credit-service-go/internal/api/validation.go:24.51,26.3 1 1
Banka1Back/credit-service-go/internal/api/validation.go:28.2,28.28 1 1
Banka1Back/credit-service-go/internal/api/validation.go:28.28,30.3 1 1
Banka1Back/credit-service-go/internal/api/validation.go:32.2,32.27 1 1
Banka1Back/credit-service-go/internal/api/validation.go:32.27,34.3 1 1
Banka1Back/credit-service-go/internal/api/validation.go:36.2,36.58 1 1
Banka1Back/credit-service-go/internal/api/validation.go:36.58,38.3 1 1
Banka1Back/credit-service-go/internal/api/validation.go:40.2,40.36 1 1
Banka1Back/credit-service-go/internal/api/validation.go:40.36,42.3 1 1
Banka1Back/credit-service-go/internal/api/validation.go:44.2,44.42 1 1
Banka1Back/credit-service-go/internal/api/validation.go:44.42,46.3 1 1
Banka1Back/credit-service-go/internal/api/validation.go:48.2,48.34 1 1
Banka1Back/credit-service-go/internal/api/validation.go:48.34,50.3 1 1
Banka1Back/credit-service-go/internal/api/validation.go:52.2,52.32 1 1
Banka1Back/credit-service-go/internal/api/validation.go:52.32,54.3 1 1
Banka1Back/credit-service-go/internal/api/validation.go:56.2,56.60 1 1
Banka1Back/credit-service-go/internal/api/validation.go:56.60,58.3 1 1
Banka1Back/credit-service-go/internal/api/validation.go:60.2,60.15 1 1
Banka1Back/credit-service-go/internal/api/validation.go:63.36,65.2 1 1
Banka1Back/credit-service-go/internal/service/interest_calculator.go:34.22,37.83 2 1
Banka1Back/credit-service-go/internal/service/interest_calculator.go:37.83,39.3 1 1
Banka1Back/credit-service-go/internal/service/interest_calculator.go:41.2,45.35 2 1
Banka1Back/credit-service-go/internal/service/interest_calculator.go:45.35,47.3 1 1
Banka1Back/credit-service-go/internal/service/interest_calculator.go:49.2,52.44 3 1
Banka1Back/credit-service-go/internal/service/interest_calculator.go:52.44,54.3 1 1
Banka1Back/credit-service-go/internal/service/interest_calculator.go:56.2,59.3 1 1
Banka1Back/credit-service-go/internal/service/interest_calculator.go:62.62,63.18 1 1
Banka1Back/credit-service-go/internal/service/interest_calculator.go:64.28,65.36 1 1
Banka1Back/credit-service-go/internal/service/interest_calculator.go:66.26,67.36 1 1
Banka1Back/credit-service-go/internal/service/interest_calculator.go:68.22,69.36 1 1
Banka1Back/credit-service-go/internal/service/interest_calculator.go:70.33,71.36 1 1
Banka1Back/credit-service-go/internal/service/interest_calculator.go:72.28,73.36 1 1
Banka1Back/credit-service-go/internal/service/interest_calculator.go:74.10,75.22 1 1
Banka1Back/credit-service-go/internal/service/loan_service.go:39.16,49.2 1 1
Banka1Back/credit-service-go/internal/service/loan_service.go:51.132,53.16 2 1
Banka1Back/credit-service-go/internal/service/loan_service.go:53.16,55.3 1 1
Banka1Back/credit-service-go/internal/service/loan_service.go:57.2,57.39 1 1
Banka1Back/credit-service-go/internal/service/loan_service.go:57.39,59.3 1 1
Banka1Back/credit-service-go/internal/service/loan_service.go:61.2,61.49 1 1
Banka1Back/credit-service-go/internal/service/loan_service.go:61.49,63.3 1 1
Banka1Back/credit-service-go/internal/service/loan_service.go:64.2,83.16 3 1
Banka1Back/credit-service-go/internal/service/loan_service.go:83.16,85.3 1 1
Banka1Back/credit-service-go/internal/service/loan_service.go:87.2,96.8 2 1
Banka1Back/credit-service-go/internal/service/loan_service.go:105.48,107.16 2 1
Banka1Back/credit-service-go/internal/service/loan_service.go:107.16,109.3 1 1
Banka1Back/credit-service-go/internal/service/loan_service.go:111.2,116.8 1 1
Banka1Back/credit-service-go/internal/service/loan_service.go:119.104,120.70 1 1
Banka1Back/credit-service-go/internal/service/loan_service.go:120.70,122.3 1 1
Banka1Back/credit-service-go/internal/service/loan_service.go:124.2,125.16 2 1
Banka1Back/credit-service-go/internal/service/loan_service.go:125.16,127.3 1 0
Banka1Back/credit-service-go/internal/service/loan_service.go:129.2,129.47 1 1
Banka1Back/credit-service-go/internal/service/loan_service.go:129.47,131.3 1 1
Banka1Back/credit-service-go/internal/service/loan_service.go:133.2,133.36 1 1
Banka1Back/credit-service-go/internal/service/loan_service.go:133.36,135.17 2 1
Banka1Back/credit-service-go/internal/service/loan_service.go:135.17,137.4 1 0
Banka1Back/credit-service-go/internal/service/loan_service.go:139.3,139.15 1 1
Banka1Back/credit-service-go/internal/service/loan_service.go:139.15,141.4 1 1
Banka1Back/credit-service-go/internal/service/loan_service.go:143.3,149.31 2 1
Banka1Back/credit-service-go/internal/service/loan_service.go:152.2,154.47 2 1
Banka1Back/credit-service-go/internal/service/loan_service.go:154.47,160.17 2 1
Banka1Back/credit-service-go/internal/service/loan_service.go:160.17,162.4 1 1
Banka1Back/credit-service-go/internal/service/loan_service.go:164.3,164.39 1 1
Banka1Back/credit-service-go/internal/service/loan_service.go:167.2,186.16 11 1
Banka1Back/credit-service-go/internal/service/loan_service.go:186.16,188.3 1 1
Banka1Back/credit-service-go/internal/service/loan_service.go:190.2,222.16 4 1
Banka1Back/credit-service-go/internal/service/loan_service.go:222.16,224.3 1 0
Banka1Back/credit-service-go/internal/service/loan_service.go:226.2,227.16 2 1
Banka1Back/credit-service-go/internal/service/loan_service.go:227.16,229.3 1 0
Banka1Back/credit-service-go/internal/service/loan_service.go:231.2,237.30 2 1
Banka1Back/credit-service-go/internal/service/loan_service.go:245.50,247.16 2 1
Banka1Back/credit-service-go/internal/service/loan_service.go:247.16,249.3 1 1
Banka1Back/credit-service-go/internal/service/loan_service.go:251.2,252.29 2 1
Banka1Back/credit-service-go/internal/service/loan_service.go:252.29,269.3 1 1
Banka1Back/credit-service-go/internal/service/loan_service.go:271.2,276.8 1 1
Banka1Back/credit-service-go/internal/service/loan_service.go:283.36,285.16 2 1
Banka1Back/credit-service-go/internal/service/loan_service.go:285.16,287.3 1 1
Banka1Back/credit-service-go/internal/service/loan_service.go:289.2,289.78 1 1
Banka1Back/credit-service-go/internal/service/loan_service.go:289.78,291.3 1 1
Banka1Back/credit-service-go/internal/service/loan_service.go:293.2,294.16 2 1
Banka1Back/credit-service-go/internal/service/loan_service.go:294.16,296.3 1 0
Banka1Back/credit-service-go/internal/service/loan_service.go:298.2,299.43 2 1
Banka1Back/credit-service-go/internal/service/loan_service.go:299.43,308.3 1 1
Banka1Back/credit-service-go/internal/service/loan_service.go:310.2,328.8 1 1
Banka1Back/credit-service-go/internal/service/loan_service.go:338.50,340.16 2 1
Banka1Back/credit-service-go/internal/service/loan_service.go:340.16,342.3 1 0
Banka1Back/credit-service-go/internal/service/loan_service.go:344.2,345.29 2 1
Banka1Back/credit-service-go/internal/service/loan_service.go:345.29,362.3 1 1
Banka1Back/credit-service-go/internal/service/loan_service.go:364.2,369.8 1 1
Banka1Back/credit-service-go/internal/service/loan_service.go:372.73,374.16 2 1
Banka1Back/credit-service-go/internal/service/loan_service.go:374.16,376.3 1 0
Banka1Back/credit-service-go/internal/service/loan_service.go:378.2,378.43 1 1
Banka1Back/credit-service-go/internal/service/loan_service.go:378.43,380.17 2 1
Banka1Back/credit-service-go/internal/service/loan_service.go:380.17,382.4 1 0
Banka1Back/credit-service-go/internal/service/loan_service.go:384.3,385.17 2 1
Banka1Back/credit-service-go/internal/service/loan_service.go:385.17,387.18 2 1
Banka1Back/credit-service-go/internal/service/loan_service.go:387.18,389.5 1 0
Banka1Back/credit-service-go/internal/service/loan_service.go:391.4,391.82 1 1
Banka1Back/credit-service-go/internal/service/loan_service.go:391.82,393.19 2 1
Banka1Back/credit-service-go/internal/service/loan_service.go:393.19,395.6 1 0
Banka1Back/credit-service-go/internal/service/loan_service.go:398.4,398.12 1 1
Banka1Back/credit-service-go/internal/service/loan_service.go:401.3,407.17 6 1
Banka1Back/credit-service-go/internal/service/loan_service.go:407.17,409.4 1 0
Banka1Back/credit-service-go/internal/service/loan_service.go:411.3,411.95 1 1
Banka1Back/credit-service-go/internal/service/loan_service.go:411.95,437.18 10 1
Banka1Back/credit-service-go/internal/service/loan_service.go:437.18,439.5 1 0
Banka1Back/credit-service-go/internal/service/loan_service.go:441.4,453.18 3 1
Banka1Back/credit-service-go/internal/service/loan_service.go:453.18,455.5 1 0
Banka1Back/credit-service-go/internal/service/loan_service.go:456.9,465.18 2 1
Banka1Back/credit-service-go/internal/service/loan_service.go:465.18,467.5 1 0
Banka1Back/credit-service-go/internal/service/loan_service.go:471.2,471.12 1 1
Banka1Back/credit-service-go/internal/service/scheduler.go:9.79,12.12 2 0
Banka1Back/credit-service-go/internal/service/scheduler.go:12.12,16.17 3 0
Banka1Back/credit-service-go/internal/service/scheduler.go:16.17,18.4 1 0
Banka1Back/credit-service-go/internal/service/scheduler.go:20.3,20.7 1 0
Banka1Back/credit-service-go/internal/service/scheduler.go:20.7,21.11 1 0
Banka1Back/credit-service-go/internal/service/scheduler.go:22.22,25.11 3 0
Banka1Back/credit-service-go/internal/service/scheduler.go:27.20,29.19 2 0
Banka1Back/credit-service-go/internal/service/scheduler.go:29.19,31.6 1 0
Banka1Back/credit-service-go/internal/client/account_client.go:23.40,25.19 2 0
Banka1Back/credit-service-go/internal/client/account_client.go:25.19,27.3 1 0
Banka1Back/credit-service-go/internal/client/account_client.go:29.2,32.3 1 0
Banka1Back/credit-service-go/internal/client/account_client.go:35.28,37.18 2 0
Banka1Back/credit-service-go/internal/client/account_client.go:37.18,39.3 1 0
Banka1Back/credit-service-go/internal/client/account_client.go:40.2,48.16 3 0
Banka1Back/credit-service-go/internal/client/account_client.go:48.16,50.3 1 0
Banka1Back/credit-service-go/internal/client/account_client.go:51.2,51.15 1 0
Banka1Back/credit-service-go/internal/client/account_client.go:67.90,71.16 3 0
Banka1Back/credit-service-go/internal/client/account_client.go:71.16,73.3 1 0
Banka1Back/credit-service-go/internal/client/account_client.go:75.2,75.42 1 0
Banka1Back/credit-service-go/internal/client/account_client.go:75.42,77.3 1 0
Banka1Back/credit-service-go/internal/client/account_client.go:79.2,80.16 2 0
Banka1Back/credit-service-go/internal/client/account_client.go:80.16,82.3 1 0
Banka1Back/credit-service-go/internal/client/account_client.go:83.2,85.53 2 0
Banka1Back/credit-service-go/internal/client/account_client.go:85.53,87.3 1 0
Banka1Back/credit-service-go/internal/client/account_client.go:89.2,91.16 3 0
Banka1Back/credit-service-go/internal/client/account_client.go:91.16,93.3 1 0
Banka1Back/credit-service-go/internal/client/account_client.go:95.2,95.20 1 0
Banka1Back/credit-service-go/internal/client/account_client.go:98.96,106.16 3 0
Banka1Back/credit-service-go/internal/client/account_client.go:106.16,108.3 1 0
Banka1Back/credit-service-go/internal/client/account_client.go:110.2,113.16 3 0
Banka1Back/credit-service-go/internal/client/account_client.go:113.16,115.3 1 0
Banka1Back/credit-service-go/internal/client/account_client.go:117.2,119.42 2 0
Banka1Back/credit-service-go/internal/client/account_client.go:119.42,121.3 1 0
Banka1Back/credit-service-go/internal/client/account_client.go:123.2,124.16 2 0
Banka1Back/credit-service-go/internal/client/account_client.go:124.16,126.3 1 0
Banka1Back/credit-service-go/internal/client/account_client.go:127.2,129.53 2 0
Banka1Back/credit-service-go/internal/client/account_client.go:129.53,131.3 1 0
Banka1Back/credit-service-go/internal/client/account_client.go:133.2,133.12 1 0
Banka1Back/credit-service-go/internal/client/account_client.go:136.96,144.16 3 0
Banka1Back/credit-service-go/internal/client/account_client.go:144.16,146.3 1 0
Banka1Back/credit-service-go/internal/client/account_client.go:148.2,151.16 3 0
Banka1Back/credit-service-go/internal/client/account_client.go:151.16,153.3 1 0
Banka1Back/credit-service-go/internal/client/account_client.go:155.2,157.42 2 0
Banka1Back/credit-service-go/internal/client/account_client.go:157.42,159.3 1 0
Banka1Back/credit-service-go/internal/client/account_client.go:161.2,162.16 2 0
Banka1Back/credit-service-go/internal/client/account_client.go:162.16,164.3 1 0
Banka1Back/credit-service-go/internal/client/account_client.go:165.2,167.53 2 0
Banka1Back/credit-service-go/internal/client/account_client.go:167.53,169.3 1 0
Banka1Back/credit-service-go/internal/client/account_client.go:171.2,171.12 1 0
Banka1Back/credit-service-go/internal/client/client_service_client.go:15.52,17.19 2 0
Banka1Back/credit-service-go/internal/client/client_service_client.go:17.19,19.3 1 0
Banka1Back/credit-service-go/internal/client/client_service_client.go:21.2,24.3 1 0
Banka1Back/credit-service-go/internal/client/client_service_client.go:27.73,31.16 3 0
Banka1Back/credit-service-go/internal/client/client_service_client.go:31.16,33.3 1 0
Banka1Back/credit-service-go/internal/client/client_service_client.go:35.2,35.42 1 0
Banka1Back/credit-service-go/internal/client/client_service_client.go:35.42,37.3 1 0
Banka1Back/credit-service-go/internal/client/client_service_client.go:39.2,40.16 2 0
Banka1Back/credit-service-go/internal/client/client_service_client.go:40.16,42.3 1 0
Banka1Back/credit-service-go/internal/client/client_service_client.go:43.2,45.53 2 0
Banka1Back/credit-service-go/internal/client/client_service_client.go:45.53,47.3 1 0
Banka1Back/credit-service-go/internal/client/client_service_client.go:49.2,49.12 1 0
Banka1Back/credit-service-go/internal/client/exchange_client.go:17.42,19.19 2 0
Banka1Back/credit-service-go/internal/client/exchange_client.go:19.19,21.3 1 0
Banka1Back/credit-service-go/internal/client/exchange_client.go:23.2,26.3 1 0
Banka1Back/credit-service-go/internal/client/exchange_client.go:42.31,53.16 3 0
Banka1Back/credit-service-go/internal/client/exchange_client.go:53.16,55.3 1 0
Banka1Back/credit-service-go/internal/client/exchange_client.go:57.2,58.16 2 0
Banka1Back/credit-service-go/internal/client/exchange_client.go:58.16,60.3 1 0
Banka1Back/credit-service-go/internal/client/exchange_client.go:61.2,66.16 4 0
Banka1Back/credit-service-go/internal/client/exchange_client.go:66.16,68.3 1 0
Banka1Back/credit-service-go/internal/client/exchange_client.go:70.2,70.20 1 0
Banka1Back/credit-service-go/internal/config/database.go:11.47,28.16 8 0
Banka1Back/credit-service-go/internal/config/database.go:28.16,30.3 1 0
Banka1Back/credit-service-go/internal/config/database.go:32.2,33.16 2 0
Banka1Back/credit-service-go/internal/config/database.go:33.16,35.3 1 0
Banka1Back/credit-service-go/internal/config/database.go:37.2,37.18 1 0
Banka1Back/credit-service-go/internal/messaging/rabbit_client.go:20.47,31.16 9 0
Banka1Back/credit-service-go/internal/messaging/rabbit_client.go:31.16,33.3 1 0
Banka1Back/credit-service-go/internal/messaging/rabbit_client.go:35.2,36.16 2 0
Banka1Back/credit-service-go/internal/messaging/rabbit_client.go:36.16,39.3 2 0
Banka1Back/credit-service-go/internal/messaging/rabbit_client.go:41.2,47.8 1 0
Banka1Back/credit-service-go/internal/messaging/rabbit_client.go:50.32,51.14 1 0
Banka1Back/credit-service-go/internal/messaging/rabbit_client.go:51.14,53.3 1 0
Banka1Back/credit-service-go/internal/messaging/rabbit_client.go:54.2,54.22 1 0
Banka1Back/credit-service-go/internal/messaging/rabbit_client.go:54.22,56.3 1 0
Banka1Back/credit-service-go/internal/messaging/rabbit_client.go:57.2,57.19 1 0
Banka1Back/credit-service-go/internal/messaging/rabbit_client.go:57.19,59.3 1 0
Banka1Back/credit-service-go/internal/messaging/rabbit_client.go:62.95,63.28 1 0
Banka1Back/credit-service-go/internal/messaging/rabbit_client.go:63.28,65.3 1 0
Banka1Back/credit-service-go/internal/messaging/rabbit_client.go:67.2,68.16 2 0
Banka1Back/credit-service-go/internal/messaging/rabbit_client.go:68.16,70.3 1 0
Banka1Back/credit-service-go/internal/messaging/rabbit_client.go:72.2,82.3 1 0
Banka1Back/credit-service-go/internal/messaging/rabbit_client.go:85.49,87.17 2 0
Banka1Back/credit-service-go/internal/messaging/rabbit_client.go:87.17,89.3 1 0
Banka1Back/credit-service-go/internal/messaging/rabbit_client.go:90.2,90.14 1 0
Banka1Back/credit-service-go/internal/store/installment_store.go:15.62,17.2 1 0
Banka1Back/credit-service-go/internal/store/installment_store.go:19.93,47.2 3 0
Banka1Back/credit-service-go/internal/store/installment_store.go:49.105,62.16 3 0
Banka1Back/credit-service-go/internal/store/installment_store.go:62.16,64.3 1 0
Banka1Back/credit-service-go/internal/store/installment_store.go:65.2,69.18 3 0
Banka1Back/credit-service-go/internal/store/installment_store.go:69.18,87.17 3 0
Banka1Back/credit-service-go/internal/store/installment_store.go:87.17,89.4 1 0
Banka1Back/credit-service-go/internal/store/installment_store.go:91.3,91.51 1 0
Banka1Back/credit-service-go/internal/store/installment_store.go:94.2,94.26 1 0
Banka1Back/credit-service-go/internal/store/installment_store.go:97.92,111.16 3 0
Banka1Back/credit-service-go/internal/store/installment_store.go:111.16,113.3 1 0
Banka1Back/credit-service-go/internal/store/installment_store.go:114.2,118.18 3 0
Banka1Back/credit-service-go/internal/store/installment_store.go:118.18,136.17 3 0
Banka1Back/credit-service-go/internal/store/installment_store.go:136.17,138.4 1 0
Banka1Back/credit-service-go/internal/store/installment_store.go:140.3,140.51 1 0
Banka1Back/credit-service-go/internal/store/installment_store.go:143.2,143.26 1 0
Banka1Back/credit-service-go/internal/store/installment_store.go:146.105,147.81 1 0
Banka1Back/credit-service-go/internal/store/installment_store.go:147.81,159.3 2 0
Banka1Back/credit-service-go/internal/store/installment_store.go:161.2,171.12 2 0
Banka1Back/credit-service-go/internal/store/installment_store.go:174.85,186.2 2 0
Banka1Back/credit-service-go/internal/store/loan_request_store.go:16.62,18.2 1 0
Banka1Back/credit-service-go/internal/store/loan_request_store.go:20.112,80.16 3 0
Banka1Back/credit-service-go/internal/store/loan_request_store.go:80.16,82.3 1 0
Banka1Back/credit-service-go/internal/store/loan_request_store.go:84.2,84.25 1 0
Banka1Back/credit-service-go/internal/store/loan_request_store.go:93.37,111.16 4 0
Banka1Back/credit-service-go/internal/store/loan_request_store.go:111.16,113.3 1 0
Banka1Back/credit-service-go/internal/store/loan_request_store.go:114.2,118.18 3 0
Banka1Back/credit-service-go/internal/store/loan_request_store.go:118.18,143.17 3 0
Banka1Back/credit-service-go/internal/store/loan_request_store.go:143.17,145.4 1 0
Banka1Back/credit-service-go/internal/store/loan_request_store.go:147.3,147.39 1 0
Banka1Back/credit-service-go/internal/store/loan_request_store.go:150.2,160.16 4 0
Banka1Back/credit-service-go/internal/store/loan_request_store.go:160.16,162.3 1 0
Banka1Back/credit-service-go/internal/store/loan_request_store.go:164.2,164.29 1 0
Banka1Back/credit-service-go/internal/store/loan_request_store.go:171.17,183.16 3 0
Banka1Back/credit-service-go/internal/store/loan_request_store.go:183.16,185.3 1 0
Banka1Back/credit-service-go/internal/store/loan_request_store.go:187.2,187.40 1 0
Banka1Back/credit-service-go/internal/store/loan_request_store.go:190.95,226.16 4 0
Banka1Back/credit-service-go/internal/store/loan_request_store.go:226.16,228.3 1 0
Banka1Back/credit-service-go/internal/store/loan_request_store.go:230.2,230.21 1 0
Banka1Back/credit-service-go/internal/store/loan_request_store.go:237.23,239.16 2 0
Banka1Back/credit-service-go/internal/store/loan_request_store.go:239.16,241.3 1 0
Banka1Back/credit-service-go/internal/store/loan_request_store.go:242.2,290.16 4 0
Banka1Back/credit-service-go/internal/store/loan_request_store.go:290.16,292.3 1 0
Banka1Back/credit-service-go/internal/store/loan_request_store.go:294.2,319.16 3 0
Banka1Back/credit-service-go/internal/store/loan_request_store.go:319.16,321.3 1 0
Banka1Back/credit-service-go/internal/store/loan_request_store.go:323.2,324.16 2 0
Banka1Back/credit-service-go/internal/store/loan_request_store.go:324.16,326.3 1 0
Banka1Back/credit-service-go/internal/store/loan_request_store.go:328.2,328.18 1 0
Banka1Back/credit-service-go/internal/store/loan_request_store.go:336.23,338.16 2 0
Banka1Back/credit-service-go/internal/store/loan_request_store.go:338.16,340.3 1 0
Banka1Back/credit-service-go/internal/store/loan_request_store.go:341.2,352.16 3 0
Banka1Back/credit-service-go/internal/store/loan_request_store.go:352.16,354.3 1 0
Banka1Back/credit-service-go/internal/store/loan_request_store.go:356.2,356.32 1 0
Banka1Back/credit-service-go/internal/store/loan_request_store.go:356.32,358.3 1 0
Banka1Back/credit-service-go/internal/store/loan_request_store.go:360.2,402.16 2 0
Banka1Back/credit-service-go/internal/store/loan_request_store.go:402.16,404.3 1 0
Banka1Back/credit-service-go/internal/store/loan_request_store.go:406.2,427.16 2 0
Banka1Back/credit-service-go/internal/store/loan_request_store.go:427.16,429.3 1 0
Banka1Back/credit-service-go/internal/store/loan_request_store.go:431.2,432.16 2 0
Banka1Back/credit-service-go/internal/store/loan_request_store.go:432.16,434.3 1 0
Banka1Back/credit-service-go/internal/store/loan_request_store.go:436.2,436.18 1 0
Banka1Back/credit-service-go/internal/store/loan_store.go:17.48,19.2 1 0
Banka1Back/credit-service-go/internal/store/loan_store.go:21.86,69.16 3 0
Banka1Back/credit-service-go/internal/store/loan_store.go:69.16,71.3 1 0
Banka1Back/credit-service-go/internal/store/loan_store.go:73.2,73.18 1 0
Banka1Back/credit-service-go/internal/store/loan_store.go:76.120,94.16 4 0
Banka1Back/credit-service-go/internal/store/loan_store.go:94.16,96.3 1 0
Banka1Back/credit-service-go/internal/store/loan_store.go:97.2,101.18 3 0
Banka1Back/credit-service-go/internal/store/loan_store.go:101.18,129.17 3 0
Banka1Back/credit-service-go/internal/store/loan_store.go:129.17,131.4 1 0
Banka1Back/credit-service-go/internal/store/loan_store.go:133.3,133.30 1 0
Banka1Back/credit-service-go/internal/store/loan_store.go:136.2,145.16 4 0
Banka1Back/credit-service-go/internal/store/loan_store.go:145.16,147.3 1 0
Banka1Back/credit-service-go/internal/store/loan_store.go:149.2,149.26 1 0
Banka1Back/credit-service-go/internal/store/loan_store.go:152.81,193.16 4 0
Banka1Back/credit-service-go/internal/store/loan_store.go:193.16,195.3 1 0
Banka1Back/credit-service-go/internal/store/loan_store.go:197.2,197.18 1 0
Banka1Back/credit-service-go/internal/store/loan_store.go:207.30,227.16 4 0
Banka1Back/credit-service-go/internal/store/loan_store.go:227.16,229.3 1 0
Banka1Back/credit-service-go/internal/store/loan_store.go:230.2,234.18 3 0
Banka1Back/credit-service-go/internal/store/loan_store.go:234.18,262.17 3 0
Banka1Back/credit-service-go/internal/store/loan_store.go:262.17,264.4 1 0
Banka1Back/credit-service-go/internal/store/loan_store.go:266.3,266.30 1 0
Banka1Back/credit-service-go/internal/store/loan_store.go:269.2,280.16 4 0
Banka1Back/credit-service-go/internal/store/loan_store.go:280.16,282.3 1 0
Banka1Back/credit-service-go/internal/store/loan_store.go:284.2,284.26 1 0
Banka1Back/credit-service-go/internal/store/loan_store.go:287.74,299.2 2 0
Banka1Back/credit-service-go/internal/store/loan_store.go:308.9,322.2 2 0
Banka1Back/credit-service-go/internal/store/migrations.go:12.87,19.16 2 0
Banka1Back/credit-service-go/internal/store/migrations.go:19.16,21.3 1 0
Banka1Back/credit-service-go/internal/store/migrations.go:23.2,24.16 2 0
Banka1Back/credit-service-go/internal/store/migrations.go:24.16,26.3 1 0
Banka1Back/credit-service-go/internal/store/migrations.go:28.2,30.29 2 0
Banka1Back/credit-service-go/internal/store/migrations.go:30.29,38.17 4 0
Banka1Back/credit-service-go/internal/store/migrations.go:38.17,40.4 1 0
Banka1Back/credit-service-go/internal/store/migrations.go:42.3,42.13 1 0
Banka1Back/credit-service-go/internal/store/migrations.go:42.13,43.12 1 0
Banka1Back/credit-service-go/internal/store/migrations.go:46.3,47.17 2 0
Banka1Back/credit-service-go/internal/store/migrations.go:47.17,49.4 1 0
Banka1Back/credit-service-go/internal/store/migrations.go:51.3,52.17 2 0
Banka1Back/credit-service-go/internal/store/migrations.go:52.17,54.4 1 0
Banka1Back/credit-service-go/internal/store/migrations.go:56.3,57.17 2 0
Banka1Back/credit-service-go/internal/store/migrations.go:57.17,60.4 2 0
Banka1Back/credit-service-go/internal/store/migrations.go:62.3,66.17 2 0
Banka1Back/credit-service-go/internal/store/migrations.go:66.17,69.4 2 0
Banka1Back/credit-service-go/internal/store/migrations.go:71.3,72.17 2 0
Banka1Back/credit-service-go/internal/store/migrations.go:72.17,74.4 1 0
Banka1Back/credit-service-go/internal/store/migrations.go:77.2,77.12 1 0
