mode: set
banka1/trading-service-go/internal/interbank/deps.go:45.48,46.64 1 0
banka1/trading-service-go/internal/interbank/deps.go:46.64,48.3 1 0
banka1/trading-service-go/internal/interbank/repository.go:27.50,27.80 1 1
banka1/trading-service-go/internal/interbank/repository.go:30.43,30.58 1 1
banka1/trading-service-go/internal/interbank/repository.go:37.184,44.2 2 1
banka1/trading-service-go/internal/interbank/repository.go:49.139,55.35 3 1
banka1/trading-service-go/internal/interbank/repository.go:55.35,57.3 1 1
banka1/trading-service-go/internal/interbank/repository.go:58.2,58.16 1 1
banka1/trading-service-go/internal/interbank/repository.go:58.16,60.3 1 1
banka1/trading-service-go/internal/interbank/repository.go:61.2,61.18 1 1
banka1/trading-service-go/internal/interbank/repository.go:66.115,72.2 2 1
banka1/trading-service-go/internal/interbank/repository.go:79.141,85.35 3 1
banka1/trading-service-go/internal/interbank/repository.go:85.35,87.3 1 1
banka1/trading-service-go/internal/interbank/repository.go:88.2,88.16 1 1
banka1/trading-service-go/internal/interbank/repository.go:88.16,90.3 1 0
banka1/trading-service-go/internal/interbank/repository.go:91.2,91.18 1 1
banka1/trading-service-go/internal/interbank/repository.go:97.178,104.2 2 1
banka1/trading-service-go/internal/interbank/repository.go:109.120,115.2 2 1
banka1/trading-service-go/internal/interbank/service.go:41.145,50.2 1 0
banka1/trading-service-go/internal/interbank/service.go:58.166,60.44 2 1
banka1/trading-service-go/internal/interbank/service.go:60.44,64.3 3 1
banka1/trading-service-go/internal/interbank/service.go:65.2,65.16 1 1
banka1/trading-service-go/internal/interbank/service.go:65.16,67.3 1 1
banka1/trading-service-go/internal/interbank/service.go:68.2,68.27 1 1
banka1/trading-service-go/internal/interbank/service.go:74.80,75.44 1 1
banka1/trading-service-go/internal/interbank/service.go:75.44,77.3 1 1
banka1/trading-service-go/internal/interbank/service.go:83.81,84.44 1 1
banka1/trading-service-go/internal/interbank/service.go:84.44,86.3 1 1
banka1/trading-service-go/internal/interbank/service.go:93.179,94.19 1 1
banka1/trading-service-go/internal/interbank/service.go:94.19,96.3 1 1
banka1/trading-service-go/internal/interbank/service.go:97.2,97.37 1 1
banka1/trading-service-go/internal/interbank/service.go:97.37,99.3 1 1
banka1/trading-service-go/internal/interbank/service.go:101.2,102.16 2 1
banka1/trading-service-go/internal/interbank/service.go:102.16,104.3 1 0
banka1/trading-service-go/internal/interbank/service.go:105.2,105.12 1 1
banka1/trading-service-go/internal/interbank/service.go:105.12,107.3 1 1
banka1/trading-service-go/internal/interbank/service.go:108.2,109.16 2 1
banka1/trading-service-go/internal/interbank/service.go:109.16,111.3 1 0
banka1/trading-service-go/internal/interbank/service.go:112.2,112.14 1 1
banka1/trading-service-go/internal/interbank/service.go:112.14,114.3 1 1
banka1/trading-service-go/internal/interbank/service.go:116.2,117.26 2 1
banka1/trading-service-go/internal/interbank/service.go:117.26,121.3 1 1
banka1/trading-service-go/internal/interbank/service.go:123.2,123.103 1 1
banka1/trading-service-go/internal/interbank/service.go:123.103,125.3 1 0
banka1/trading-service-go/internal/interbank/service.go:126.2,127.144 2 1
banka1/trading-service-go/internal/interbank/service.go:127.144,129.3 1 0
banka1/trading-service-go/internal/interbank/service.go:130.2,132.27 2 1
banka1/trading-service-go/internal/interbank/service.go:136.93,138.16 2 1
banka1/trading-service-go/internal/interbank/service.go:138.16,140.3 1 0
banka1/trading-service-go/internal/interbank/service.go:141.2,141.16 1 1
banka1/trading-service-go/internal/interbank/service.go:141.16,143.3 1 1
banka1/trading-service-go/internal/interbank/service.go:144.2,144.35 1 1
banka1/trading-service-go/internal/interbank/service.go:144.35,147.3 2 1
banka1/trading-service-go/internal/interbank/service.go:148.2,148.30 1 1
banka1/trading-service-go/internal/interbank/service.go:148.30,150.3 1 1
banka1/trading-service-go/internal/interbank/service.go:152.2,153.16 2 1
banka1/trading-service-go/internal/interbank/service.go:153.16,155.3 1 0
banka1/trading-service-go/internal/interbank/service.go:156.2,156.14 1 1
banka1/trading-service-go/internal/interbank/service.go:156.14,158.3 1 1
banka1/trading-service-go/internal/interbank/service.go:159.2,160.139 2 1
banka1/trading-service-go/internal/interbank/service.go:160.139,162.3 1 0
banka1/trading-service-go/internal/interbank/service.go:163.2,163.97 1 1
banka1/trading-service-go/internal/interbank/service.go:163.97,165.3 1 0
banka1/trading-service-go/internal/interbank/service.go:166.2,167.12 2 1
banka1/trading-service-go/internal/interbank/service.go:171.94,173.16 2 1
banka1/trading-service-go/internal/interbank/service.go:173.16,175.3 1 0
banka1/trading-service-go/internal/interbank/service.go:176.2,176.16 1 1
banka1/trading-service-go/internal/interbank/service.go:176.16,178.3 1 1
banka1/trading-service-go/internal/interbank/service.go:179.2,179.34 1 1
banka1/trading-service-go/internal/interbank/service.go:179.34,182.3 2 1
banka1/trading-service-go/internal/interbank/service.go:183.2,183.35 1 1
banka1/trading-service-go/internal/interbank/service.go:183.35,185.3 1 1
banka1/trading-service-go/internal/interbank/service.go:187.2,188.16 2 1
banka1/trading-service-go/internal/interbank/service.go:188.16,190.3 1 0
banka1/trading-service-go/internal/interbank/service.go:191.2,191.14 1 1
banka1/trading-service-go/internal/interbank/service.go:191.14,193.3 1 0
banka1/trading-service-go/internal/interbank/service.go:194.2,196.109 2 1
banka1/trading-service-go/internal/interbank/service.go:196.109,198.3 1 0
banka1/trading-service-go/internal/interbank/service.go:199.2,199.96 1 1
banka1/trading-service-go/internal/interbank/service.go:199.96,201.3 1 0
banka1/trading-service-go/internal/interbank/service.go:202.2,203.12 2 1
banka1/trading-service-go/internal/interbank/service.go:212.136,213.44 1 1
banka1/trading-service-go/internal/interbank/service.go:213.44,215.17 2 1
banka1/trading-service-go/internal/interbank/service.go:215.17,217.4 1 0
banka1/trading-service-go/internal/interbank/service.go:218.3,218.22 1 1
banka1/trading-service-go/internal/interbank/service.go:218.22,222.4 2 1
banka1/trading-service-go/internal/interbank/service.go:224.3,225.17 2 1
banka1/trading-service-go/internal/interbank/service.go:225.17,227.4 1 1
banka1/trading-service-go/internal/interbank/service.go:230.3,231.17 2 1
banka1/trading-service-go/internal/interbank/service.go:231.17,233.4 1 0
banka1/trading-service-go/internal/interbank/service.go:234.3,234.143 1 1
banka1/trading-service-go/internal/interbank/service.go:234.143,236.4 1 0
banka1/trading-service-go/internal/interbank/service.go:237.3,239.13 2 1
banka1/trading-service-go/internal/interbank/service.go:246.83,247.44 1 1
banka1/trading-service-go/internal/interbank/service.go:247.44,249.17 2 1
banka1/trading-service-go/internal/interbank/service.go:249.17,251.4 1 0
banka1/trading-service-go/internal/interbank/service.go:252.3,252.17 1 1
banka1/trading-service-go/internal/interbank/service.go:252.17,255.4 2 1
banka1/trading-service-go/internal/interbank/service.go:256.3,256.36 1 1
banka1/trading-service-go/internal/interbank/service.go:256.36,259.4 2 1
banka1/trading-service-go/internal/interbank/service.go:260.3,260.35 1 1
banka1/trading-service-go/internal/interbank/service.go:260.35,263.4 2 1
banka1/trading-service-go/internal/interbank/service.go:264.3,264.69 1 1
banka1/trading-service-go/internal/interbank/service.go:264.69,266.4 1 0
banka1/trading-service-go/internal/interbank/service.go:267.3,267.87 1 1
banka1/trading-service-go/internal/interbank/service.go:274.82,275.44 1 1
banka1/trading-service-go/internal/interbank/service.go:275.44,277.17 2 1
banka1/trading-service-go/internal/interbank/service.go:277.17,279.4 1 0
banka1/trading-service-go/internal/interbank/service.go:280.3,280.17 1 1
banka1/trading-service-go/internal/interbank/service.go:280.17,283.4 2 1
banka1/trading-service-go/internal/interbank/service.go:284.3,284.35 1 1
banka1/trading-service-go/internal/interbank/service.go:284.35,287.4 2 1
banka1/trading-service-go/internal/interbank/service.go:288.3,288.36 1 1
banka1/trading-service-go/internal/interbank/service.go:288.36,291.4 2 1
banka1/trading-service-go/internal/interbank/service.go:292.3,292.70 1 1
banka1/trading-service-go/internal/interbank/service.go:292.70,294.4 1 0
banka1/trading-service-go/internal/interbank/service.go:295.3,295.86 1 1
banka1/trading-service-go/internal/interbank/service.go:306.81,308.16 2 1
banka1/trading-service-go/internal/interbank/service.go:308.16,310.3 1 1
banka1/trading-service-go/internal/interbank/service.go:311.2,313.30 3 1
banka1/trading-service-go/internal/interbank/service.go:313.30,315.61 2 1
banka1/trading-service-go/internal/interbank/service.go:315.61,316.12 1 1
banka1/trading-service-go/internal/interbank/service.go:318.3,320.18 3 1
banka1/trading-service-go/internal/interbank/service.go:320.18,321.12 1 1
banka1/trading-service-go/internal/interbank/service.go:323.3,327.37 2 1
banka1/trading-service-go/internal/interbank/service.go:327.37,329.4 1 1
banka1/trading-service-go/internal/interbank/service.go:330.3,330.54 1 1
banka1/trading-service-go/internal/interbank/service.go:332.2,333.31 2 1
banka1/trading-service-go/internal/interbank/service.go:333.31,335.3 1 1
banka1/trading-service-go/internal/interbank/service.go:336.2,336.21 1 1
banka1/trading-service-go/internal/interbank/service.go:345.134,347.16 2 1
banka1/trading-service-go/internal/interbank/service.go:347.16,349.3 1 1
banka1/trading-service-go/internal/interbank/service.go:350.2,350.30 1 1
banka1/trading-service-go/internal/interbank/service.go:350.30,352.61 2 1
banka1/trading-service-go/internal/interbank/service.go:352.61,353.12 1 1
banka1/trading-service-go/internal/interbank/service.go:355.3,355.49 1 1
banka1/trading-service-go/internal/interbank/service.go:355.49,357.4 1 1
banka1/trading-service-go/internal/interbank/service.go:359.2,359.22 1 1
banka1/trading-service-go/internal/interbank/service.go:365.52,366.22 1 1
banka1/trading-service-go/internal/interbank/service.go:366.22,368.3 1 1
banka1/trading-service-go/internal/interbank/service.go:369.2,371.66 3 1
banka1/trading-service-go/internal/interbank/service.go:371.66,373.3 1 0
banka1/trading-service-go/internal/interbank/service.go:374.2,375.16 2 1
banka1/trading-service-go/internal/interbank/service.go:375.16,378.3 1 0
banka1/trading-service-go/internal/interbank/service.go:379.2,379.15 1 1
banka1/trading-service-go/internal/interbank/service.go:385.25,387.43 2 1
banka1/trading-service-go/internal/interbank/service.go:387.43,389.3 1 0
banka1/trading-service-go/internal/interbank/service.go:390.2,396.31 3 1
banka1/trading-service-go/internal/interbank/service.go:399.27,399.62 1 1
banka1/trading-service-go/internal/interbank/service.go:401.27,402.11 1 1
banka1/trading-service-go/internal/interbank/service.go:402.11,404.3 1 0
banka1/trading-service-go/internal/interbank/service.go:405.2,405.10 1 1
