mode: set
banka1/trading-service-go/internal/auth/auth.go:22.56,31.2 1 1
banka1/trading-service-go/internal/auth/auth.go:34.66,36.2 1 1
banka1/trading-service-go/internal/auth/auth.go:39.68,41.2 1 1
banka1/trading-service-go/internal/auth/auth.go:44.74,46.2 1 1
banka1/trading-service-go/internal/tax/notify.go:31.85,33.2 1 0
banka1/trading-service-go/internal/tax/notify.go:35.93,36.73 1 0
banka1/trading-service-go/internal/tax/notify.go:36.73,38.3 1 0
banka1/trading-service-go/internal/tax/notify.go:44.77,44.78 0 0
banka1/trading-service-go/internal/tax/repository.go:75.50,77.2 1 0
banka1/trading-service-go/internal/tax/repository.go:83.53,91.61 2 0
banka1/trading-service-go/internal/tax/repository.go:91.61,93.3 1 0
banka1/trading-service-go/internal/tax/repository.go:94.2,95.16 2 0
banka1/trading-service-go/internal/tax/repository.go:95.16,97.3 1 0
banka1/trading-service-go/internal/tax/repository.go:98.2,99.20 2 0
banka1/trading-service-go/internal/tax/repository.go:99.20,101.17 2 0
banka1/trading-service-go/internal/tax/repository.go:101.17,103.4 1 0
banka1/trading-service-go/internal/tax/repository.go:104.3,104.24 1 0
banka1/trading-service-go/internal/tax/repository.go:106.2,106.16 1 0
banka1/trading-service-go/internal/tax/repository.go:109.57,112.18 3 0
banka1/trading-service-go/internal/tax/repository.go:112.18,114.17 2 0
banka1/trading-service-go/internal/tax/repository.go:114.17,116.4 1 0
banka1/trading-service-go/internal/tax/repository.go:117.3,117.24 1 0
banka1/trading-service-go/internal/tax/repository.go:119.2,119.24 1 0
banka1/trading-service-go/internal/tax/repository.go:123.101,129.2 3 0
banka1/trading-service-go/internal/tax/repository.go:132.97,137.2 3 0
banka1/trading-service-go/internal/tax/repository.go:140.115,142.16 2 0
banka1/trading-service-go/internal/tax/repository.go:142.16,144.3 1 0
banka1/trading-service-go/internal/tax/repository.go:145.2,145.29 1 0
banka1/trading-service-go/internal/tax/repository.go:149.72,151.16 2 0
banka1/trading-service-go/internal/tax/repository.go:151.16,153.3 1 0
banka1/trading-service-go/internal/tax/repository.go:154.2,154.29 1 0
banka1/trading-service-go/internal/tax/repository.go:161.70,163.27 2 0
banka1/trading-service-go/internal/tax/repository.go:163.27,165.3 1 0
banka1/trading-service-go/internal/tax/repository.go:166.2,177.16 2 0
banka1/trading-service-go/internal/tax/repository.go:177.16,179.54 2 0
banka1/trading-service-go/internal/tax/repository.go:179.54,181.4 1 0
banka1/trading-service-go/internal/tax/repository.go:182.3,182.13 1 0
banka1/trading-service-go/internal/tax/repository.go:184.2,184.12 1 0
banka1/trading-service-go/internal/tax/repository.go:189.124,194.2 2 0
banka1/trading-service-go/internal/tax/repository.go:199.92,203.2 2 0
banka1/trading-service-go/internal/tax/repository.go:207.66,210.2 2 0
banka1/trading-service-go/internal/tax/repository.go:218.117,245.16 3 0
banka1/trading-service-go/internal/tax/repository.go:245.16,247.3 1 0
banka1/trading-service-go/internal/tax/repository.go:248.2,250.18 3 0
banka1/trading-service-go/internal/tax/repository.go:250.18,257.52 2 0
banka1/trading-service-go/internal/tax/repository.go:257.52,259.4 1 0
banka1/trading-service-go/internal/tax/repository.go:260.3,261.17 2 0
banka1/trading-service-go/internal/tax/repository.go:261.17,263.4 1 0
banka1/trading-service-go/internal/tax/repository.go:264.3,266.17 3 0
banka1/trading-service-go/internal/tax/repository.go:266.17,268.4 1 0
banka1/trading-service-go/internal/tax/repository.go:269.3,270.23 2 0
banka1/trading-service-go/internal/tax/repository.go:272.2,272.24 1 0
banka1/trading-service-go/internal/tax/service.go:25.33,25.60 1 0
banka1/trading-service-go/internal/tax/service.go:63.12,64.21 1 0
banka1/trading-service-go/internal/tax/service.go:64.21,66.3 1 0
banka1/trading-service-go/internal/tax/service.go:67.2,79.3 1 0
banka1/trading-service-go/internal/tax/service.go:85.64,90.2 4 0
banka1/trading-service-go/internal/tax/service.go:93.72,96.2 2 0
banka1/trading-service-go/internal/tax/service.go:99.69,104.2 4 0
banka1/trading-service-go/internal/tax/service.go:111.107,113.16 2 0
banka1/trading-service-go/internal/tax/service.go:113.16,115.3 1 0
banka1/trading-service-go/internal/tax/service.go:116.2,117.28 2 0
banka1/trading-service-go/internal/tax/service.go:117.28,119.3 1 0
banka1/trading-service-go/internal/tax/service.go:120.2,121.47 2 0
banka1/trading-service-go/internal/tax/service.go:121.47,123.3 1 0
banka1/trading-service-go/internal/tax/service.go:124.2,124.81 1 0
banka1/trading-service-go/internal/tax/service.go:128.95,130.16 2 0
banka1/trading-service-go/internal/tax/service.go:130.16,132.3 1 0
banka1/trading-service-go/internal/tax/service.go:133.2,134.28 2 0
banka1/trading-service-go/internal/tax/service.go:134.28,136.3 1 0
banka1/trading-service-go/internal/tax/service.go:137.2,137.65 1 0
banka1/trading-service-go/internal/tax/service.go:142.98,147.16 5 0
banka1/trading-service-go/internal/tax/service.go:147.16,149.3 1 0
banka1/trading-service-go/internal/tax/service.go:150.2,151.28 2 0
banka1/trading-service-go/internal/tax/service.go:151.28,152.96 1 0
banka1/trading-service-go/internal/tax/service.go:152.96,153.12 1 0
banka1/trading-service-go/internal/tax/service.go:155.3,156.28 2 0
banka1/trading-service-go/internal/tax/service.go:156.28,158.4 1 0
banka1/trading-service-go/internal/tax/service.go:159.3,159.25 1 0
banka1/trading-service-go/internal/tax/service.go:161.2,161.19 1 0
banka1/trading-service-go/internal/tax/service.go:167.101,173.2 5 0
banka1/trading-service-go/internal/tax/service.go:177.156,179.16 2 0
banka1/trading-service-go/internal/tax/service.go:179.16,181.3 1 0
banka1/trading-service-go/internal/tax/service.go:182.2,183.63 2 0
banka1/trading-service-go/internal/tax/service.go:183.63,185.17 2 0
banka1/trading-service-go/internal/tax/service.go:185.17,187.4 1 0
banka1/trading-service-go/internal/tax/service.go:188.3,188.29 1 0
banka1/trading-service-go/internal/tax/service.go:190.2,190.64 1 0
banka1/trading-service-go/internal/tax/service.go:190.64,192.17 2 0
banka1/trading-service-go/internal/tax/service.go:192.17,194.4 1 0
banka1/trading-service-go/internal/tax/service.go:195.3,195.29 1 0
banka1/trading-service-go/internal/tax/service.go:197.2,197.81 1 0
banka1/trading-service-go/internal/tax/service.go:202.88,206.16 3 0
banka1/trading-service-go/internal/tax/service.go:206.16,208.3 1 0
banka1/trading-service-go/internal/tax/service.go:209.2,209.32 1 0
banka1/trading-service-go/internal/tax/service.go:209.32,211.17 2 0
banka1/trading-service-go/internal/tax/service.go:211.17,213.4 1 0
banka1/trading-service-go/internal/tax/service.go:214.3,214.11 1 0
banka1/trading-service-go/internal/tax/service.go:214.11,215.12 1 0
banka1/trading-service-go/internal/tax/service.go:217.3,217.46 1 0
banka1/trading-service-go/internal/tax/service.go:220.2,220.50 1 0
banka1/trading-service-go/internal/tax/service.go:226.103,228.22 2 0
banka1/trading-service-go/internal/tax/service.go:228.22,230.17 2 0
banka1/trading-service-go/internal/tax/service.go:230.17,232.4 1 0
banka1/trading-service-go/internal/tax/service.go:233.3,234.17 2 0
banka1/trading-service-go/internal/tax/service.go:234.17,236.4 1 0
banka1/trading-service-go/internal/tax/service.go:237.3,246.61 3 0
banka1/trading-service-go/internal/tax/service.go:246.61,248.4 1 0
banka1/trading-service-go/internal/tax/service.go:249.3,250.92 2 0
banka1/trading-service-go/internal/tax/service.go:250.92,252.4 1 0
banka1/trading-service-go/internal/tax/service.go:253.3,255.13 3 0
banka1/trading-service-go/internal/tax/service.go:257.2,257.16 1 0
banka1/trading-service-go/internal/tax/service.go:257.16,260.3 2 0
banka1/trading-service-go/internal/tax/service.go:263.91,265.16 2 0
banka1/trading-service-go/internal/tax/service.go:265.16,267.3 1 0
banka1/trading-service-go/internal/tax/service.go:269.2,269.63 1 0
banka1/trading-service-go/internal/tax/service.go:269.63,270.68 1 0
banka1/trading-service-go/internal/tax/service.go:270.68,271.12 1 0
banka1/trading-service-go/internal/tax/service.go:273.3,274.17 2 0
banka1/trading-service-go/internal/tax/service.go:274.17,276.4 1 0
banka1/trading-service-go/internal/tax/service.go:277.3,277.13 1 0
banka1/trading-service-go/internal/tax/service.go:277.13,279.12 2 0
banka1/trading-service-go/internal/tax/service.go:282.3,283.17 2 0
banka1/trading-service-go/internal/tax/service.go:283.17,285.4 1 0
banka1/trading-service-go/internal/tax/service.go:286.3,286.27 1 0
banka1/trading-service-go/internal/tax/service.go:286.27,287.12 1 0
banka1/trading-service-go/internal/tax/service.go:290.3,291.32 2 0
banka1/trading-service-go/internal/tax/service.go:291.32,293.12 2 0
banka1/trading-service-go/internal/tax/service.go:296.3,311.55 4 0
banka1/trading-service-go/internal/tax/service.go:311.55,312.36 1 0
banka1/trading-service-go/internal/tax/service.go:312.36,314.13 2 0
banka1/trading-service-go/internal/tax/service.go:316.4,316.14 1 0
banka1/trading-service-go/internal/tax/service.go:318.3,318.119 1 0
banka1/trading-service-go/internal/tax/service.go:320.2,320.12 1 0
banka1/trading-service-go/internal/tax/service.go:323.174,325.22 2 0
banka1/trading-service-go/internal/tax/service.go:325.22,334.61 2 0
banka1/trading-service-go/internal/tax/service.go:334.61,336.4 1 0
banka1/trading-service-go/internal/tax/service.go:337.3,338.75 2 0
banka1/trading-service-go/internal/tax/service.go:338.75,340.4 1 0
banka1/trading-service-go/internal/tax/service.go:341.3,342.13 2 0
banka1/trading-service-go/internal/tax/service.go:344.2,344.16 1 0
banka1/trading-service-go/internal/tax/service.go:344.16,347.3 2 0
banka1/trading-service-go/internal/tax/service.go:353.143,355.16 2 0
banka1/trading-service-go/internal/tax/service.go:355.16,357.3 1 0
banka1/trading-service-go/internal/tax/service.go:358.2,358.12 1 0
banka1/trading-service-go/internal/tax/service.go:358.12,361.3 2 0
banka1/trading-service-go/internal/tax/service.go:362.2,373.54 2 0
banka1/trading-service-go/internal/tax/service.go:373.54,374.35 1 0
banka1/trading-service-go/internal/tax/service.go:374.35,377.4 2 0
banka1/trading-service-go/internal/tax/service.go:378.3,378.25 1 0
banka1/trading-service-go/internal/tax/service.go:380.2,380.27 1 0
banka1/trading-service-go/internal/tax/service.go:387.111,388.24 1 0
banka1/trading-service-go/internal/tax/service.go:388.24,390.3 1 0
banka1/trading-service-go/internal/tax/service.go:391.2,391.21 1 0
banka1/trading-service-go/internal/tax/service.go:391.21,392.63 1 0
banka1/trading-service-go/internal/tax/service.go:392.63,394.4 1 0
banka1/trading-service-go/internal/tax/service.go:395.3,395.9 1 0
banka1/trading-service-go/internal/tax/service.go:397.2,397.79 1 0
banka1/trading-service-go/internal/tax/service.go:397.79,399.3 1 0
banka1/trading-service-go/internal/tax/service.go:404.131,410.16 5 0
banka1/trading-service-go/internal/tax/service.go:410.16,412.3 1 0
banka1/trading-service-go/internal/tax/service.go:413.2,413.28 1 0
banka1/trading-service-go/internal/tax/service.go:413.28,415.3 1 0
banka1/trading-service-go/internal/tax/service.go:417.2,418.16 2 0
banka1/trading-service-go/internal/tax/service.go:418.16,420.3 1 0
banka1/trading-service-go/internal/tax/service.go:421.2,421.28 1 0
banka1/trading-service-go/internal/tax/service.go:421.28,423.3 1 0
banka1/trading-service-go/internal/tax/service.go:426.2,426.34 1 0
banka1/trading-service-go/internal/tax/service.go:426.34,428.3 1 0
banka1/trading-service-go/internal/tax/service.go:429.2,429.53 1 0
banka1/trading-service-go/internal/tax/service.go:429.53,431.40 2 0
banka1/trading-service-go/internal/tax/service.go:431.40,433.4 1 0
banka1/trading-service-go/internal/tax/service.go:434.3,436.15 3 0
banka1/trading-service-go/internal/tax/service.go:436.15,438.4 1 0
banka1/trading-service-go/internal/tax/service.go:439.3,439.23 1 0
banka1/trading-service-go/internal/tax/service.go:442.2,445.34 3 0
banka1/trading-service-go/internal/tax/service.go:445.34,447.32 2 0
banka1/trading-service-go/internal/tax/service.go:447.32,448.12 1 0
banka1/trading-service-go/internal/tax/service.go:450.3,450.55 1 0
banka1/trading-service-go/internal/tax/service.go:450.55,451.12 1 0
banka1/trading-service-go/internal/tax/service.go:453.3,453.71 1 0
banka1/trading-service-go/internal/tax/service.go:453.71,454.12 1 0
banka1/trading-service-go/internal/tax/service.go:456.3,456.23 1 0
banka1/trading-service-go/internal/tax/service.go:456.23,457.12 1 0
banka1/trading-service-go/internal/tax/service.go:460.3,461.28 2 0
banka1/trading-service-go/internal/tax/service.go:461.28,463.4 1 0
banka1/trading-service-go/internal/tax/service.go:464.3,466.18 3 0
banka1/trading-service-go/internal/tax/service.go:466.18,470.4 3 0
banka1/trading-service-go/internal/tax/service.go:472.3,472.40 1 0
banka1/trading-service-go/internal/tax/service.go:472.40,479.12 2 0
banka1/trading-service-go/internal/tax/service.go:481.3,481.41 1 0
banka1/trading-service-go/internal/tax/service.go:481.41,482.12 1 0
banka1/trading-service-go/internal/tax/service.go:485.3,487.17 3 0
banka1/trading-service-go/internal/tax/service.go:487.17,490.12 2 0
banka1/trading-service-go/internal/tax/service.go:492.3,492.15 1 0
banka1/trading-service-go/internal/tax/service.go:492.15,495.4 2 0
banka1/trading-service-go/internal/tax/service.go:496.3,496.90 1 0
banka1/trading-service-go/internal/tax/service.go:499.2,499.21 1 0
banka1/trading-service-go/internal/tax/service.go:502.217,505.44 2 1
banka1/trading-service-go/internal/tax/service.go:505.44,508.38 3 1
banka1/trading-service-go/internal/tax/service.go:508.38,510.4 1 1
banka1/trading-service-go/internal/tax/service.go:511.3,513.75 2 1
banka1/trading-service-go/internal/tax/service.go:513.75,525.4 2 1
banka1/trading-service-go/internal/tax/service.go:527.3,529.33 3 1
banka1/trading-service-go/internal/tax/service.go:529.33,531.4 1 1
banka1/trading-service-go/internal/tax/service.go:534.2,534.91 1 1
banka1/trading-service-go/internal/tax/service.go:534.91,538.75 2 1
banka1/trading-service-go/internal/tax/service.go:538.75,550.4 2 1
banka1/trading-service-go/internal/tax/service.go:551.8,551.32 1 1
banka1/trading-service-go/internal/tax/service.go:551.32,553.3 1 1
banka1/trading-service-go/internal/tax/service.go:556.235,559.25 3 0
banka1/trading-service-go/internal/tax/service.go:559.25,561.3 1 0
banka1/trading-service-go/internal/tax/service.go:561.8,563.3 1 0
banka1/trading-service-go/internal/tax/service.go:564.2,564.16 1 0
banka1/trading-service-go/internal/tax/service.go:564.16,566.3 1 0
banka1/trading-service-go/internal/tax/service.go:567.2,567.26 1 0
banka1/trading-service-go/internal/tax/service.go:567.26,569.3 1 0
banka1/trading-service-go/internal/tax/service.go:571.2,572.28 2 0
banka1/trading-service-go/internal/tax/service.go:572.28,576.3 3 0
banka1/trading-service-go/internal/tax/service.go:578.2,579.16 2 0
banka1/trading-service-go/internal/tax/service.go:579.16,581.3 1 0
banka1/trading-service-go/internal/tax/service.go:582.2,583.25 2 0
banka1/trading-service-go/internal/tax/service.go:583.25,585.68 2 0
banka1/trading-service-go/internal/tax/service.go:585.68,587.4 1 0
banka1/trading-service-go/internal/tax/service.go:589.2,589.17 1 0
banka1/trading-service-go/internal/tax/service.go:592.254,596.38 3 0
banka1/trading-service-go/internal/tax/service.go:596.38,598.76 2 0
banka1/trading-service-go/internal/tax/service.go:598.76,599.12 1 0
banka1/trading-service-go/internal/tax/service.go:601.3,602.46 2 0
banka1/trading-service-go/internal/tax/service.go:602.46,604.4 1 0
banka1/trading-service-go/internal/tax/service.go:605.3,605.63 1 0
banka1/trading-service-go/internal/tax/service.go:607.2,607.31 1 0
banka1/trading-service-go/internal/tax/service.go:607.31,609.3 1 0
banka1/trading-service-go/internal/tax/service.go:611.2,614.23 4 0
banka1/trading-service-go/internal/tax/service.go:614.23,616.3 1 0
banka1/trading-service-go/internal/tax/service.go:616.8,618.3 1 0
banka1/trading-service-go/internal/tax/service.go:619.2,619.16 1 0
banka1/trading-service-go/internal/tax/service.go:619.16,621.3 1 0
banka1/trading-service-go/internal/tax/service.go:622.2,622.33 1 0
banka1/trading-service-go/internal/tax/service.go:622.33,625.3 2 0
banka1/trading-service-go/internal/tax/service.go:627.2,628.33 2 0
banka1/trading-service-go/internal/tax/service.go:628.33,630.104 2 0
banka1/trading-service-go/internal/tax/service.go:630.104,632.4 1 0
banka1/trading-service-go/internal/tax/service.go:634.2,634.24 1 0
banka1/trading-service-go/internal/tax/service.go:634.24,636.3 1 0
banka1/trading-service-go/internal/tax/service.go:638.2,638.105 1 0
banka1/trading-service-go/internal/tax/service.go:641.94,642.51 1 0
banka1/trading-service-go/internal/tax/service.go:642.51,644.3 1 0
banka1/trading-service-go/internal/tax/service.go:645.2,646.49 2 0
banka1/trading-service-go/internal/tax/service.go:651.111,652.18 1 0
banka1/trading-service-go/internal/tax/service.go:652.18,654.3 1 0
banka1/trading-service-go/internal/tax/service.go:655.2,655.33 1 0
banka1/trading-service-go/internal/tax/service.go:655.33,657.3 1 0
banka1/trading-service-go/internal/tax/service.go:658.2,659.16 2 0
banka1/trading-service-go/internal/tax/service.go:659.16,662.3 2 0
banka1/trading-service-go/internal/tax/service.go:663.2,663.14 1 0
banka1/trading-service-go/internal/tax/service.go:663.14,665.3 1 0
banka1/trading-service-go/internal/tax/service.go:666.2,666.10 1 0
banka1/trading-service-go/internal/tax/service.go:672.133,673.34 1 0
banka1/trading-service-go/internal/tax/service.go:673.34,675.3 1 0
banka1/trading-service-go/internal/tax/service.go:676.2,676.42 1 0
banka1/trading-service-go/internal/tax/service.go:676.42,678.3 1 0
banka1/trading-service-go/internal/tax/service.go:679.2,680.16 2 0
banka1/trading-service-go/internal/tax/service.go:680.16,682.47 2 0
banka1/trading-service-go/internal/tax/service.go:682.47,684.4 1 0
banka1/trading-service-go/internal/tax/service.go:685.3,686.15 2 0
banka1/trading-service-go/internal/tax/service.go:688.2,688.42 1 0
banka1/trading-service-go/internal/tax/service.go:688.42,690.3 1 0
banka1/trading-service-go/internal/tax/service.go:690.8,692.3 1 0
banka1/trading-service-go/internal/tax/service.go:693.2,695.16 3 0
banka1/trading-service-go/internal/tax/service.go:700.105,702.16 2 0
banka1/trading-service-go/internal/tax/service.go:702.16,705.3 2 0
banka1/trading-service-go/internal/tax/service.go:706.2,706.16 1 0
banka1/trading-service-go/internal/tax/service.go:709.101,711.24 2 1
banka1/trading-service-go/internal/tax/service.go:711.24,713.3 1 1
banka1/trading-service-go/internal/tax/service.go:714.2,715.53 2 1
banka1/trading-service-go/internal/tax/service.go:718.129,720.70 2 1
banka1/trading-service-go/internal/tax/service.go:720.70,722.3 1 0
banka1/trading-service-go/internal/tax/service.go:723.2,723.37 1 1
banka1/trading-service-go/internal/tax/service.go:730.120,731.85 1 0
banka1/trading-service-go/internal/tax/service.go:731.85,733.3 1 0
banka1/trading-service-go/internal/tax/service.go:734.2,735.16 2 0
banka1/trading-service-go/internal/tax/service.go:735.16,738.3 2 0
banka1/trading-service-go/internal/tax/service.go:739.2,739.56 1 0
banka1/trading-service-go/internal/tax/service.go:739.56,741.3 1 0
banka1/trading-service-go/internal/tax/service.go:742.2,742.32 1 0
banka1/trading-service-go/internal/tax/service.go:749.156,750.43 1 0
banka1/trading-service-go/internal/tax/service.go:750.43,752.3 1 0
banka1/trading-service-go/internal/tax/service.go:753.2,753.44 1 0
banka1/trading-service-go/internal/tax/service.go:753.44,755.3 1 0
banka1/trading-service-go/internal/tax/service.go:756.2,757.70 2 0
banka1/trading-service-go/internal/tax/service.go:757.70,759.3 1 0
banka1/trading-service-go/internal/tax/service.go:760.2,760.37 1 0
banka1/trading-service-go/internal/tax/service.go:765.63,766.32 1 0
banka1/trading-service-go/internal/tax/service.go:766.32,768.3 1 0
banka1/trading-service-go/internal/tax/service.go:769.2,769.25 1 0
banka1/trading-service-go/internal/tax/service.go:774.137,779.16 4 0
banka1/trading-service-go/internal/tax/service.go:779.16,781.3 1 0
banka1/trading-service-go/internal/tax/service.go:782.2,782.24 1 0
banka1/trading-service-go/internal/tax/service.go:782.24,783.32 1 0
banka1/trading-service-go/internal/tax/service.go:783.32,784.12 1 0
banka1/trading-service-go/internal/tax/service.go:786.3,786.43 1 0
banka1/trading-service-go/internal/tax/service.go:786.43,787.12 1 0
banka1/trading-service-go/internal/tax/service.go:789.3,790.29 2 0
banka1/trading-service-go/internal/tax/service.go:790.29,792.4 1 0
banka1/trading-service-go/internal/tax/service.go:795.2,796.16 2 0
banka1/trading-service-go/internal/tax/service.go:796.16,798.3 1 0
banka1/trading-service-go/internal/tax/service.go:799.2,800.32 2 0
banka1/trading-service-go/internal/tax/service.go:800.32,801.114 1 0
banka1/trading-service-go/internal/tax/service.go:801.114,802.12 1 0
banka1/trading-service-go/internal/tax/service.go:804.3,805.17 2 0
banka1/trading-service-go/internal/tax/service.go:805.17,807.4 1 0
banka1/trading-service-go/internal/tax/service.go:808.3,808.37 1 0
banka1/trading-service-go/internal/tax/service.go:811.2,812.59 2 0
banka1/trading-service-go/internal/tax/service.go:812.59,813.45 1 0
banka1/trading-service-go/internal/tax/service.go:813.45,814.12 1 0
banka1/trading-service-go/internal/tax/service.go:816.3,816.60 1 0
banka1/trading-service-go/internal/tax/service.go:816.60,817.12 1 0
banka1/trading-service-go/internal/tax/service.go:819.3,819.34 1 0
banka1/trading-service-go/internal/tax/service.go:819.34,820.12 1 0
banka1/trading-service-go/internal/tax/service.go:822.3,823.17 2 0
banka1/trading-service-go/internal/tax/service.go:823.17,825.4 1 0
banka1/trading-service-go/internal/tax/service.go:826.3,826.25 1 0
banka1/trading-service-go/internal/tax/service.go:829.2,829.37 1 0
banka1/trading-service-go/internal/tax/service.go:832.104,841.16 8 0
banka1/trading-service-go/internal/tax/service.go:841.16,843.3 1 0
banka1/trading-service-go/internal/tax/service.go:844.2,844.24 1 0
banka1/trading-service-go/internal/tax/service.go:844.24,847.32 3 0
banka1/trading-service-go/internal/tax/service.go:847.32,850.30 3 0
banka1/trading-service-go/internal/tax/service.go:850.30,852.5 1 0
banka1/trading-service-go/internal/tax/service.go:853.9,853.38 1 0
banka1/trading-service-go/internal/tax/service.go:853.38,855.4 1 0
banka1/trading-service-go/internal/tax/service.go:858.2,859.16 2 0
banka1/trading-service-go/internal/tax/service.go:859.16,861.3 1 0
banka1/trading-service-go/internal/tax/service.go:862.2,862.32 1 0
banka1/trading-service-go/internal/tax/service.go:862.32,864.17 2 0
banka1/trading-service-go/internal/tax/service.go:864.17,866.4 1 0
banka1/trading-service-go/internal/tax/service.go:867.3,868.60 2 0
banka1/trading-service-go/internal/tax/service.go:868.60,870.4 1 0
banka1/trading-service-go/internal/tax/service.go:871.3,871.115 1 0
banka1/trading-service-go/internal/tax/service.go:871.115,873.4 1 0
banka1/trading-service-go/internal/tax/service.go:876.2,876.117 1 0
banka1/trading-service-go/internal/tax/service.go:876.117,878.3 1 0
banka1/trading-service-go/internal/tax/service.go:879.2,879.27 1 0
banka1/trading-service-go/internal/tax/service.go:882.186,883.72 1 0
banka1/trading-service-go/internal/tax/service.go:883.72,885.17 2 0
banka1/trading-service-go/internal/tax/service.go:885.17,887.4 1 0
banka1/trading-service-go/internal/tax/service.go:888.3,888.27 1 0
banka1/trading-service-go/internal/tax/service.go:888.27,889.12 1 0
banka1/trading-service-go/internal/tax/service.go:891.3,892.82 2 0
banka1/trading-service-go/internal/tax/service.go:892.82,894.4 1 0
banka1/trading-service-go/internal/tax/service.go:895.3,895.39 1 0
banka1/trading-service-go/internal/tax/service.go:895.39,897.4 1 0
banka1/trading-service-go/internal/tax/service.go:899.2,899.12 1 0
banka1/trading-service-go/internal/tax/service.go:902.175,905.6 3 0
banka1/trading-service-go/internal/tax/service.go:905.6,907.17 2 0
banka1/trading-service-go/internal/tax/service.go:907.17,909.4 1 0
banka1/trading-service-go/internal/tax/service.go:910.3,910.54 1 0
banka1/trading-service-go/internal/tax/service.go:910.54,911.9 1 0
banka1/trading-service-go/internal/tax/service.go:913.3,913.39 1 0
banka1/trading-service-go/internal/tax/service.go:913.39,925.4 2 0
banka1/trading-service-go/internal/tax/service.go:926.3,927.35 2 0
banka1/trading-service-go/internal/tax/service.go:927.35,928.9 1 0
banka1/trading-service-go/internal/tax/service.go:931.2,931.18 1 0
banka1/trading-service-go/internal/tax/service.go:934.176,937.16 3 0
banka1/trading-service-go/internal/tax/service.go:937.16,939.3 1 0
banka1/trading-service-go/internal/tax/service.go:940.2,940.33 1 0
banka1/trading-service-go/internal/tax/service.go:940.33,942.17 2 0
banka1/trading-service-go/internal/tax/service.go:942.17,944.12 2 0
banka1/trading-service-go/internal/tax/service.go:946.3,946.17 1 0
banka1/trading-service-go/internal/tax/service.go:946.17,947.12 1 0
banka1/trading-service-go/internal/tax/service.go:949.3,949.62 1 0
banka1/trading-service-go/internal/tax/service.go:949.62,950.99 1 0
banka1/trading-service-go/internal/tax/service.go:950.99,951.13 1 0
banka1/trading-service-go/internal/tax/service.go:954.3,954.60 1 0
banka1/trading-service-go/internal/tax/service.go:954.60,955.106 1 0
banka1/trading-service-go/internal/tax/service.go:955.106,956.13 1 0
banka1/trading-service-go/internal/tax/service.go:959.3,969.5 2 0
banka1/trading-service-go/internal/tax/service.go:971.2,971.18 1 0
banka1/trading-service-go/internal/tax/service.go:976.141,989.2 4 0
banka1/trading-service-go/internal/tax/service.go:991.117,992.75 1 0
banka1/trading-service-go/internal/tax/service.go:992.75,997.3 4 0
banka1/trading-service-go/internal/tax/service.go:998.2,1000.75 2 0
banka1/trading-service-go/internal/tax/service.go:1000.75,1005.3 4 0
banka1/trading-service-go/internal/tax/service.go:1006.2,1006.97 1 0
banka1/trading-service-go/internal/tax/service.go:1009.48,1011.18 2 1
banka1/trading-service-go/internal/tax/service.go:1011.18,1013.3 1 1
banka1/trading-service-go/internal/tax/service.go:1014.2,1015.17 2 1
banka1/trading-service-go/internal/tax/service.go:1015.17,1017.3 1 1
banka1/trading-service-go/internal/tax/service.go:1018.2,1018.39 1 1
banka1/trading-service-go/internal/tax/service.go:1023.45,1024.35 1 0
banka1/trading-service-go/internal/tax/service.go:1024.35,1026.3 1 0
banka1/trading-service-go/internal/tax/service.go:1027.2,1027.39 1 0
banka1/trading-service-go/internal/tax/service.go:1027.39,1029.3 1 0
banka1/trading-service-go/internal/tax/service.go:1030.2,1030.10 1 0
banka1/trading-service-go/internal/tax/service.go:1035.49,1037.2 1 1
banka1/trading-service-go/internal/tax/service.go:1039.43,1042.2 2 0
banka1/trading-service-go/internal/tax/service.go:1044.45,1047.2 2 0
banka1/trading-service-go/internal/tax/service.go:1049.44,1052.2 2 0
banka1/trading-service-go/internal/tax/service.go:1054.59,1056.19 2 0
banka1/trading-service-go/internal/tax/service.go:1056.19,1058.3 1 0
banka1/trading-service-go/internal/tax/service.go:1059.2,1059.38 1 0
banka1/trading-service-go/internal/tax/service.go:1059.38,1059.64 1 0
banka1/trading-service-go/internal/tax/service.go:1060.2,1060.12 1 0
banka1/trading-service-go/internal/tax/service.go:1063.40,1065.19 2 0
banka1/trading-service-go/internal/tax/service.go:1065.19,1067.3 1 0
banka1/trading-service-go/internal/tax/service.go:1068.2,1068.12 1 0
banka1/trading-service-go/internal/tax/service.go:1072.51,1074.36 2 0
banka1/trading-service-go/internal/tax/service.go:1074.36,1076.3 1 0
banka1/trading-service-go/internal/tax/service.go:1077.2,1078.33 2 0
banka1/trading-service-go/internal/tax/service.go:1078.33,1080.3 1 0
banka1/trading-service-go/internal/tax/service.go:1081.2,1081.23 1 0
banka1/trading-service-go/internal/tax/service.go:1120.39,1122.2 1 1
banka1/trading-service-go/internal/tax/service.go:1124.83,1126.16 2 0
banka1/trading-service-go/internal/tax/service.go:1126.16,1129.3 2 0
banka1/trading-service-go/internal/tax/service.go:1130.2,1130.12 1 0
banka1/trading-service-go/internal/tax/service.go:1135.79,1136.30 1 0
banka1/trading-service-go/internal/tax/service.go:1136.30,1138.3 1 0
banka1/trading-service-go/internal/tax/service.go:1139.2,1139.21 1 0
banka1/trading-service-go/internal/tax/service.go:1142.62,1142.93 1 1
banka1/trading-service-go/internal/tax/service.go:1143.73,1145.2 1 0
banka1/trading-service-go/internal/tax/service.go:1146.62,1146.99 1 1
banka1/trading-service-go/internal/tax/service.go:1147.62,1147.81 1 1
banka1/trading-service-go/internal/tax/service.go:1149.61,1150.69 1 0
banka1/trading-service-go/internal/tax/service.go:1150.69,1153.3 2 0
banka1/trading-service-go/internal/tax/service.go:1156.46,1157.14 1 1
banka1/trading-service-go/internal/tax/service.go:1157.14,1159.3 1 1
banka1/trading-service-go/internal/tax/service.go:1160.2,1162.34 3 1
banka1/trading-service-go/internal/tax/service.go:1162.34,1164.3 1 1
banka1/trading-service-go/internal/tax/service.go:1165.2,1165.18 1 1
banka1/trading-service-go/internal/tax/service.go:1165.18,1167.3 1 1
banka1/trading-service-go/internal/tax/service.go:1168.2,1168.18 1 1
banka1/trading-service-go/internal/tax/service.go:1168.18,1170.3 1 1
banka1/trading-service-go/internal/tax/service.go:1171.2,1171.17 1 1
banka1/trading-service-go/internal/api/actuary.go:63.51,65.2 1 0
banka1/trading-service-go/internal/api/contracts.go:11.13,15.2 1 1
banka1/trading-service-go/internal/api/contracts.go:25.50,27.2 1 1
banka1/trading-service-go/internal/api/contracts.go:29.55,30.14 1 1
banka1/trading-service-go/internal/api/contracts.go:30.14,32.3 1 1
banka1/trading-service-go/internal/api/contracts.go:33.2,33.45 1 1
banka1/trading-service-go/internal/api/contracts.go:36.54,37.14 1 1
banka1/trading-service-go/internal/api/contracts.go:37.14,39.3 1 1
banka1/trading-service-go/internal/api/contracts.go:40.2,40.80 1 1
banka1/trading-service-go/internal/api/contracts.go:51.42,53.2 1 1
banka1/trading-service-go/internal/api/contracts.go:55.47,56.14 1 1
banka1/trading-service-go/internal/api/contracts.go:56.14,58.3 1 1
banka1/trading-service-go/internal/api/contracts.go:59.2,59.41 1 1
banka1/trading-service-go/internal/api/contracts.go:62.50,63.14 1 1
banka1/trading-service-go/internal/api/contracts.go:63.14,65.3 1 1
banka1/trading-service-go/internal/api/contracts.go:66.2,66.61 1 1
banka1/trading-service-go/internal/api/errors.go:44.38,45.16 1 1
banka1/trading-service-go/internal/api/errors.go:46.11,47.23 1 1
banka1/trading-service-go/internal/api/errors.go:48.11,49.24 1 1
banka1/trading-service-go/internal/api/errors.go:50.11,51.21 1 1
banka1/trading-service-go/internal/api/errors.go:52.11,53.21 1 1
banka1/trading-service-go/internal/api/errors.go:54.11,55.30 1 1
banka1/trading-service-go/internal/api/errors.go:56.11,57.20 1 1
banka1/trading-service-go/internal/api/errors.go:58.11,59.33 1 1
banka1/trading-service-go/internal/api/errors.go:60.10,61.12 1 1
banka1/trading-service-go/internal/api/errors.go:87.38,87.58 1 1
banka1/trading-service-go/internal/api/errors.go:92.61,94.2 1 1
banka1/trading-service-go/internal/api/errors.go:98.64,100.2 1 1
banka1/trading-service-go/internal/api/errors.go:105.59,107.2 1 1
banka1/trading-service-go/internal/api/page.go:46.26,49.2 1 1
banka1/trading-service-go/internal/api/page.go:53.71,54.20 1 1
banka1/trading-service-go/internal/api/page.go:54.20,56.3 1 1
banka1/trading-service-go/internal/api/page.go:57.2,58.14 2 1
banka1/trading-service-go/internal/api/page.go:58.14,60.3 1 1
banka1/trading-service-go/internal/api/page.go:61.2,80.3 1 1
banka1/trading-service-go/internal/order/execution.go:27.52,29.2 1 0
banka1/trading-service-go/internal/order/execution.go:34.58,39.16 4 0
banka1/trading-service-go/internal/order/execution.go:39.16,42.3 2 0
banka1/trading-service-go/internal/order/execution.go:43.2,43.24 1 0
banka1/trading-service-go/internal/order/execution.go:43.24,45.3 1 0
banka1/trading-service-go/internal/order/execution.go:47.2,47.84 1 0
banka1/trading-service-go/internal/order/execution.go:47.84,49.3 1 0
banka1/trading-service-go/internal/order/execution.go:49.17,53.3 3 0
banka1/trading-service-go/internal/order/execution.go:55.2,56.16 2 0
banka1/trading-service-go/internal/order/execution.go:56.16,59.3 2 0
banka1/trading-service-go/internal/order/execution.go:60.2,60.26 1 0
banka1/trading-service-go/internal/order/execution.go:60.26,62.3 1 0
banka1/trading-service-go/internal/order/execution.go:63.2,63.69 1 0
banka1/trading-service-go/internal/order/execution.go:68.32,70.2 1 0
banka1/trading-service-go/internal/order/execution.go:75.92,77.16 2 0
banka1/trading-service-go/internal/order/execution.go:77.16,79.3 1 0
banka1/trading-service-go/internal/order/execution.go:80.2,80.26 1 0
banka1/trading-service-go/internal/order/execution.go:80.26,82.3 1 0
banka1/trading-service-go/internal/order/execution.go:84.2,85.16 2 0
banka1/trading-service-go/internal/order/execution.go:85.16,87.3 1 0
banka1/trading-service-go/internal/order/execution.go:88.2,88.45 1 0
banka1/trading-service-go/internal/order/execution.go:88.45,91.3 2 0
banka1/trading-service-go/internal/order/execution.go:93.2,94.16 2 0
banka1/trading-service-go/internal/order/execution.go:94.16,96.3 1 0
banka1/trading-service-go/internal/order/execution.go:97.2,97.15 1 0
banka1/trading-service-go/internal/order/execution.go:97.15,99.3 1 0
banka1/trading-service-go/internal/order/execution.go:101.2,102.19 2 0
banka1/trading-service-go/internal/order/execution.go:102.19,104.3 1 0
banka1/trading-service-go/internal/order/execution.go:105.2,105.63 1 0
banka1/trading-service-go/internal/order/execution.go:105.63,107.3 1 0
banka1/trading-service-go/internal/order/execution.go:109.2,111.9 3 0
banka1/trading-service-go/internal/order/execution.go:111.9,113.3 1 0
banka1/trading-service-go/internal/order/execution.go:115.2,120.121 3 0
banka1/trading-service-go/internal/order/execution.go:120.121,122.3 1 0
banka1/trading-service-go/internal/order/execution.go:123.2,124.16 2 0
banka1/trading-service-go/internal/order/execution.go:124.16,126.3 1 0
banka1/trading-service-go/internal/order/execution.go:132.2,133.62 1 0
banka1/trading-service-go/internal/order/execution.go:133.62,134.113 1 0
banka1/trading-service-go/internal/order/execution.go:134.113,136.4 1 0
banka1/trading-service-go/internal/order/execution.go:137.3,138.28 2 0
banka1/trading-service-go/internal/order/execution.go:138.28,140.4 1 0
banka1/trading-service-go/internal/order/execution.go:141.3,141.19 1 0
banka1/trading-service-go/internal/order/execution.go:141.19,143.4 1 0
banka1/trading-service-go/internal/order/execution.go:143.9,143.116 1 0
banka1/trading-service-go/internal/order/execution.go:143.116,145.4 1 0
banka1/trading-service-go/internal/order/execution.go:146.8,147.105 1 0
banka1/trading-service-go/internal/order/execution.go:147.105,149.4 1 0
banka1/trading-service-go/internal/order/execution.go:151.2,151.40 1 0
banka1/trading-service-go/internal/order/execution.go:151.40,152.96 1 0
banka1/trading-service-go/internal/order/execution.go:152.96,154.4 1 0
banka1/trading-service-go/internal/order/execution.go:156.2,156.100 1 0
banka1/trading-service-go/internal/order/execution.go:156.100,158.3 1 0
banka1/trading-service-go/internal/order/execution.go:160.2,161.36 2 0
banka1/trading-service-go/internal/order/execution.go:161.36,164.3 2 0
banka1/trading-service-go/internal/order/execution.go:165.2,165.40 1 0
banka1/trading-service-go/internal/order/execution.go:171.129,172.25 1 0
banka1/trading-service-go/internal/order/execution.go:173.31,175.39 2 0
banka1/trading-service-go/internal/order/execution.go:175.39,177.4 1 0
banka1/trading-service-go/internal/order/execution.go:178.3,178.19 1 0
banka1/trading-service-go/internal/order/execution.go:178.19,181.4 2 0
banka1/trading-service-go/internal/order/execution.go:182.3,183.17 2 0
banka1/trading-service-go/internal/order/execution.go:183.17,185.4 1 0
banka1/trading-service-go/internal/order/execution.go:186.3,186.34 1 0
banka1/trading-service-go/internal/order/execution.go:186.34,188.4 1 0
banka1/trading-service-go/internal/order/execution.go:188.9,190.4 1 0
banka1/trading-service-go/internal/order/execution.go:191.3,191.55 1 0
banka1/trading-service-go/internal/order/execution.go:191.55,193.4 1 0
banka1/trading-service-go/internal/order/execution.go:194.3,194.19 1 0
banka1/trading-service-go/internal/order/execution.go:195.10,196.58 1 0
banka1/trading-service-go/internal/order/execution.go:202.64,204.28 2 1
banka1/trading-service-go/internal/order/execution.go:204.28,206.3 1 1
banka1/trading-service-go/internal/order/execution.go:207.2,207.37 1 1
banka1/trading-service-go/internal/order/execution.go:207.37,209.3 1 1
banka1/trading-service-go/internal/order/execution.go:210.2,210.28 1 1
banka1/trading-service-go/internal/order/execution.go:214.84,215.35 1 0
banka1/trading-service-go/internal/order/execution.go:215.35,217.3 1 0
banka1/trading-service-go/internal/order/execution.go:218.2,218.61 1 0
banka1/trading-service-go/internal/order/execution.go:218.61,220.3 1 0
banka1/trading-service-go/internal/order/execution.go:221.2,221.37 1 0
banka1/trading-service-go/internal/order/execution.go:221.37,222.25 1 0
banka1/trading-service-go/internal/order/execution.go:222.25,224.4 1 0
banka1/trading-service-go/internal/order/execution.go:225.3,225.49 1 0
banka1/trading-service-go/internal/order/execution.go:227.2,227.24 1 0
banka1/trading-service-go/internal/order/execution.go:227.24,229.3 1 0
banka1/trading-service-go/internal/order/execution.go:230.2,230.48 1 0
banka1/trading-service-go/internal/order/execution.go:235.81,237.27 2 1
banka1/trading-service-go/internal/order/execution.go:237.27,239.3 1 1
banka1/trading-service-go/internal/order/execution.go:240.2,242.26 3 1
banka1/trading-service-go/internal/order/execution.go:242.26,244.3 1 1
banka1/trading-service-go/internal/order/execution.go:245.2,245.18 1 1
banka1/trading-service-go/internal/order/execution.go:245.18,247.3 1 0
banka1/trading-service-go/internal/order/execution.go:248.2,248.22 1 1
banka1/trading-service-go/internal/order/execution.go:253.65,254.21 1 1
banka1/trading-service-go/internal/order/execution.go:254.21,256.3 1 1
banka1/trading-service-go/internal/order/execution.go:257.2,257.33 1 1
banka1/trading-service-go/internal/order/execution.go:262.106,263.25 1 1
banka1/trading-service-go/internal/order/execution.go:264.18,266.39 2 1
banka1/trading-service-go/internal/order/execution.go:266.39,268.4 1 1
banka1/trading-service-go/internal/order/execution.go:269.3,269.19 1 1
banka1/trading-service-go/internal/order/execution.go:269.19,271.4 1 1
banka1/trading-service-go/internal/order/execution.go:272.3,272.22 1 1
banka1/trading-service-go/internal/order/execution.go:273.17,274.30 1 1
banka1/trading-service-go/internal/order/execution.go:274.30,276.4 1 1
banka1/trading-service-go/internal/order/execution.go:277.3,277.38 1 1
banka1/trading-service-go/internal/order/execution.go:277.38,278.26 1 1
banka1/trading-service-go/internal/order/execution.go:278.26,280.5 1 1
banka1/trading-service-go/internal/order/execution.go:281.4,281.60 1 1
banka1/trading-service-go/internal/order/execution.go:283.3,283.25 1 1
banka1/trading-service-go/internal/order/execution.go:283.25,285.4 1 1
banka1/trading-service-go/internal/order/execution.go:286.3,286.59 1 1
banka1/trading-service-go/internal/order/execution.go:287.10,289.29 1 1
banka1/trading-service-go/internal/order/execution.go:293.145,301.2 1 0
banka1/trading-service-go/internal/order/execution.go:306.155,308.16 2 0
banka1/trading-service-go/internal/order/execution.go:308.16,310.3 1 0
banka1/trading-service-go/internal/order/execution.go:312.2,312.37 1 0
banka1/trading-service-go/internal/order/execution.go:312.37,313.15 1 0
banka1/trading-service-go/internal/order/execution.go:313.15,315.4 1 0
banka1/trading-service-go/internal/order/execution.go:316.3,320.79 4 0
banka1/trading-service-go/internal/order/execution.go:324.2,324.39 1 0
banka1/trading-service-go/internal/order/execution.go:324.39,326.3 1 0
banka1/trading-service-go/internal/order/execution.go:327.2,328.21 2 0
banka1/trading-service-go/internal/order/execution.go:328.21,330.3 1 0
banka1/trading-service-go/internal/order/execution.go:331.2,333.29 3 0
banka1/trading-service-go/internal/order/execution.go:333.29,335.3 1 0
banka1/trading-service-go/internal/order/execution.go:336.2,336.42 1 0
banka1/trading-service-go/internal/order/execution.go:336.42,338.3 1 0
banka1/trading-service-go/internal/order/execution.go:339.2,339.92 1 0
banka1/trading-service-go/internal/order/execution.go:348.134,350.16 2 0
banka1/trading-service-go/internal/order/execution.go:350.16,352.3 1 0
banka1/trading-service-go/internal/order/execution.go:353.2,354.71 2 0
banka1/trading-service-go/internal/order/execution.go:354.71,356.3 1 0
banka1/trading-service-go/internal/order/execution.go:356.8,358.3 1 0
banka1/trading-service-go/internal/order/execution.go:359.2,359.16 1 0
banka1/trading-service-go/internal/order/execution.go:359.16,361.3 1 0
banka1/trading-service-go/internal/order/execution.go:362.2,362.18 1 0
banka1/trading-service-go/internal/order/execution.go:362.18,366.38 1 0
banka1/trading-service-go/internal/order/execution.go:366.38,367.96 1 0
banka1/trading-service-go/internal/order/execution.go:367.96,369.5 1 0
banka1/trading-service-go/internal/order/execution.go:370.9,371.97 1 0
banka1/trading-service-go/internal/order/execution.go:371.97,373.5 1 0
banka1/trading-service-go/internal/order/execution.go:375.3,375.28 1 0
banka1/trading-service-go/internal/order/execution.go:378.2,385.37 2 0
banka1/trading-service-go/internal/order/execution.go:385.37,386.57 1 0
banka1/trading-service-go/internal/order/execution.go:386.57,388.4 1 0
banka1/trading-service-go/internal/order/execution.go:389.8,390.58 1 0
banka1/trading-service-go/internal/order/execution.go:390.58,392.4 1 0
banka1/trading-service-go/internal/order/execution.go:394.2,394.27 1 0
banka1/trading-service-go/internal/order/execution.go:400.128,401.28 1 0
banka1/trading-service-go/internal/order/execution.go:401.28,403.3 1 0
banka1/trading-service-go/internal/order/execution.go:404.2,405.16 2 0
banka1/trading-service-go/internal/order/execution.go:405.16,407.3 1 0
banka1/trading-service-go/internal/order/execution.go:408.2,408.82 1 0
banka1/trading-service-go/internal/order/execution.go:408.82,410.3 1 0
banka1/trading-service-go/internal/order/execution.go:411.2,412.16 2 0
banka1/trading-service-go/internal/order/execution.go:412.16,414.3 1 0
banka1/trading-service-go/internal/order/execution.go:415.2,416.16 2 0
banka1/trading-service-go/internal/order/execution.go:416.16,418.3 1 0
banka1/trading-service-go/internal/order/execution.go:419.2,420.16 2 0
banka1/trading-service-go/internal/order/execution.go:420.16,422.3 1 0
banka1/trading-service-go/internal/order/execution.go:423.2,430.4 1 0
banka1/trading-service-go/internal/order/execution.go:436.136,438.16 2 0
banka1/trading-service-go/internal/order/execution.go:438.16,440.3 1 0
banka1/trading-service-go/internal/order/execution.go:441.2,441.82 1 0
banka1/trading-service-go/internal/order/execution.go:441.82,443.3 1 0
banka1/trading-service-go/internal/order/execution.go:444.2,445.16 2 0
banka1/trading-service-go/internal/order/execution.go:445.16,447.3 1 0
banka1/trading-service-go/internal/order/execution.go:448.2,448.17 1 0
banka1/trading-service-go/internal/order/execution.go:448.17,450.3 1 0
banka1/trading-service-go/internal/order/execution.go:451.2,452.16 2 0
banka1/trading-service-go/internal/order/execution.go:452.16,454.3 1 0
banka1/trading-service-go/internal/order/execution.go:455.2,457.108 3 0
banka1/trading-service-go/internal/order/execution.go:457.108,459.3 1 0
banka1/trading-service-go/internal/order/execution.go:460.2,461.12 2 0
banka1/trading-service-go/internal/order/execution.go:467.92,469.75 2 0
banka1/trading-service-go/internal/order/execution.go:469.75,471.3 1 0
banka1/trading-service-go/internal/order/execution.go:472.2,473.50 2 0
banka1/trading-service-go/internal/order/execution.go:473.50,475.3 1 0
banka1/trading-service-go/internal/order/execution.go:476.2,477.19 2 0
banka1/trading-service-go/internal/order/execution.go:477.19,479.3 1 0
banka1/trading-service-go/internal/order/execution.go:480.2,483.22 4 0
banka1/trading-service-go/internal/order/execution.go:483.22,485.3 1 0
banka1/trading-service-go/internal/order/execution.go:486.2,486.14 1 0
banka1/trading-service-go/internal/order/execution.go:491.77,492.44 1 0
banka1/trading-service-go/internal/order/execution.go:492.44,494.3 1 0
banka1/trading-service-go/internal/order/execution.go:495.2,495.37 1 0
banka1/trading-service-go/internal/order/execution.go:495.37,497.3 1 0
banka1/trading-service-go/internal/order/execution.go:498.2,498.27 1 0
banka1/trading-service-go/internal/order/execution.go:501.189,503.2 1 0
banka1/trading-service-go/internal/order/execution.go:505.195,507.2 1 0
banka1/trading-service-go/internal/order/execution.go:509.55,510.19 1 1
banka1/trading-service-go/internal/order/execution.go:510.19,512.3 1 1
banka1/trading-service-go/internal/order/execution.go:513.2,513.10 1 1
banka1/trading-service-go/internal/order/execution.go:516.55,517.19 1 1
banka1/trading-service-go/internal/order/execution.go:517.19,519.3 1 1
banka1/trading-service-go/internal/order/execution.go:520.2,520.10 1 1
banka1/trading-service-go/internal/order/execution.go:523.56,524.18 1 1
banka1/trading-service-go/internal/order/execution.go:524.18,526.3 1 1
banka1/trading-service-go/internal/order/execution.go:527.2,527.10 1 1
banka1/trading-service-go/internal/order/notify.go:36.85,38.2 1 0
banka1/trading-service-go/internal/order/notify.go:40.99,42.2 1 0
banka1/trading-service-go/internal/order/notify.go:44.99,46.2 1 0
banka1/trading-service-go/internal/order/notify.go:48.112,49.64 1 0
banka1/trading-service-go/internal/order/notify.go:49.64,51.3 1 0
banka1/trading-service-go/internal/order/notify.go:57.83,57.84 0 0
banka1/trading-service-go/internal/order/notify.go:58.83,58.84 0 0
banka1/trading-service-go/internal/order/pricing.go:15.62,16.9 1 1
banka1/trading-service-go/internal/order/pricing.go:17.35,18.20 1 1
banka1/trading-service-go/internal/order/pricing.go:19.35,20.19 1 1
banka1/trading-service-go/internal/order/pricing.go:21.20,22.18 1 1
banka1/trading-service-go/internal/order/pricing.go:23.10,24.23 1 1
banka1/trading-service-go/internal/order/pricing.go:29.44,31.2 1 1
banka1/trading-service-go/internal/order/pricing.go:34.50,35.32 1 1
banka1/trading-service-go/internal/order/pricing.go:35.32,37.3 1 1
banka1/trading-service-go/internal/order/pricing.go:38.2,38.18 1 1
banka1/trading-service-go/internal/order/pricing.go:43.143,44.19 1 1
banka1/trading-service-go/internal/order/pricing.go:45.18,47.33 2 1
banka1/trading-service-go/internal/order/pricing.go:47.33,49.4 1 1
banka1/trading-service-go/internal/order/pricing.go:50.3,50.19 1 1
banka1/trading-service-go/internal/order/pricing.go:50.19,52.4 1 1
banka1/trading-service-go/internal/order/pricing.go:53.3,53.21 1 1
banka1/trading-service-go/internal/order/pricing.go:54.32,55.19 1 1
banka1/trading-service-go/internal/order/pricing.go:55.19,57.4 1 1
banka1/trading-service-go/internal/order/pricing.go:58.3,58.21 1 1
banka1/trading-service-go/internal/order/pricing.go:59.10,60.18 1 1
banka1/trading-service-go/internal/order/pricing.go:60.18,62.4 1 1
banka1/trading-service-go/internal/order/pricing.go:63.3,63.20 1 1
banka1/trading-service-go/internal/order/pricing.go:69.161,71.16 2 1
banka1/trading-service-go/internal/order/pricing.go:71.16,73.3 1 0
banka1/trading-service-go/internal/order/pricing.go:74.2,74.33 1 1
banka1/trading-service-go/internal/order/pricing.go:74.33,76.3 1 1
banka1/trading-service-go/internal/order/pricing.go:77.2,77.112 1 1
banka1/trading-service-go/internal/order/pricing.go:84.124,87.31 3 1
banka1/trading-service-go/internal/order/pricing.go:87.31,90.3 2 1
banka1/trading-service-go/internal/order/pricing.go:91.2,93.16 3 1
banka1/trading-service-go/internal/order/pricing.go:93.16,96.3 2 0
banka1/trading-service-go/internal/order/pricing.go:97.2,97.29 1 1
banka1/trading-service-go/internal/order/pricing.go:97.29,99.3 1 1
banka1/trading-service-go/internal/order/pricing.go:100.2,100.12 1 1
banka1/trading-service-go/internal/order/pricing.go:105.120,106.59 1 1
banka1/trading-service-go/internal/order/pricing.go:106.59,108.3 1 1
banka1/trading-service-go/internal/order/pricing.go:109.2,110.16 2 1
banka1/trading-service-go/internal/order/pricing.go:110.16,112.3 1 0
banka1/trading-service-go/internal/order/pricing.go:113.2,113.44 1 1
banka1/trading-service-go/internal/order/pricing.go:113.44,115.3 1 0
banka1/trading-service-go/internal/order/pricing.go:116.2,116.31 1 1
banka1/trading-service-go/internal/order/pricing.go:120.126,121.59 1 1
banka1/trading-service-go/internal/order/pricing.go:121.59,123.3 1 1
banka1/trading-service-go/internal/order/pricing.go:124.2,125.16 2 0
banka1/trading-service-go/internal/order/pricing.go:125.16,127.3 1 0
banka1/trading-service-go/internal/order/pricing.go:128.2,128.44 1 0
banka1/trading-service-go/internal/order/pricing.go:128.44,130.3 1 0
banka1/trading-service-go/internal/order/pricing.go:131.2,131.31 1 0
banka1/trading-service-go/internal/order/pricing.go:137.103,138.26 1 1
banka1/trading-service-go/internal/order/pricing.go:138.26,140.3 1 1
banka1/trading-service-go/internal/order/pricing.go:141.2,143.9 3 1
banka1/trading-service-go/internal/order/pricing.go:144.40,145.43 1 1
banka1/trading-service-go/internal/order/pricing.go:146.10,148.41 2 1
banka1/trading-service-go/internal/order/pricing.go:149.16,150.62 1 1
banka1/trading-service-go/internal/order/pricing.go:151.27,152.80 1 1
banka1/trading-service-go/internal/order/pricing.go:153.17,155.38 2 1
banka1/trading-service-go/internal/order/pricing.go:155.38,157.5 1 1
banka1/trading-service-go/internal/order/pricing.go:158.4,158.85 1 1
banka1/trading-service-go/internal/order/pricing.go:159.11,160.62 1 1
banka1/trading-service-go/internal/order/pricing.go:163.2,163.114 1 1
banka1/trading-service-go/internal/order/repository.go:71.50,73.2 1 0
banka1/trading-service-go/internal/order/repository.go:76.43,76.58 1 0
banka1/trading-service-go/internal/order/repository.go:84.45,96.42 2 0
banka1/trading-service-go/internal/order/repository.go:96.42,98.3 1 0
banka1/trading-service-go/internal/order/repository.go:99.2,100.16 2 0
banka1/trading-service-go/internal/order/repository.go:100.16,102.3 1 0
banka1/trading-service-go/internal/order/repository.go:103.2,105.16 3 0
banka1/trading-service-go/internal/order/repository.go:105.16,107.3 1 0
banka1/trading-service-go/internal/order/repository.go:108.2,109.22 2 0
banka1/trading-service-go/internal/order/repository.go:109.22,111.17 2 0
banka1/trading-service-go/internal/order/repository.go:111.17,113.4 1 0
banka1/trading-service-go/internal/order/repository.go:114.3,114.20 1 0
banka1/trading-service-go/internal/order/repository.go:116.2,116.21 1 0
banka1/trading-service-go/internal/order/repository.go:116.21,118.17 2 0
banka1/trading-service-go/internal/order/repository.go:118.17,120.4 1 0
banka1/trading-service-go/internal/order/repository.go:121.3,121.19 1 0
banka1/trading-service-go/internal/order/repository.go:123.2,123.16 1 0
banka1/trading-service-go/internal/order/repository.go:126.49,129.18 3 0
banka1/trading-service-go/internal/order/repository.go:129.18,131.17 2 0
banka1/trading-service-go/internal/order/repository.go:131.17,133.4 1 0
banka1/trading-service-go/internal/order/repository.go:134.3,134.24 1 0
banka1/trading-service-go/internal/order/repository.go:136.2,136.24 1 0
banka1/trading-service-go/internal/order/repository.go:140.89,142.35 2 0
banka1/trading-service-go/internal/order/repository.go:142.35,144.3 1 0
banka1/trading-service-go/internal/order/repository.go:145.2,145.15 1 0
banka1/trading-service-go/internal/order/repository.go:150.98,152.35 2 0
banka1/trading-service-go/internal/order/repository.go:152.35,154.3 1 0
banka1/trading-service-go/internal/order/repository.go:155.2,155.15 1 0
banka1/trading-service-go/internal/order/repository.go:160.79,162.16 2 0
banka1/trading-service-go/internal/order/repository.go:162.16,164.3 1 0
banka1/trading-service-go/internal/order/repository.go:165.2,165.25 1 0
banka1/trading-service-go/internal/order/repository.go:169.99,171.16 2 0
banka1/trading-service-go/internal/order/repository.go:171.16,173.3 1 0
banka1/trading-service-go/internal/order/repository.go:174.2,174.25 1 0
banka1/trading-service-go/internal/order/repository.go:178.98,180.16 2 0
banka1/trading-service-go/internal/order/repository.go:180.16,182.3 1 0
banka1/trading-service-go/internal/order/repository.go:183.2,183.25 1 0
banka1/trading-service-go/internal/order/repository.go:189.77,191.25 2 0
banka1/trading-service-go/internal/order/repository.go:191.25,193.3 1 0
banka1/trading-service-go/internal/order/repository.go:194.2,194.24 1 0
banka1/trading-service-go/internal/order/repository.go:194.24,196.3 1 0
banka1/trading-service-go/internal/order/repository.go:197.2,210.35 2 0
banka1/trading-service-go/internal/order/repository.go:216.77,218.25 2 0
banka1/trading-service-go/internal/order/repository.go:218.25,220.3 1 0
banka1/trading-service-go/internal/order/repository.go:221.2,221.24 1 0
banka1/trading-service-go/internal/order/repository.go:221.24,223.3 1 0
banka1/trading-service-go/internal/order/repository.go:224.2,238.28 1 0
banka1/trading-service-go/internal/order/repository.go:243.94,250.2 1 0
banka1/trading-service-go/internal/order/repository.go:261.57,268.120 2 0
banka1/trading-service-go/internal/order/repository.go:268.120,270.3 1 0
banka1/trading-service-go/internal/order/repository.go:271.2,272.16 2 0
banka1/trading-service-go/internal/order/repository.go:272.16,274.3 1 0
banka1/trading-service-go/internal/order/repository.go:275.2,277.16 3 0
banka1/trading-service-go/internal/order/repository.go:277.16,279.3 1 0
banka1/trading-service-go/internal/order/repository.go:280.2,282.16 3 0
banka1/trading-service-go/internal/order/repository.go:282.16,284.3 1 0
banka1/trading-service-go/internal/order/repository.go:285.2,286.16 2 0
banka1/trading-service-go/internal/order/repository.go:289.61,292.18 3 0
banka1/trading-service-go/internal/order/repository.go:292.18,294.17 2 0
banka1/trading-service-go/internal/order/repository.go:294.17,296.4 1 0
banka1/trading-service-go/internal/order/repository.go:297.3,297.24 1 0
banka1/trading-service-go/internal/order/repository.go:299.2,299.24 1 0
banka1/trading-service-go/internal/order/repository.go:303.105,305.16 2 0
banka1/trading-service-go/internal/order/repository.go:305.16,307.3 1 0
banka1/trading-service-go/internal/order/repository.go:308.2,308.25 1 0
banka1/trading-service-go/internal/order/repository.go:312.128,314.16 2 0
banka1/trading-service-go/internal/order/repository.go:314.16,316.3 1 0
banka1/trading-service-go/internal/order/repository.go:317.2,317.25 1 0
banka1/trading-service-go/internal/order/repository.go:322.103,323.23 1 0
banka1/trading-service-go/internal/order/repository.go:323.23,325.3 1 0
banka1/trading-service-go/internal/order/repository.go:326.2,327.16 2 0
banka1/trading-service-go/internal/order/repository.go:327.16,329.3 1 0
banka1/trading-service-go/internal/order/repository.go:330.2,330.25 1 0
banka1/trading-service-go/internal/order/repository.go:337.163,338.24 1 0
banka1/trading-service-go/internal/order/repository.go:338.24,340.3 1 0
banka1/trading-service-go/internal/order/repository.go:341.2,342.16 2 0
banka1/trading-service-go/internal/order/repository.go:342.16,344.3 1 0
banka1/trading-service-go/internal/order/repository.go:345.2,345.31 1 0
banka1/trading-service-go/internal/order/repository.go:350.155,351.24 1 0
banka1/trading-service-go/internal/order/repository.go:351.24,353.3 1 0
banka1/trading-service-go/internal/order/repository.go:354.2,355.16 2 0
banka1/trading-service-go/internal/order/repository.go:355.16,357.3 1 0
banka1/trading-service-go/internal/order/repository.go:358.2,358.31 1 0
banka1/trading-service-go/internal/order/service.go:37.96,39.2 1 0
banka1/trading-service-go/internal/order/service.go:40.95,42.2 1 0
banka1/trading-service-go/internal/order/service.go:65.99,66.21 1 0
banka1/trading-service-go/internal/order/service.go:66.21,68.3 1 0
banka1/trading-service-go/internal/order/service.go:69.2,69.25 1 0
banka1/trading-service-go/internal/order/service.go:69.25,71.3 1 0
banka1/trading-service-go/internal/order/service.go:72.2,84.10 3 0
banka1/trading-service-go/internal/order/service.go:88.27,88.47 1 0
banka1/trading-service-go/internal/order/service.go:91.26,91.45 1 0
banka1/trading-service-go/internal/order/service.go:98.128,99.106 1 0
banka1/trading-service-go/internal/order/service.go:99.106,101.3 1 0
banka1/trading-service-go/internal/order/service.go:102.2,103.16 2 0
banka1/trading-service-go/internal/order/service.go:103.16,105.3 1 0
banka1/trading-service-go/internal/order/service.go:106.2,108.22 3 0
banka1/trading-service-go/internal/order/service.go:108.22,109.22 1 0
banka1/trading-service-go/internal/order/service.go:109.22,111.4 1 0
banka1/trading-service-go/internal/order/service.go:112.3,112.34 1 0
banka1/trading-service-go/internal/order/service.go:112.34,114.4 1 0
banka1/trading-service-go/internal/order/service.go:115.3,115.37 1 0
banka1/trading-service-go/internal/order/service.go:115.37,117.4 1 0
banka1/trading-service-go/internal/order/service.go:120.2,121.16 2 0
banka1/trading-service-go/internal/order/service.go:121.16,123.3 1 0
banka1/trading-service-go/internal/order/service.go:124.2,124.63 1 0
banka1/trading-service-go/internal/order/service.go:124.63,126.3 1 0
banka1/trading-service-go/internal/order/service.go:127.2,129.16 3 0
banka1/trading-service-go/internal/order/service.go:129.16,131.3 1 0
banka1/trading-service-go/internal/order/service.go:133.2,134.12 2 0
banka1/trading-service-go/internal/order/service.go:134.12,138.3 1 0
banka1/trading-service-go/internal/order/service.go:138.8,138.19 1 0
banka1/trading-service-go/internal/order/service.go:138.19,140.17 2 0
banka1/trading-service-go/internal/order/service.go:140.17,142.4 1 0
banka1/trading-service-go/internal/order/service.go:143.3,143.32 1 0
banka1/trading-service-go/internal/order/service.go:144.8,146.17 2 0
banka1/trading-service-go/internal/order/service.go:146.17,148.4 1 0
banka1/trading-service-go/internal/order/service.go:149.3,149.22 1 0
banka1/trading-service-go/internal/order/service.go:149.22,150.79 1 0
banka1/trading-service-go/internal/order/service.go:150.79,152.5 1 0
banka1/trading-service-go/internal/order/service.go:156.2,158.16 3 0
banka1/trading-service-go/internal/order/service.go:158.16,160.3 1 0
banka1/trading-service-go/internal/order/service.go:161.2,163.77 2 0
banka1/trading-service-go/internal/order/service.go:163.77,165.3 1 0
banka1/trading-service-go/internal/order/service.go:170.2,170.69 1 0
banka1/trading-service-go/internal/order/service.go:170.69,171.81 1 0
banka1/trading-service-go/internal/order/service.go:171.81,173.4 1 0
banka1/trading-service-go/internal/order/service.go:176.2,178.16 2 0
banka1/trading-service-go/internal/order/service.go:178.16,180.3 1 0
banka1/trading-service-go/internal/order/service.go:181.2,181.12 1 0
banka1/trading-service-go/internal/order/service.go:181.12,185.3 3 0
banka1/trading-service-go/internal/order/service.go:185.8,185.19 1 0
banka1/trading-service-go/internal/order/service.go:185.19,188.3 2 0
banka1/trading-service-go/internal/order/service.go:189.2,191.65 3 0
banka1/trading-service-go/internal/order/service.go:191.65,193.3 1 0
banka1/trading-service-go/internal/order/service.go:194.2,194.57 1 0
banka1/trading-service-go/internal/order/service.go:198.130,199.26 1 0
banka1/trading-service-go/internal/order/service.go:199.26,201.3 1 0
banka1/trading-service-go/internal/order/service.go:202.2,202.106 1 0
banka1/trading-service-go/internal/order/service.go:202.106,204.3 1 0
banka1/trading-service-go/internal/order/service.go:205.2,206.16 2 0
banka1/trading-service-go/internal/order/service.go:206.16,208.3 1 0
banka1/trading-service-go/internal/order/service.go:209.2,209.63 1 0
banka1/trading-service-go/internal/order/service.go:209.63,211.3 1 0
banka1/trading-service-go/internal/order/service.go:212.2,212.100 1 0
banka1/trading-service-go/internal/order/service.go:212.100,214.3 1 0
banka1/trading-service-go/internal/order/service.go:215.2,217.16 3 0
banka1/trading-service-go/internal/order/service.go:217.16,219.3 1 0
banka1/trading-service-go/internal/order/service.go:220.2,222.16 3 0
banka1/trading-service-go/internal/order/service.go:222.16,224.3 1 0
banka1/trading-service-go/internal/order/service.go:225.2,229.16 3 0
banka1/trading-service-go/internal/order/service.go:229.16,231.3 1 0
banka1/trading-service-go/internal/order/service.go:232.2,234.65 3 0
banka1/trading-service-go/internal/order/service.go:234.65,236.3 1 0
banka1/trading-service-go/internal/order/service.go:237.2,237.57 1 0
banka1/trading-service-go/internal/order/service.go:244.132,247.49 3 0
banka1/trading-service-go/internal/order/service.go:247.49,249.15 2 0
banka1/trading-service-go/internal/order/service.go:249.15,251.4 1 0
banka1/trading-service-go/internal/order/service.go:252.3,252.25 1 0
banka1/trading-service-go/internal/order/service.go:252.25,253.45 1 0
banka1/trading-service-go/internal/order/service.go:253.45,255.5 1 0
banka1/trading-service-go/internal/order/service.go:257.8,259.17 2 0
banka1/trading-service-go/internal/order/service.go:259.17,261.4 1 0
banka1/trading-service-go/internal/order/service.go:264.2,266.27 3 0
banka1/trading-service-go/internal/order/service.go:266.27,269.3 2 0
banka1/trading-service-go/internal/order/service.go:270.2,271.29 2 0
banka1/trading-service-go/internal/order/service.go:271.29,273.17 2 0
banka1/trading-service-go/internal/order/service.go:273.17,275.4 1 0
banka1/trading-service-go/internal/order/service.go:276.3,276.29 1 0
banka1/trading-service-go/internal/order/service.go:278.2,279.26 2 0
banka1/trading-service-go/internal/order/service.go:279.26,281.3 1 0
banka1/trading-service-go/internal/order/service.go:282.2,283.16 2 0
banka1/trading-service-go/internal/order/service.go:283.16,285.3 1 0
banka1/trading-service-go/internal/order/service.go:286.2,289.24 3 0
banka1/trading-service-go/internal/order/service.go:289.24,291.3 1 0
banka1/trading-service-go/internal/order/service.go:293.2,295.41 3 0
banka1/trading-service-go/internal/order/service.go:295.41,297.18 2 0
banka1/trading-service-go/internal/order/service.go:297.18,299.4 1 0
banka1/trading-service-go/internal/order/service.go:300.3,300.26 1 0
banka1/trading-service-go/internal/order/service.go:302.2,302.58 1 0
banka1/trading-service-go/internal/order/service.go:306.96,307.22 1 0
banka1/trading-service-go/internal/order/service.go:307.22,309.3 1 0
banka1/trading-service-go/internal/order/service.go:310.2,311.16 2 0
banka1/trading-service-go/internal/order/service.go:311.16,313.3 1 0
banka1/trading-service-go/internal/order/service.go:314.2,315.24 2 0
banka1/trading-service-go/internal/order/service.go:315.24,317.17 2 0
banka1/trading-service-go/internal/order/service.go:317.17,319.4 1 0
banka1/trading-service-go/internal/order/service.go:320.3,320.26 1 0
banka1/trading-service-go/internal/order/service.go:322.2,322.17 1 0
banka1/trading-service-go/internal/order/service.go:330.110,337.81 2 0
banka1/trading-service-go/internal/order/service.go:337.81,339.17 2 0
banka1/trading-service-go/internal/order/service.go:339.17,341.4 1 0
banka1/trading-service-go/internal/order/service.go:342.3,342.19 1 0
banka1/trading-service-go/internal/order/service.go:342.19,344.4 1 0
banka1/trading-service-go/internal/order/service.go:345.3,345.34 1 0
banka1/trading-service-go/internal/order/service.go:345.34,347.4 1 0
banka1/trading-service-go/internal/order/service.go:348.3,348.48 1 0
banka1/trading-service-go/internal/order/service.go:348.48,350.4 1 0
banka1/trading-service-go/internal/order/service.go:351.3,352.17 2 0
banka1/trading-service-go/internal/order/service.go:352.17,354.4 1 0
banka1/trading-service-go/internal/order/service.go:355.3,355.64 1 0
banka1/trading-service-go/internal/order/service.go:355.64,357.4 1 0
banka1/trading-service-go/internal/order/service.go:358.3,360.17 3 0
banka1/trading-service-go/internal/order/service.go:360.17,362.4 1 0
banka1/trading-service-go/internal/order/service.go:363.3,366.37 3 0
banka1/trading-service-go/internal/order/service.go:366.37,372.56 6 0
banka1/trading-service-go/internal/order/service.go:372.56,374.5 1 0
banka1/trading-service-go/internal/order/service.go:375.4,376.14 2 0
banka1/trading-service-go/internal/order/service.go:379.3,380.10 2 0
banka1/trading-service-go/internal/order/service.go:381.84,382.38 1 0
banka1/trading-service-go/internal/order/service.go:383.24,384.38 1 0
banka1/trading-service-go/internal/order/service.go:385.11,387.18 2 0
banka1/trading-service-go/internal/order/service.go:387.18,389.5 1 0
banka1/trading-service-go/internal/order/service.go:390.4,390.39 1 0
banka1/trading-service-go/internal/order/service.go:390.39,392.5 1 0
banka1/trading-service-go/internal/order/service.go:395.3,395.19 1 0
banka1/trading-service-go/internal/order/service.go:395.19,396.106 1 0
banka1/trading-service-go/internal/order/service.go:396.106,398.5 1 0
banka1/trading-service-go/internal/order/service.go:399.9,399.45 1 0
banka1/trading-service-go/internal/order/service.go:399.45,400.83 1 0
banka1/trading-service-go/internal/order/service.go:400.83,402.5 1 0
banka1/trading-service-go/internal/order/service.go:405.3,407.22 3 0
banka1/trading-service-go/internal/order/service.go:407.22,409.4 1 0
banka1/trading-service-go/internal/order/service.go:409.9,411.18 2 0
banka1/trading-service-go/internal/order/service.go:411.18,413.5 1 0
banka1/trading-service-go/internal/order/service.go:415.3,415.71 1 0
banka1/trading-service-go/internal/order/service.go:415.71,417.4 1 0
banka1/trading-service-go/internal/order/service.go:418.3,418.31 1 0
banka1/trading-service-go/internal/order/service.go:418.31,419.39 1 0
banka1/trading-service-go/internal/order/service.go:419.39,421.19 2 0
banka1/trading-service-go/internal/order/service.go:421.19,423.6 1 0
banka1/trading-service-go/internal/order/service.go:428.5,429.49 1 0
banka1/trading-service-go/internal/order/service.go:429.49,430.94 1 0
banka1/trading-service-go/internal/order/service.go:430.94,432.7 1 0
banka1/trading-service-go/internal/order/service.go:435.4,435.49 1 0
banka1/trading-service-go/internal/order/service.go:438.3,439.31 2 0
banka1/trading-service-go/internal/order/service.go:439.31,442.4 2 0
banka1/trading-service-go/internal/order/service.go:442.9,444.4 1 0
banka1/trading-service-go/internal/order/service.go:445.3,446.55 2 0
banka1/trading-service-go/internal/order/service.go:446.55,448.4 1 0
banka1/trading-service-go/internal/order/service.go:449.3,451.13 3 0
banka1/trading-service-go/internal/order/service.go:453.2,453.16 1 0
banka1/trading-service-go/internal/order/service.go:453.16,455.3 1 0
banka1/trading-service-go/internal/order/service.go:456.2,456.17 1 0
banka1/trading-service-go/internal/order/service.go:456.17,458.3 1 0
banka1/trading-service-go/internal/order/service.go:459.2,459.66 1 0
banka1/trading-service-go/internal/order/service.go:464.109,470.81 2 0
banka1/trading-service-go/internal/order/service.go:470.81,472.17 2 0
banka1/trading-service-go/internal/order/service.go:472.17,474.4 1 0
banka1/trading-service-go/internal/order/service.go:475.3,475.19 1 0
banka1/trading-service-go/internal/order/service.go:475.19,477.4 1 0
banka1/trading-service-go/internal/order/service.go:478.3,478.36 1 0
banka1/trading-service-go/internal/order/service.go:478.36,480.4 1 0
banka1/trading-service-go/internal/order/service.go:481.3,482.17 2 0
banka1/trading-service-go/internal/order/service.go:482.17,484.4 1 0
banka1/trading-service-go/internal/order/service.go:485.3,485.37 1 0
banka1/trading-service-go/internal/order/service.go:485.37,487.4 1 0
banka1/trading-service-go/internal/order/service.go:488.3,490.17 3 0
banka1/trading-service-go/internal/order/service.go:490.17,492.4 1 0
banka1/trading-service-go/internal/order/service.go:493.3,497.17 4 0
banka1/trading-service-go/internal/order/service.go:497.17,499.4 1 0
banka1/trading-service-go/internal/order/service.go:500.3,501.98 2 0
banka1/trading-service-go/internal/order/service.go:501.98,503.4 1 0
banka1/trading-service-go/internal/order/service.go:504.3,504.55 1 0
banka1/trading-service-go/internal/order/service.go:504.55,505.76 1 0
banka1/trading-service-go/internal/order/service.go:505.76,507.5 1 0
banka1/trading-service-go/internal/order/service.go:509.3,513.55 4 0
banka1/trading-service-go/internal/order/service.go:513.55,515.4 1 0
banka1/trading-service-go/internal/order/service.go:516.3,518.13 3 0
banka1/trading-service-go/internal/order/service.go:520.2,520.16 1 0
banka1/trading-service-go/internal/order/service.go:520.16,522.3 1 0
banka1/trading-service-go/internal/order/service.go:523.2,523.19 1 0
banka1/trading-service-go/internal/order/service.go:523.19,525.3 1 0
banka1/trading-service-go/internal/order/service.go:526.2,527.73 2 0
banka1/trading-service-go/internal/order/service.go:532.109,538.81 2 0
banka1/trading-service-go/internal/order/service.go:538.81,540.17 2 0
banka1/trading-service-go/internal/order/service.go:540.17,542.4 1 0
banka1/trading-service-go/internal/order/service.go:543.3,543.19 1 0
banka1/trading-service-go/internal/order/service.go:543.19,545.4 1 0
banka1/trading-service-go/internal/order/service.go:546.3,546.36 1 0
banka1/trading-service-go/internal/order/service.go:546.36,548.4 1 0
banka1/trading-service-go/internal/order/service.go:549.3,549.77 1 0
banka1/trading-service-go/internal/order/service.go:549.77,551.4 1 0
banka1/trading-service-go/internal/order/service.go:552.3,555.17 3 0
banka1/trading-service-go/internal/order/service.go:555.17,557.4 1 0
banka1/trading-service-go/internal/order/service.go:558.3,559.17 2 0
banka1/trading-service-go/internal/order/service.go:559.17,561.4 1 0
banka1/trading-service-go/internal/order/service.go:562.3,565.13 4 0
banka1/trading-service-go/internal/order/service.go:567.2,567.16 1 0
banka1/trading-service-go/internal/order/service.go:567.16,569.3 1 0
banka1/trading-service-go/internal/order/service.go:570.2,570.19 1 0
banka1/trading-service-go/internal/order/service.go:570.19,572.3 1 0
banka1/trading-service-go/internal/order/service.go:573.2,573.73 1 0
banka1/trading-service-go/internal/order/service.go:578.109,580.2 1 0
banka1/trading-service-go/internal/order/service.go:584.119,586.2 1 0
banka1/trading-service-go/internal/order/service.go:588.133,593.81 2 0
banka1/trading-service-go/internal/order/service.go:593.81,595.17 2 0
banka1/trading-service-go/internal/order/service.go:595.17,597.4 1 0
banka1/trading-service-go/internal/order/service.go:598.3,598.19 1 0
banka1/trading-service-go/internal/order/service.go:598.19,600.4 1 0
banka1/trading-service-go/internal/order/service.go:601.3,601.49 1 0
banka1/trading-service-go/internal/order/service.go:601.49,603.4 1 0
banka1/trading-service-go/internal/order/service.go:604.3,604.102 1 0
banka1/trading-service-go/internal/order/service.go:604.102,606.4 1 0
banka1/trading-service-go/internal/order/service.go:607.3,608.17 2 0
banka1/trading-service-go/internal/order/service.go:608.17,610.4 1 0
banka1/trading-service-go/internal/order/service.go:611.3,611.70 1 0
banka1/trading-service-go/internal/order/service.go:611.70,613.4 1 0
banka1/trading-service-go/internal/order/service.go:614.3,615.30 2 0
banka1/trading-service-go/internal/order/service.go:615.30,617.4 1 0
banka1/trading-service-go/internal/order/service.go:618.3,618.60 1 0
banka1/trading-service-go/internal/order/service.go:618.60,620.4 1 0
banka1/trading-service-go/internal/order/service.go:621.3,621.75 1 0
banka1/trading-service-go/internal/order/service.go:621.75,623.4 1 0
banka1/trading-service-go/internal/order/service.go:624.3,625.35 2 0
banka1/trading-service-go/internal/order/service.go:625.35,628.4 2 0
banka1/trading-service-go/internal/order/service.go:629.3,629.55 1 0
banka1/trading-service-go/internal/order/service.go:629.55,631.4 1 0
banka1/trading-service-go/internal/order/service.go:632.3,633.17 2 0
banka1/trading-service-go/internal/order/service.go:633.17,635.4 1 0
banka1/trading-service-go/internal/order/service.go:636.3,639.13 4 0
banka1/trading-service-go/internal/order/service.go:641.2,641.16 1 0
banka1/trading-service-go/internal/order/service.go:641.16,643.3 1 0
banka1/trading-service-go/internal/order/service.go:644.2,644.73 1 0
banka1/trading-service-go/internal/order/service.go:650.78,652.16 2 0
banka1/trading-service-go/internal/order/service.go:652.16,654.3 1 0
banka1/trading-service-go/internal/order/service.go:655.2,655.25 1 0
banka1/trading-service-go/internal/order/service.go:655.25,658.82 3 0
banka1/trading-service-go/internal/order/service.go:658.82,660.18 2 0
banka1/trading-service-go/internal/order/service.go:660.18,662.5 1 0
banka1/trading-service-go/internal/order/service.go:663.4,663.55 1 0
banka1/trading-service-go/internal/order/service.go:663.55,665.5 1 0
banka1/trading-service-go/internal/order/service.go:666.4,667.18 2 0
banka1/trading-service-go/internal/order/service.go:667.18,669.5 1 0
banka1/trading-service-go/internal/order/service.go:670.4,670.39 1 0
banka1/trading-service-go/internal/order/service.go:670.39,672.5 1 0
banka1/trading-service-go/internal/order/service.go:673.4,673.81 1 0
banka1/trading-service-go/internal/order/service.go:673.81,675.5 1 0
banka1/trading-service-go/internal/order/service.go:676.4,677.14 2 0
banka1/trading-service-go/internal/order/service.go:679.3,679.17 1 0
banka1/trading-service-go/internal/order/service.go:679.17,681.12 2 0
banka1/trading-service-go/internal/order/service.go:683.3,683.20 1 0
banka1/trading-service-go/internal/order/service.go:683.20,685.4 1 0
banka1/trading-service-go/internal/order/service.go:687.2,687.12 1 0
banka1/trading-service-go/internal/order/service.go:692.109,693.88 1 0
banka1/trading-service-go/internal/order/service.go:693.88,695.3 1 0
banka1/trading-service-go/internal/order/service.go:696.2,700.38 5 0
banka1/trading-service-go/internal/order/service.go:705.99,706.38 1 0
banka1/trading-service-go/internal/order/service.go:706.38,708.3 1 0
banka1/trading-service-go/internal/order/service.go:709.2,710.16 2 0
banka1/trading-service-go/internal/order/service.go:710.16,712.3 1 0
banka1/trading-service-go/internal/order/service.go:713.2,713.14 1 0
banka1/trading-service-go/internal/order/service.go:713.14,715.3 1 0
banka1/trading-service-go/internal/order/service.go:716.2,717.41 2 0
banka1/trading-service-go/internal/order/service.go:717.41,719.3 1 0
banka1/trading-service-go/internal/order/service.go:720.2,720.103 1 0
banka1/trading-service-go/internal/order/service.go:723.115,724.84 1 0
banka1/trading-service-go/internal/order/service.go:724.84,726.3 1 0
banka1/trading-service-go/internal/order/service.go:727.2,727.66 1 0
banka1/trading-service-go/internal/order/service.go:730.117,731.64 1 0
banka1/trading-service-go/internal/order/service.go:731.64,733.3 1 0
banka1/trading-service-go/internal/order/service.go:734.2,735.16 2 0
banka1/trading-service-go/internal/order/service.go:735.16,737.3 1 0
banka1/trading-service-go/internal/order/service.go:738.2,738.14 1 0
banka1/trading-service-go/internal/order/service.go:738.14,740.3 1 0
banka1/trading-service-go/internal/order/service.go:741.2,742.21 2 0
banka1/trading-service-go/internal/order/service.go:742.21,744.3 1 0
banka1/trading-service-go/internal/order/service.go:745.2,745.72 1 0
banka1/trading-service-go/internal/order/service.go:750.115,751.71 1 0
banka1/trading-service-go/internal/order/service.go:751.71,753.3 1 0
banka1/trading-service-go/internal/order/service.go:754.2,755.16 2 0
banka1/trading-service-go/internal/order/service.go:755.16,757.3 1 0
banka1/trading-service-go/internal/order/service.go:758.2,758.40 1 0
banka1/trading-service-go/internal/order/service.go:758.40,761.3 2 0
banka1/trading-service-go/internal/order/service.go:763.2,763.34 1 0
banka1/trading-service-go/internal/order/service.go:763.34,766.93 3 0
banka1/trading-service-go/internal/order/service.go:766.93,768.4 1 0
banka1/trading-service-go/internal/order/service.go:769.3,770.13 2 0
banka1/trading-service-go/internal/order/service.go:773.2,778.92 3 0
banka1/trading-service-go/internal/order/service.go:778.92,780.3 1 0
banka1/trading-service-go/internal/order/service.go:781.2,782.12 2 0
banka1/trading-service-go/internal/order/service.go:788.178,790.16 2 0
banka1/trading-service-go/internal/order/service.go:790.16,792.3 1 0
banka1/trading-service-go/internal/order/service.go:793.2,793.17 1 0
banka1/trading-service-go/internal/order/service.go:793.17,795.3 1 0
banka1/trading-service-go/internal/order/service.go:796.2,797.16 2 0
banka1/trading-service-go/internal/order/service.go:797.16,799.3 1 0
banka1/trading-service-go/internal/order/service.go:800.2,803.23 4 0
banka1/trading-service-go/internal/order/service.go:803.23,804.111 1 0
banka1/trading-service-go/internal/order/service.go:804.111,806.4 1 0
banka1/trading-service-go/internal/order/service.go:808.2,809.47 2 0
banka1/trading-service-go/internal/order/service.go:809.47,811.3 1 0
banka1/trading-service-go/internal/order/service.go:812.2,813.23 2 0
banka1/trading-service-go/internal/order/service.go:813.23,815.3 1 0
banka1/trading-service-go/internal/order/service.go:816.2,816.38 1 0
banka1/trading-service-go/internal/order/service.go:821.124,822.21 1 0
banka1/trading-service-go/internal/order/service.go:822.21,823.22 1 0
banka1/trading-service-go/internal/order/service.go:823.22,825.4 1 0
banka1/trading-service-go/internal/order/service.go:826.3,826.24 1 0
banka1/trading-service-go/internal/order/service.go:828.2,828.74 1 0
banka1/trading-service-go/internal/order/service.go:834.129,835.87 1 0
banka1/trading-service-go/internal/order/service.go:835.87,837.17 2 0
banka1/trading-service-go/internal/order/service.go:837.17,839.4 1 0
banka1/trading-service-go/internal/order/service.go:840.3,840.32 1 0
banka1/trading-service-go/internal/order/service.go:842.2,842.80 1 0
banka1/trading-service-go/internal/order/service.go:842.80,843.22 1 0
banka1/trading-service-go/internal/order/service.go:843.22,845.4 1 0
banka1/trading-service-go/internal/order/service.go:846.3,847.17 2 0
banka1/trading-service-go/internal/order/service.go:847.17,849.4 1 0
banka1/trading-service-go/internal/order/service.go:850.3,850.32 1 0
banka1/trading-service-go/internal/order/service.go:852.2,852.21 1 0
banka1/trading-service-go/internal/order/service.go:852.21,854.3 1 0
banka1/trading-service-go/internal/order/service.go:855.2,855.15 1 0
banka1/trading-service-go/internal/order/service.go:858.74,859.87 1 0
banka1/trading-service-go/internal/order/service.go:859.87,861.3 1 0
banka1/trading-service-go/internal/order/service.go:862.2,863.33 2 0
banka1/trading-service-go/internal/order/service.go:866.126,868.16 2 0
banka1/trading-service-go/internal/order/service.go:868.16,869.42 1 0
banka1/trading-service-go/internal/order/service.go:869.42,871.4 1 0
banka1/trading-service-go/internal/order/service.go:872.3,872.13 1 0
banka1/trading-service-go/internal/order/service.go:874.2,875.16 2 0
banka1/trading-service-go/internal/order/service.go:875.16,877.3 1 0
banka1/trading-service-go/internal/order/service.go:878.2,878.62 1 0
banka1/trading-service-go/internal/order/service.go:878.62,880.3 1 0
banka1/trading-service-go/internal/order/service.go:881.2,881.12 1 0
banka1/trading-service-go/internal/order/service.go:884.154,885.33 1 0
[...]
banka1/trading-service-go/internal/funds/service.go:364.147,366.2 1 0
banka1/trading-service-go/internal/funds/service.go:370.141,372.2 1 0
banka1/trading-service-go/internal/funds/service.go:374.159,377.81 3 0
banka1/trading-service-go/internal/funds/service.go:377.81,379.17 2 0
banka1/trading-service-go/internal/funds/service.go:379.17,380.35 1 0
banka1/trading-service-go/internal/funds/service.go:380.35,382.5 1 0
banka1/trading-service-go/internal/funds/service.go:383.4,383.14 1 0
banka1/trading-service-go/internal/funds/service.go:385.3,385.62 1 0
banka1/trading-service-go/internal/funds/service.go:385.62,387.4 1 0
banka1/trading-service-go/internal/funds/service.go:388.3,388.47 1 0
banka1/trading-service-go/internal/funds/service.go:388.47,391.4 1 0
banka1/trading-service-go/internal/funds/service.go:392.3,401.62 3 0
banka1/trading-service-go/internal/funds/service.go:401.62,403.4 1 0
banka1/trading-service-go/internal/funds/service.go:404.3,405.13 2 0
banka1/trading-service-go/internal/funds/service.go:407.2,407.16 1 0
banka1/trading-service-go/internal/funds/service.go:407.16,409.3 1 0
banka1/trading-service-go/internal/funds/service.go:412.2,419.17 1 0
banka1/trading-service-go/internal/funds/service.go:419.17,422.3 1 0
banka1/trading-service-go/internal/funds/service.go:423.2,423.19 1 0
banka1/trading-service-go/internal/funds/service.go:429.145,431.2 1 0
banka1/trading-service-go/internal/funds/service.go:434.139,436.2 1 0
banka1/trading-service-go/internal/funds/service.go:438.149,442.81 4 0
banka1/trading-service-go/internal/funds/service.go:442.81,444.17 2 0
banka1/trading-service-go/internal/funds/service.go:444.17,445.35 1 0
banka1/trading-service-go/internal/funds/service.go:445.35,447.5 1 0
banka1/trading-service-go/internal/funds/service.go:448.4,448.14 1 0
banka1/trading-service-go/internal/funds/service.go:450.3,450.62 1 0
banka1/trading-service-go/internal/funds/service.go:450.62,452.4 1 0
banka1/trading-service-go/internal/funds/service.go:453.3,454.17 2 0
banka1/trading-service-go/internal/funds/service.go:454.17,455.35 1 0
banka1/trading-service-go/internal/funds/service.go:455.35,456.35 1 0
banka1/trading-service-go/internal/funds/service.go:456.35,458.6 1 0
banka1/trading-service-go/internal/funds/service.go:459.5,460.71 1 0
banka1/trading-service-go/internal/funds/service.go:462.4,462.14 1 0
banka1/trading-service-go/internal/funds/service.go:464.3,465.30 2 0
banka1/trading-service-go/internal/funds/service.go:465.30,467.34 2 0
banka1/trading-service-go/internal/funds/service.go:467.34,469.5 1 0
banka1/trading-service-go/internal/funds/service.go:470.4,470.52 1 0
banka1/trading-service-go/internal/funds/service.go:472.3,482.62 4 0
banka1/trading-service-go/internal/funds/service.go:482.62,484.4 1 0
banka1/trading-service-go/internal/funds/service.go:485.3,486.13 2 0
banka1/trading-service-go/internal/funds/service.go:488.2,488.16 1 0
banka1/trading-service-go/internal/funds/service.go:488.16,490.3 1 0
banka1/trading-service-go/internal/funds/service.go:491.2,499.17 1 0
banka1/trading-service-go/internal/funds/service.go:499.17,502.3 1 0
banka1/trading-service-go/internal/funds/service.go:503.2,503.19 1 0
banka1/trading-service-go/internal/funds/service.go:510.115,511.81 1 0
banka1/trading-service-go/internal/funds/service.go:511.81,513.17 2 0
banka1/trading-service-go/internal/funds/service.go:513.17,514.35 1 0
banka1/trading-service-go/internal/funds/service.go:514.35,517.5 2 0
banka1/trading-service-go/internal/funds/service.go:518.4,518.14 1 0
banka1/trading-service-go/internal/funds/service.go:520.3,520.34 1 0
banka1/trading-service-go/internal/funds/service.go:520.34,523.4 2 0
banka1/trading-service-go/internal/funds/service.go:524.3,524.95 1 0
banka1/trading-service-go/internal/funds/service.go:524.95,526.4 1 0
banka1/trading-service-go/internal/funds/service.go:527.3,528.49 2 0
banka1/trading-service-go/internal/funds/service.go:528.49,530.4 1 0
banka1/trading-service-go/internal/funds/service.go:531.3,532.17 2 0
banka1/trading-service-go/internal/funds/service.go:532.17,534.4 1 0
banka1/trading-service-go/internal/funds/service.go:535.3,537.61 3 0
banka1/trading-service-go/internal/funds/service.go:537.61,539.4 1 0
banka1/trading-service-go/internal/funds/service.go:540.3,541.17 2 0
banka1/trading-service-go/internal/funds/service.go:541.17,543.4 1 0
banka1/trading-service-go/internal/funds/service.go:544.3,545.77 2 0
banka1/trading-service-go/internal/funds/service.go:545.77,547.4 1 0
banka1/trading-service-go/internal/funds/service.go:548.3,548.13 1 0
banka1/trading-service-go/internal/funds/service.go:556.115,557.81 1 0
banka1/trading-service-go/internal/funds/service.go:557.81,559.17 2 0
banka1/trading-service-go/internal/funds/service.go:559.17,560.35 1 0
banka1/trading-service-go/internal/funds/service.go:560.35,563.5 2 0
banka1/trading-service-go/internal/funds/service.go:564.4,564.14 1 0
banka1/trading-service-go/internal/funds/service.go:566.3,566.34 1 0
banka1/trading-service-go/internal/funds/service.go:566.34,569.4 2 0
banka1/trading-service-go/internal/funds/service.go:570.3,570.95 1 0
banka1/trading-service-go/internal/funds/service.go:570.95,572.4 1 0
banka1/trading-service-go/internal/funds/service.go:573.3,574.49 2 0
banka1/trading-service-go/internal/funds/service.go:574.49,576.4 1 0
banka1/trading-service-go/internal/funds/service.go:577.3,577.17 1 0
banka1/trading-service-go/internal/funds/service.go:577.17,580.30 3 0
banka1/trading-service-go/internal/funds/service.go:580.30,582.5 1 0
banka1/trading-service-go/internal/funds/service.go:583.4,585.62 3 0
banka1/trading-service-go/internal/funds/service.go:585.62,587.5 1 0
banka1/trading-service-go/internal/funds/service.go:589.3,590.17 2 0
banka1/trading-service-go/internal/funds/service.go:590.17,592.4 1 0
banka1/trading-service-go/internal/funds/service.go:593.3,594.24 2 0
banka1/trading-service-go/internal/funds/service.go:594.24,596.4 1 0
banka1/trading-service-go/internal/funds/service.go:597.3,597.77 1 0
banka1/trading-service-go/internal/funds/service.go:597.77,599.4 1 0
banka1/trading-service-go/internal/funds/service.go:600.3,600.13 1 0
banka1/trading-service-go/internal/funds/service.go:606.89,607.81 1 0
banka1/trading-service-go/internal/funds/service.go:607.81,609.17 2 0
banka1/trading-service-go/internal/funds/service.go:609.17,610.35 1 0
banka1/trading-service-go/internal/funds/service.go:610.35,613.5 2 0
banka1/trading-service-go/internal/funds/service.go:614.4,614.14 1 0
banka1/trading-service-go/internal/funds/service.go:616.3,616.34 1 0
banka1/trading-service-go/internal/funds/service.go:616.34,619.4 2 0
banka1/trading-service-go/internal/funds/service.go:620.3,621.75 2 0
banka1/trading-service-go/internal/funds/service.go:627.95,630.2 2 0
banka1/trading-service-go/internal/funds/service.go:636.131,639.16 3 0
banka1/trading-service-go/internal/funds/service.go:639.16,641.3 1 0
banka1/trading-service-go/internal/funds/service.go:642.2,643.30 2 0
banka1/trading-service-go/internal/funds/service.go:643.30,645.3 1 0
banka1/trading-service-go/internal/funds/service.go:646.2,646.56 1 0
banka1/trading-service-go/internal/funds/service.go:646.56,648.3 1 0
banka1/trading-service-go/internal/funds/service.go:649.2,650.30 2 0
banka1/trading-service-go/internal/funds/service.go:650.30,652.3 1 0
banka1/trading-service-go/internal/funds/service.go:653.2,654.36 2 0
banka1/trading-service-go/internal/funds/service.go:657.92,659.72 1 0
banka1/trading-service-go/internal/funds/service.go:659.72,662.3 1 0
banka1/trading-service-go/internal/funds/service.go:663.2,663.12 1 0
banka1/trading-service-go/internal/funds/service.go:666.102,668.30 2 0
banka1/trading-service-go/internal/funds/service.go:668.30,670.3 1 0
banka1/trading-service-go/internal/funds/service.go:671.2,671.12 1 0
banka1/trading-service-go/internal/funds/service.go:674.90,679.17 5 0
banka1/trading-service-go/internal/funds/service.go:679.17,683.3 3 0
banka1/trading-service-go/internal/funds/service.go:684.2,686.30 3 0
banka1/trading-service-go/internal/funds/service.go:686.30,688.3 1 0
banka1/trading-service-go/internal/funds/service.go:689.2,690.56 2 0
banka1/trading-service-go/internal/funds/service.go:690.56,693.3 2 0
banka1/trading-service-go/internal/funds/service.go:693.8,695.31 2 0
banka1/trading-service-go/internal/funds/service.go:695.31,697.4 1 0
banka1/trading-service-go/internal/funds/service.go:698.3,699.40 2 0
banka1/trading-service-go/internal/funds/service.go:701.2,715.3 2 0
banka1/trading-service-go/internal/funds/service.go:718.77,723.30 5 0
banka1/trading-service-go/internal/funds/service.go:723.30,725.3 1 0
banka1/trading-service-go/internal/funds/service.go:726.2,728.25 3 0
banka1/trading-service-go/internal/funds/service.go:728.25,729.88 1 0
banka1/trading-service-go/internal/funds/service.go:729.88,732.4 2 0
banka1/trading-service-go/internal/funds/service.go:734.2,735.30 2 0
banka1/trading-service-go/internal/funds/service.go:735.30,736.105 1 0
banka1/trading-service-go/internal/funds/service.go:736.105,737.57 1 0
banka1/trading-service-go/internal/funds/service.go:737.57,746.5 1 0
banka1/trading-service-go/internal/funds/service.go:749.2,769.3 2 0
banka1/trading-service-go/internal/funds/service.go:772.53,772.66 1 0
banka1/trading-service-go/internal/funds/snapshot.go:28.106,30.2 1 0
banka1/trading-service-go/internal/funds/snapshot.go:36.112,38.16 2 0
banka1/trading-service-go/internal/funds/snapshot.go:38.16,40.3 1 0
banka1/trading-service-go/internal/funds/snapshot.go:41.2,52.62 6 0
banka1/trading-service-go/internal/funds/snapshot.go:52.62,54.3 1 0
banka1/trading-service-go/internal/funds/snapshot.go:55.2,55.18 1 0
banka1/trading-service-go/internal/funds/snapshot.go:61.77,62.67 1 0
banka1/trading-service-go/internal/funds/snapshot.go:62.67,64.3 1 0
banka1/trading-service-go/internal/funds/snapshot.go:68.99,70.2 1 0
banka1/trading-service-go/internal/funds/snapshot.go:74.108,76.16 2 0
banka1/trading-service-go/internal/funds/snapshot.go:76.16,78.3 1 0
banka1/trading-service-go/internal/funds/snapshot.go:79.2,79.19 1 0
banka1/trading-service-go/internal/funds/snapshot.go:79.19,81.3 1 0
banka1/trading-service-go/internal/funds/snapshot.go:83.2,84.27 2 0
banka1/trading-service-go/internal/funds/snapshot.go:84.27,87.3 2 0
banka1/trading-service-go/internal/funds/snapshot.go:88.2,89.35 2 0
banka1/trading-service-go/internal/funds/snapshot.go:89.35,91.3 1 0
banka1/trading-service-go/internal/funds/snapshot.go:92.2,92.38 1 0
banka1/trading-service-go/internal/funds/snapshot.go:92.38,94.3 1 0
banka1/trading-service-go/internal/funds/snapshot.go:95.2,95.17 1 0
banka1/trading-service-go/internal/funds/snapshot.go:102.119,104.16 2 0
banka1/trading-service-go/internal/funds/snapshot.go:104.16,106.3 1 0
banka1/trading-service-go/internal/funds/snapshot.go:107.2,107.20 1 0
banka1/trading-service-go/internal/funds/snapshot.go:107.20,109.3 1 0
banka1/trading-service-go/internal/funds/snapshot.go:110.2,110.36 1 0
banka1/trading-service-go/internal/funds/snapshot.go:110.36,112.3 1 0
banka1/trading-service-go/internal/funds/snapshot.go:114.2,115.16 2 0
banka1/trading-service-go/internal/funds/snapshot.go:115.16,117.3 1 0
banka1/trading-service-go/internal/funds/snapshot.go:118.2,119.26 2 0
banka1/trading-service-go/internal/funds/snapshot.go:119.26,121.17 2 0
banka1/trading-service-go/internal/funds/snapshot.go:121.17,123.4 1 0
banka1/trading-service-go/internal/funds/snapshot.go:124.3,124.20 1 0
banka1/trading-service-go/internal/funds/snapshot.go:127.2,128.28 2 0
banka1/trading-service-go/internal/funds/snapshot.go:128.28,130.3 1 0
banka1/trading-service-go/internal/funds/snapshot.go:131.2,132.29 2 0
banka1/trading-service-go/internal/funds/snapshot.go:132.29,136.29 4 0
banka1/trading-service-go/internal/funds/snapshot.go:136.29,138.18 2 0
banka1/trading-service-go/internal/funds/snapshot.go:138.18,141.5 2 0
banka1/trading-service-go/internal/funds/snapshot.go:143.3,144.16 2 0
banka1/trading-service-go/internal/funds/snapshot.go:144.16,147.4 2 0
banka1/trading-service-go/internal/funds/snapshot.go:148.3,152.5 1 0
banka1/trading-service-go/internal/funds/snapshot.go:154.2,154.17 1 0
banka1/trading-service-go/internal/funds/snapshot.go:160.70,163.16 3 0
banka1/trading-service-go/internal/funds/snapshot.go:163.16,166.3 2 0
banka1/trading-service-go/internal/funds/snapshot.go:167.2,167.26 1 0
banka1/trading-service-go/internal/funds/snapshot.go:167.26,168.55 1 0
banka1/trading-service-go/internal/funds/snapshot.go:168.55,170.12 2 0
banka1/trading-service-go/internal/funds/snapshot.go:173.2,173.106 1 0
banka1/trading-service-go/internal/funds/snapshot.go:179.83,180.25 1 0
banka1/trading-service-go/internal/funds/snapshot.go:180.25,182.3 1 0
banka1/trading-service-go/internal/funds/snapshot.go:183.2,184.22 2 0
banka1/trading-service-go/internal/funds/snapshot.go:184.22,186.3 1 0
banka1/trading-service-go/internal/funds/snapshot.go:187.2,188.33 2 0
banka1/trading-service-go/internal/funds/snapshot.go:188.33,189.39 1 0
banka1/trading-service-go/internal/funds/snapshot.go:189.39,192.4 2 0
banka1/trading-service-go/internal/funds/snapshot.go:194.2,194.12 1 0
banka1/trading-service-go/internal/funds/snapshot.go:208.48,208.72 1 0
banka1/trading-service-go/internal/funds/statistics.go:27.74,29.2 1 0
banka1/trading-service-go/internal/funds/statistics.go:45.83,47.16 2 0
banka1/trading-service-go/internal/funds/statistics.go:47.16,49.3 1 0
banka1/trading-service-go/internal/funds/statistics.go:50.2,50.31 1 0
banka1/trading-service-go/internal/funds/statistics.go:54.78,55.38 1 0
banka1/trading-service-go/internal/funds/statistics.go:55.38,57.3 1 0
banka1/trading-service-go/internal/funds/statistics.go:58.2,59.29 2 0
banka1/trading-service-go/internal/funds/statistics.go:59.29,61.3 1 0
banka1/trading-service-go/internal/funds/statistics.go:62.2,65.52 4 0
banka1/trading-service-go/internal/funds/statistics.go:65.52,68.3 2 0
banka1/trading-service-go/internal/funds/statistics.go:69.2,76.3 2 0
banka1/trading-service-go/internal/funds/statistics.go:82.88,83.17 1 0
banka1/trading-service-go/internal/funds/statistics.go:83.17,85.3 1 0
banka1/trading-service-go/internal/funds/statistics.go:86.2,86.21 1 0
banka1/trading-service-go/internal/funds/statistics.go:86.21,88.3 1 0
banka1/trading-service-go/internal/funds/statistics.go:89.2,93.44 4 0
banka1/trading-service-go/internal/funds/statistics.go:93.44,95.16 2 0
banka1/trading-service-go/internal/funds/statistics.go:96.25,97.72 1 0
banka1/trading-service-go/internal/funds/statistics.go:98.21,99.64 1 0
banka1/trading-service-go/internal/funds/statistics.go:100.31,101.84 1 0
banka1/trading-service-go/internal/funds/statistics.go:102.37,103.100 1 0
banka1/trading-service-go/internal/funds/statistics.go:104.26,105.74 1 0
banka1/trading-service-go/internal/funds/statistics.go:106.25,107.72 1 0
banka1/trading-service-go/internal/funds/statistics.go:108.19,110.12 2 0
banka1/trading-service-go/internal/funds/statistics.go:110.12,112.5 1 0
banka1/trading-service-go/internal/funds/statistics.go:113.4,113.16 1 0
banka1/trading-service-go/internal/funds/statistics.go:114.11,115.55 1 0
banka1/trading-service-go/internal/funds/statistics.go:119.2,119.44 1 0
banka1/trading-service-go/internal/funds/statistics.go:119.44,121.46 1 0
banka1/trading-service-go/internal/funds/statistics.go:121.46,123.4 1 0
banka1/trading-service-go/internal/funds/statistics.go:124.3,124.64 1 0
banka1/trading-service-go/internal/funds/statistics.go:126.2,126.12 1 0
banka1/trading-service-go/internal/funds/statistics.go:144.56,145.15 1 0
banka1/trading-service-go/internal/funds/statistics.go:146.24,147.47 1 0
banka1/trading-service-go/internal/funds/statistics.go:148.20,149.39 1 0
banka1/trading-service-go/internal/funds/statistics.go:150.30,151.59 1 0
banka1/trading-service-go/internal/funds/statistics.go:152.36,153.75 1 0
banka1/trading-service-go/internal/funds/statistics.go:154.25,155.49 1 0
banka1/trading-service-go/internal/funds/statistics.go:156.24,157.47 1 0
banka1/trading-service-go/internal/funds/statistics.go:158.10,159.15 1 0
banka1/trading-service-go/internal/funds/statistics.go:163.44,164.26 1 0
banka1/trading-service-go/internal/funds/statistics.go:164.26,166.3 1 0
banka1/trading-service-go/internal/funds/statistics.go:167.2,167.26 1 0
banka1/trading-service-go/internal/funds/statistics.go:167.26,169.3 1 0
banka1/trading-service-go/internal/funds/statistics.go:170.2,170.23 1 0
banka1/trading-service-go/internal/funds/statistics.go:175.68,176.26 1 0
banka1/trading-service-go/internal/funds/statistics.go:176.26,178.3 1 0
banka1/trading-service-go/internal/funds/statistics.go:179.2,179.14 1 0
banka1/trading-service-go/internal/funds/statistics.go:179.14,181.3 1 0
banka1/trading-service-go/internal/funds/statistics.go:182.2,182.14 1 0
banka1/trading-service-go/internal/funds/statistics.go:182.14,184.3 1 0
banka1/trading-service-go/internal/funds/statistics.go:185.2,186.10 2 0
banka1/trading-service-go/internal/funds/statistics.go:186.10,188.3 1 0
banka1/trading-service-go/internal/funds/statistics.go:189.2,189.10 1 0
banka1/trading-service-go/internal/funds/statistics.go:192.46,194.2 1 0
banka1/trading-service-go/internal/funds/statistics.go:199.75,202.23 3 0
banka1/trading-service-go/internal/funds/statistics.go:202.23,204.3 1 0
banka1/trading-service-go/internal/funds/statistics.go:205.2,207.16 3 0
banka1/trading-service-go/internal/funds/statistics.go:207.16,209.3 1 0
banka1/trading-service-go/internal/funds/statistics.go:210.2,212.13 3 0
banka1/trading-service-go/internal/funds/statistics.go:218.69,220.23 2 0
banka1/trading-service-go/internal/funds/statistics.go:220.23,222.3 1 0
banka1/trading-service-go/internal/funds/statistics.go:223.2,224.28 2 0
banka1/trading-service-go/internal/funds/statistics.go:224.28,227.3 2 0
banka1/trading-service-go/internal/funds/statistics.go:228.2,230.28 3 0
banka1/trading-service-go/internal/funds/statistics.go:230.28,233.3 2 0
banka1/trading-service-go/internal/funds/statistics.go:234.2,237.13 4 0
banka1/trading-service-go/internal/funds/statistics.go:243.70,246.27 3 0
banka1/trading-service-go/internal/funds/statistics.go:246.27,247.22 1 0
banka1/trading-service-go/internal/funds/statistics.go:247.22,249.4 1 0
banka1/trading-service-go/internal/funds/statistics.go:250.3,250.22 1 0
banka1/trading-service-go/internal/funds/statistics.go:250.22,252.37 2 0
banka1/trading-service-go/internal/funds/statistics.go:252.37,254.5 1 0
banka1/trading-service-go/internal/funds/statistics.go:257.2,257.21 1 0
banka1/trading-service-go/internal/funds/statistics.go:262.65,264.35 2 0
banka1/trading-service-go/internal/funds/statistics.go:264.35,267.23 3 0
banka1/trading-service-go/internal/funds/statistics.go:267.23,268.12 1 0
banka1/trading-service-go/internal/funds/statistics.go:270.3,270.54 1 0
banka1/trading-service-go/internal/funds/statistics.go:272.2,272.12 1 0
banka1/trading-service-go/internal/funds/statistics.go:277.54,278.14 1 0
banka1/trading-service-go/internal/funds/statistics.go:278.14,280.3 1 0
banka1/trading-service-go/internal/funds/statistics.go:281.2,282.11 2 0
banka1/trading-service-go/internal/funds/types.go:232.58,234.39 2 0
banka1/trading-service-go/internal/funds/types.go:234.39,236.3 1 0
banka1/trading-service-go/internal/funds/types.go:237.2,237.66 1 0
banka1/trading-service-go/internal/funds/types.go:237.66,239.17 2 0
banka1/trading-service-go/internal/funds/types.go:239.17,241.4 1 0
banka1/trading-service-go/internal/funds/types.go:242.3,243.17 2 0
banka1/trading-service-go/internal/funds/types.go:243.17,245.4 1 0
banka1/trading-service-go/internal/funds/types.go:246.3,247.13 2 0
banka1/trading-service-go/internal/funds/types.go:249.2,250.16 2 0
banka1/trading-service-go/internal/funds/types.go:250.16,252.3 1 0
banka1/trading-service-go/internal/funds/types.go:253.2,254.12 2 0
banka1/trading-service-go/internal/funds/types.go:257.38,259.2 1 0
