mode: atomic
github.com/raf-si-2025/banka-1-go/shared/log/slog.go:18.38,20.16 2 3
github.com/raf-si-2025/banka-1-go/shared/log/slog.go:20.16,22.3 1 1
github.com/raf-si-2025/banka-1-go/shared/log/slog.go:23.2,25.14 3 3
github.com/raf-si-2025/banka-1-go/shared/log/slog.go:25.14,27.3 1 2
github.com/raf-si-2025/banka-1-go/shared/log/slog.go:27.8,29.3 1 1
github.com/raf-si-2025/banka-1-go/shared/log/slog.go:30.2,30.20 1 3
github.com/raf-si-2025/banka-1-go/shared/auth/apikey.go:30.65,32.2 1 3
github.com/raf-si-2025/banka-1-go/shared/auth/apikey.go:35.55,38.2 2 3
github.com/raf-si-2025/banka-1-go/shared/auth/apikey.go:46.73,47.46 1 4
github.com/raf-si-2025/banka-1-go/shared/auth/apikey.go:47.46,48.72 1 4
github.com/raf-si-2025/banka-1-go/shared/auth/apikey.go:48.72,50.21 2 4
github.com/raf-si-2025/banka-1-go/shared/auth/apikey.go:50.21,53.5 2 1
github.com/raf-si-2025/banka-1-go/shared/auth/apikey.go:54.4,54.39 1 3
github.com/raf-si-2025/banka-1-go/shared/auth/apikey.go:54.39,56.25 2 4
github.com/raf-si-2025/banka-1-go/shared/auth/apikey.go:56.25,57.14 1 0
github.com/raf-si-2025/banka-1-go/shared/auth/apikey.go:59.5,59.53 1 4
github.com/raf-si-2025/banka-1-go/shared/auth/apikey.go:59.53,62.6 2 2
github.com/raf-si-2025/banka-1-go/shared/auth/apikey.go:64.4,64.42 1 1
github.com/raf-si-2025/banka-1-go/shared/auth/jwt.go:22.58,23.46 1 8
github.com/raf-si-2025/banka-1-go/shared/auth/jwt.go:23.46,26.3 2 0
github.com/raf-si-2025/banka-1-go/shared/auth/jwt.go:27.2,27.20 1 8
github.com/raf-si-2025/banka-1-go/shared/auth/jwt.go:27.20,29.52 2 0
github.com/raf-si-2025/banka-1-go/shared/auth/jwt.go:29.52,31.4 1 0
github.com/raf-si-2025/banka-1-go/shared/auth/jwt.go:32.3,33.13 2 0
github.com/raf-si-2025/banka-1-go/shared/auth/jwt.go:35.2,36.54 2 8
github.com/raf-si-2025/banka-1-go/shared/auth/jwt.go:36.54,38.3 1 0
github.com/raf-si-2025/banka-1-go/shared/auth/jwt.go:39.2,39.18 1 8
github.com/raf-si-2025/banka-1-go/shared/auth/jwt.go:39.18,42.3 2 0
github.com/raf-si-2025/banka-1-go/shared/auth/jwt.go:43.2,44.12 2 8
github.com/raf-si-2025/banka-1-go/shared/auth/jwt.go:49.54,50.17 1 9
github.com/raf-si-2025/banka-1-go/shared/auth/jwt.go:50.17,52.3 1 9
github.com/raf-si-2025/banka-1-go/shared/auth/jwt.go:53.2,53.34 1 0
github.com/raf-si-2025/banka-1-go/shared/auth/jwt.go:68.64,70.2 1 4
github.com/raf-si-2025/banka-1-go/shared/auth/jwt.go:73.53,76.2 2 4
github.com/raf-si-2025/banka-1-go/shared/auth/jwt.go:80.61,81.93 1 8
github.com/raf-si-2025/banka-1-go/shared/auth/jwt.go:81.93,82.54 1 7
github.com/raf-si-2025/banka-1-go/shared/auth/jwt.go:82.54,84.4 1 0
github.com/raf-si-2025/banka-1-go/shared/auth/jwt.go:85.3,85.29 1 7
github.com/raf-si-2025/banka-1-go/shared/auth/jwt.go:87.2,87.16 1 8
github.com/raf-si-2025/banka-1-go/shared/auth/jwt.go:87.16,89.3 1 3
github.com/raf-si-2025/banka-1-go/shared/auth/jwt.go:90.2,91.26 2 5
github.com/raf-si-2025/banka-1-go/shared/auth/jwt.go:91.26,93.3 1 0
github.com/raf-si-2025/banka-1-go/shared/auth/jwt.go:94.2,94.15 1 5
github.com/raf-si-2025/banka-1-go/shared/auth/jwt.go:99.64,100.46 1 6
github.com/raf-si-2025/banka-1-go/shared/auth/jwt.go:100.46,101.72 1 6
github.com/raf-si-2025/banka-1-go/shared/auth/jwt.go:101.72,103.44 2 10
github.com/raf-si-2025/banka-1-go/shared/auth/jwt.go:103.44,106.5 2 4
github.com/raf-si-2025/banka-1-go/shared/auth/jwt.go:107.4,108.17 2 6
github.com/raf-si-2025/banka-1-go/shared/auth/jwt.go:108.17,111.5 2 1
github.com/raf-si-2025/banka-1-go/shared/auth/jwt.go:112.4,113.18 2 5
github.com/raf-si-2025/banka-1-go/shared/auth/jwt.go:113.18,116.5 2 1
github.com/raf-si-2025/banka-1-go/shared/auth/jwt.go:117.4,117.68 1 4
github.com/raf-si-2025/banka-1-go/shared/auth/jwt.go:129.76,130.46 1 3
github.com/raf-si-2025/banka-1-go/shared/auth/jwt.go:130.46,131.72 1 3
github.com/raf-si-2025/banka-1-go/shared/auth/jwt.go:131.72,133.11 2 3
github.com/raf-si-2025/banka-1-go/shared/auth/jwt.go:133.11,136.5 2 0
github.com/raf-si-2025/banka-1-go/shared/auth/jwt.go:137.4,138.41 2 3
github.com/raf-si-2025/banka-1-go/shared/auth/jwt.go:138.41,140.5 1 1
github.com/raf-si-2025/banka-1-go/shared/auth/jwt.go:141.4,141.38 1 3
github.com/raf-si-2025/banka-1-go/shared/auth/jwt.go:141.38,143.5 1 3
github.com/raf-si-2025/banka-1-go/shared/auth/jwt.go:144.4,144.33 1 3
github.com/raf-si-2025/banka-1-go/shared/auth/jwt.go:144.33,145.34 1 5
github.com/raf-si-2025/banka-1-go/shared/auth/jwt.go:145.34,148.6 2 2
github.com/raf-si-2025/banka-1-go/shared/auth/jwt.go:150.4,150.39 1 1
github.com/raf-si-2025/banka-1-go/shared/auth/jwt.go:175.104,183.2 1 8
github.com/raf-si-2025/banka-1-go/shared/auth/jwt.go:187.50,192.33 4 9
github.com/raf-si-2025/banka-1-go/shared/auth/jwt.go:192.33,194.3 1 8
github.com/raf-si-2025/banka-1-go/shared/auth/jwt.go:195.2,195.64 1 9
github.com/raf-si-2025/banka-1-go/shared/auth/jwt.go:195.64,197.3 1 1
github.com/raf-si-2025/banka-1-go/shared/auth/jwt.go:198.2,212.16 6 8
github.com/raf-si-2025/banka-1-go/shared/auth/jwt.go:212.16,214.3 1 0
github.com/raf-si-2025/banka-1-go/shared/auth/jwt.go:215.2,216.17 2 8
github.com/raf-si-2025/banka-1-go/shared/config/envconfig.go:10.44,12.2 1 2
github.com/raf-si-2025/banka-1-go/shared/pgxpool/pool.go:25.66,27.16 2 1
github.com/raf-si-2025/banka-1-go/shared/pgxpool/pool.go:27.16,29.3 1 1
github.com/raf-si-2025/banka-1-go/shared/pgxpool/pool.go:30.2,30.22 1 0
github.com/raf-si-2025/banka-1-go/shared/pgxpool/pool.go:30.22,32.3 1 0
github.com/raf-si-2025/banka-1-go/shared/pgxpool/pool.go:33.2,33.22 1 0
github.com/raf-si-2025/banka-1-go/shared/pgxpool/pool.go:33.22,35.3 1 0
github.com/raf-si-2025/banka-1-go/shared/pgxpool/pool.go:36.2,36.29 1 0
github.com/raf-si-2025/banka-1-go/shared/pgxpool/pool.go:36.29,38.3 1 0
github.com/raf-si-2025/banka-1-go/shared/pgxpool/pool.go:39.2,39.29 1 0
github.com/raf-si-2025/banka-1-go/shared/pgxpool/pool.go:39.29,41.3 1 0
github.com/raf-si-2025/banka-1-go/shared/pgxpool/pool.go:42.2,42.41 1 0
github.com/raf-si-2025/banka-1-go/shared/pgxpool/pool.go:46.65,48.2 1 0
